#
# There is insufficient memory for the Java Runtime Environment to continue.
# Native memory allocation (mmap) failed to map 73400320 bytes for G1 virtual space
# Possible reasons:
#   The system is out of physical RAM or swap space
#   The process is running with CompressedOops enabled, and the Java Heap may be blocking the growth of the native heap
# Possible solutions:
#   Reduce memory load on the system
#   Increase physical memory or swap space
#   Check if swap backing store is full
#   Decrease Java heap size (-Xmx/-Xms)
#   Decrease number of Java threads
#   Decrease Java thread stack sizes (-Xss)
#   Set larger code cache with -XX:ReservedCodeCacheSize=
#   JVM is running with Zero Based Compressed Oops mode in which the Java heap is
#     placed in the first 32GB address space. The Java Heap base address is the
#     maximum limit for the native heap growth. Please use -XX:HeapBaseMinAddress
#     to set the Java Heap base and to place the Java Heap above 32GB virtual address.
# This output file may be truncated or incomplete.
#
#  Out of Memory Error (os_windows.cpp:3769), pid=1584, tid=15832
#
# JRE version: OpenJDK Runtime Environment (17.0.6) (build 17.0.6+0-b2043.56-10027231)
# Java VM: OpenJDK 64-Bit Server VM (17.0.6+0-b2043.56-10027231, mixed mode, tiered, compressed oops, compressed class ptrs, g1 gc, windows-amd64)
# No core dump will be written. Minidumps are not enabled by default on client versions of Windows
#

---------------  S U M M A R Y ------------

Command Line: org.jetbrains.kotlin.cli.jvm.K2JVMCompiler @D:\ProgramacionMultimedia\SuperHeroRoom\app\build\20240219_16474748919376300552.compiler.options

Host: AMD Ryzen 7 1800X Eight-Core Processor         , 16 cores, 15G,  Windows 10 , 64 bit Build 19041 (10.0.19041.3636)
Time: Mon Feb 19 16:24:54 2024 Hora estándar romance elapsed time: 8.751790 seconds (0d 0h 0m 8s)

---------------  T H R E A D  ---------------

Current thread (0x00000191e9c4c630):  VMThread "VM Thread" [stack: 0x0000002e8ab00000,0x0000002e8ac00000] [id=15832]

Stack: [0x0000002e8ab00000,0x0000002e8ac00000]
Native frames: (J=compiled Java code, j=interpreted, Vv=VM code, C=native code)
V  [jvm.dll+0x683c9a]
V  [jvm.dll+0x8427a4]
V  [jvm.dll+0x843f9e]
V  [jvm.dll+0x844603]
V  [jvm.dll+0x249b75]
V  [jvm.dll+0x680b69]
V  [jvm.dll+0x67505a]
V  [jvm.dll+0x309acb]
V  [jvm.dll+0x310f86]
V  [jvm.dll+0x3608ee]
V  [jvm.dll+0x360b1f]
V  [jvm.dll+0x2dfbf8]
V  [jvm.dll+0x2ddec4]
V  [jvm.dll+0x2dd4cc]
V  [jvm.dll+0x321f3b]
V  [jvm.dll+0x848ccb]
V  [jvm.dll+0x849a04]
V  [jvm.dll+0x849f1d]
V  [jvm.dll+0x84a2f4]
V  [jvm.dll+0x84a3c0]
V  [jvm.dll+0x7f274a]
V  [jvm.dll+0x682ad5]
C  [ucrtbase.dll+0x21bb2]
C  [KERNEL32.DLL+0x17344]
C  [ntdll.dll+0x526b1]

VM_Operation (0x0000002e8a5fd440): G1CollectForAllocation, mode: safepoint, requested by thread 0x00000191c9d83640


---------------  P R O C E S S  ---------------

Threads class SMR info:
_java_thread_list=0x00000191f3a68610, length=21, elements={
0x00000191c9d83640, 0x00000191e9c4deb0, 0x00000191e9c50d30, 0x00000191e9cb1c70,
0x00000191e9cb2730, 0x00000191e9ca7cb0, 0x00000191e9ca8570, 0x00000191e9ca9250,
0x00000191e9cbee40, 0x00000191e9cc8580, 0x00000191e9e15420, 0x00000191e9e1fd60,
0x00000191e9e30920, 0x00000191e9e90b60, 0x00000191ea092d60, 0x00000191ea241d20,
0x00000191eb2dfef0, 0x00000191ebc4b330, 0x00000191ebc4dbb0, 0x00000191ebc4c770,
0x00000191ef1f62b0
}

Java Threads: ( => current thread )
  0x00000191c9d83640 JavaThread "main" [_thread_blocked, id=13584, stack(0x0000002e8a500000,0x0000002e8a600000)]
  0x00000191e9c4deb0 JavaThread "Reference Handler" daemon [_thread_blocked, id=1696, stack(0x0000002e8ac00000,0x0000002e8ad00000)]
  0x00000191e9c50d30 JavaThread "Finalizer" daemon [_thread_blocked, id=14688, stack(0x0000002e8ad00000,0x0000002e8ae00000)]
  0x00000191e9cb1c70 JavaThread "Signal Dispatcher" daemon [_thread_blocked, id=2496, stack(0x0000002e8ae00000,0x0000002e8af00000)]
  0x00000191e9cb2730 JavaThread "Attach Listener" daemon [_thread_blocked, id=14484, stack(0x0000002e8af00000,0x0000002e8b000000)]
  0x00000191e9ca7cb0 JavaThread "Service Thread" daemon [_thread_blocked, id=10944, stack(0x0000002e8b000000,0x0000002e8b100000)]
  0x00000191e9ca8570 JavaThread "Monitor Deflation Thread" daemon [_thread_blocked, id=5016, stack(0x0000002e8b100000,0x0000002e8b200000)]
  0x00000191e9ca9250 JavaThread "C2 CompilerThread0" daemon [_thread_blocked, id=12360, stack(0x0000002e8b200000,0x0000002e8b300000)]
  0x00000191e9cbee40 JavaThread "C1 CompilerThread0" daemon [_thread_blocked, id=15028, stack(0x0000002e8b300000,0x0000002e8b400000)]
  0x00000191e9cc8580 JavaThread "Sweeper thread" daemon [_thread_blocked, id=14732, stack(0x0000002e8b400000,0x0000002e8b500000)]
  0x00000191e9e15420 JavaThread "C1 CompilerThread1" daemon [_thread_blocked, id=14376, stack(0x0000002e8b500000,0x0000002e8b600000)]
  0x00000191e9e1fd60 JavaThread "Notification Thread" daemon [_thread_blocked, id=12160, stack(0x0000002e8b600000,0x0000002e8b700000)]
  0x00000191e9e30920 JavaThread "Common-Cleaner" daemon [_thread_blocked, id=15972, stack(0x0000002e8b800000,0x0000002e8b900000)]
  0x00000191e9e90b60 JavaThread "C2 CompilerThread1" daemon [_thread_in_native, id=15320, stack(0x0000002e8b900000,0x0000002e8ba00000)]
  0x00000191ea092d60 JavaThread "C1 CompilerThread2" daemon [_thread_blocked, id=12492, stack(0x0000002e8ba00000,0x0000002e8bb00000)]
  0x00000191ea241d20 JavaThread "C1 CompilerThread3" daemon [_thread_blocked, id=14368, stack(0x0000002e8bb00000,0x0000002e8bc00000)]
  0x00000191eb2dfef0 JavaThread "C2 CompilerThread2" daemon [_thread_blocked, id=11196, stack(0x0000002e8c100000,0x0000002e8c200000)]
  0x00000191ebc4b330 JavaThread "C2 CompilerThread3" daemon [_thread_blocked, id=16000, stack(0x0000002e8ca00000,0x0000002e8cb00000)]
  0x00000191ebc4dbb0 JavaThread "C2 CompilerThread4" daemon [_thread_blocked, id=16104, stack(0x0000002e8cb00000,0x0000002e8cc00000)]
  0x00000191ebc4c770 JavaThread "C2 CompilerThread5" daemon [_thread_blocked, id=1612, stack(0x0000002e8cc00000,0x0000002e8cd00000)]
  0x00000191ef1f62b0 JavaThread "C2 CompilerThread6" daemon [_thread_blocked, id=2176, stack(0x0000002e8cd00000,0x0000002e8ce00000)]

Other Threads:
=>0x00000191e9c4c630 VMThread "VM Thread" [stack: 0x0000002e8ab00000,0x0000002e8ac00000] [id=15832]
  0x00000191e9e20230 WatcherThread [stack: 0x0000002e8b700000,0x0000002e8b800000] [id=1644]
  0x00000191c9df07e0 GCTaskThread "GC Thread#0" [stack: 0x0000002e8a600000,0x0000002e8a700000] [id=15680]
  0x00000191ea34c2c0 GCTaskThread "GC Thread#1" [stack: 0x0000002e8bc00000,0x0000002e8bd00000] [id=4444]
  0x00000191ea3616f0 GCTaskThread "GC Thread#2" [stack: 0x0000002e8bd00000,0x0000002e8be00000] [id=7568]
  0x00000191ea3c6190 GCTaskThread "GC Thread#3" [stack: 0x0000002e8be00000,0x0000002e8bf00000] [id=15032]
  0x00000191ea3c7890 GCTaskThread "GC Thread#4" [stack: 0x0000002e8bf00000,0x0000002e8c000000] [id=8292]
  0x00000191ea3c9390 GCTaskThread "GC Thread#5" [stack: 0x0000002e8c000000,0x0000002e8c100000] [id=15168]
  0x00000191ea6154c0 GCTaskThread "GC Thread#6" [stack: 0x0000002e8c200000,0x0000002e8c300000] [id=4588]
  0x00000191ea6141f0 GCTaskThread "GC Thread#7" [stack: 0x0000002e8c300000,0x0000002e8c400000] [id=13404]
  0x00000191ea613f40 GCTaskThread "GC Thread#8" [stack: 0x0000002e8c400000,0x0000002e8c500000] [id=3300]
  0x00000191ea614750 GCTaskThread "GC Thread#9" [stack: 0x0000002e8c700000,0x0000002e8c800000] [id=10416]
  0x00000191ea614a00 GCTaskThread "GC Thread#10" [stack: 0x0000002e8c800000,0x0000002e8c900000] [id=3776]
  0x00000191ea614cb0 GCTaskThread "GC Thread#11" [stack: 0x0000002e8c900000,0x0000002e8ca00000] [id=14076]
  0x00000191ea614f60 GCTaskThread "GC Thread#12" [stack: 0x0000002e8cf00000,0x0000002e8d000000] [id=8660]
  0x00000191c9e01630 ConcurrentGCThread "G1 Main Marker" [stack: 0x0000002e8a700000,0x0000002e8a800000] [id=11484]
  0x00000191c9e027e0 ConcurrentGCThread "G1 Conc#0" [stack: 0x0000002e8a800000,0x0000002e8a900000] [id=16084]
  0x00000191ea615210 ConcurrentGCThread "G1 Conc#1" [stack: 0x0000002e8c500000,0x0000002e8c600000] [id=14744]
  0x00000191ea6144a0 ConcurrentGCThread "G1 Conc#2" [stack: 0x0000002e8c600000,0x0000002e8c700000] [id=8172]
  0x00000191c9e4e770 ConcurrentGCThread "G1 Refine#0" [stack: 0x0000002e8a900000,0x0000002e8aa00000] [id=7040]
  0x00000191ed075b10 ConcurrentGCThread "G1 Refine#1" [stack: 0x0000002e8d000000,0x0000002e8d100000] [id=16128]
  0x00000191ed0763b0 ConcurrentGCThread "G1 Refine#2" [stack: 0x0000002e8d100000,0x0000002e8d200000] [id=5984]
  0x00000191ed53f520 ConcurrentGCThread "G1 Refine#3" [stack: 0x0000002e8ce00000,0x0000002e8cf00000] [id=8440]
  0x00000191e90fe3a0 ConcurrentGCThread "G1 Service" [stack: 0x0000002e8aa00000,0x0000002e8ab00000] [id=8696]

Threads with active compile tasks:
C2 CompilerThread0     8765 14691       4       org.jetbrains.kotlin.backend.jvm.mapping.MethodSignatureMapper::getBuiltinSpecialPropertyGetterName (238 bytes)
C2 CompilerThread1     8765 14449       4       org.jetbrains.kotlin.backend.jvm.mapping.IrTypeMapper::computeClassInternalName (303 bytes)
C1 CompilerThread3     8765 14750       3       org.jetbrains.kotlin.backend.jvm.codegen.AnnotationCodegen::generateTypeAnnotations$backend_jvm_codegen (197 bytes)
C2 CompilerThread2     8765 14646       4       org.jetbrains.kotlin.backend.jvm.mapping.MethodSignatureMapper::mapFunctionName (342 bytes)
C2 CompilerThread3     8765 14739       4       org.jetbrains.kotlin.utils.SmartSet::<init> (5 bytes)
C2 CompilerThread4     8765 14455       4       org.jetbrains.kotlin.backend.jvm.mapping.IrTypeMapper::classInternalName (101 bytes)
C2 CompilerThread5     8765 14458       4       org.jetbrains.kotlin.backend.jvm.mapping.MethodSignatureMapper::mapSignature (587 bytes)
C2 CompilerThread6     8765 14454       4       org.jetbrains.kotlin.types.AbstractTypeMapper::mapClassType (179 bytes)

VM state: at safepoint (normal execution)

VM Mutex/Monitor currently owned by a thread:  ([mutex/lock_event])
[0x00000191c9d7ecf0] Threads_lock - owner thread: 0x00000191e9c4c630
[0x00000191c9d7e6c0] Heap_lock - owner thread: 0x00000191c9d83640

Heap address: 0x0000000700e00000, size: 4082 MB, Compressed Oops mode: Zero based, Oop shift amount: 3

CDS archive(s) not mapped
Compressed class space mapped at: 0x0000000800000000-0x0000000840000000, reserved size: 1073741824
Narrow klass base: 0x0000000800000000, Narrow klass shift: 0, Narrow klass range: 0x40000000

GC Precious Log:
 CPUs: 16 total, 16 available
 Memory: 16320M
 Large Page Support: Disabled
 NUMA Support: Disabled
 Compressed Oops: Enabled (Zero based)
 Heap Region Size: 2M
 Heap Min Capacity: 8M
 Heap Initial Capacity: 256M
 Heap Max Capacity: 4082M
 Pre-touch: Disabled
 Parallel Workers: 13
 Concurrent Workers: 3
 Concurrent Refinement Workers: 13
 Periodic GC: Disabled

Heap:
 garbage-first heap   total 151552K, used 65221K [0x0000000700e00000, 0x0000000800000000)
  region size 2048K, 2 young (4096K), 2 survivors (4096K)
 Metaspace       used 88963K, committed 89280K, reserved 1130496K
  class space    used 9882K, committed 10048K, reserved 1048576K

Heap Regions: E=young(eden), S=young(survivor), O=old, HS=humongous(starts), HC=humongous(continues), CS=collection set, F=free, OA=open archive, CA=closed archive, TAMS=top-at-mark-start (previous, next)
|   0|0x0000000700e00000, 0x0000000701000000, 0x0000000701000000|100%|HS|  |TAMS 0x0000000701000000, 0x0000000700e00000| Complete 
|   1|0x0000000701000000, 0x0000000701200000, 0x0000000701200000|100%|HC|  |TAMS 0x0000000701200000, 0x0000000701000000| Complete 
|   2|0x0000000701200000, 0x0000000701400000, 0x0000000701400000|100%| O|  |TAMS 0x0000000701400000, 0x0000000701200000| Untracked 
|   3|0x0000000701400000, 0x0000000701600000, 0x0000000701600000|100%| O|  |TAMS 0x0000000701600000, 0x0000000701400000| Untracked 
|   4|0x0000000701600000, 0x0000000701800000, 0x0000000701800000|100%| O|  |TAMS 0x0000000701600000, 0x0000000701600000| Untracked 
|   5|0x0000000701800000, 0x0000000701a00000, 0x0000000701a00000|100%| O|  |TAMS 0x0000000701a00000, 0x0000000701800000| Untracked 
|   6|0x0000000701a00000, 0x0000000701c00000, 0x0000000701c00000|100%| O|  |TAMS 0x0000000701c00000, 0x0000000701a00000| Untracked 
|   7|0x0000000701c00000, 0x0000000701e00000, 0x0000000701e00000|100%| O|  |TAMS 0x0000000701e00000, 0x0000000701c00000| Untracked 
|   8|0x0000000701e00000, 0x0000000702000000, 0x0000000702000000|100%|HS|  |TAMS 0x0000000702000000, 0x0000000701e00000| Complete 
|   9|0x0000000702000000, 0x0000000702200000, 0x0000000702200000|100%| O|  |TAMS 0x0000000702200000, 0x0000000702000000| Untracked 
|  10|0x0000000702200000, 0x0000000702400000, 0x0000000702400000|100%| O|  |TAMS 0x0000000702400000, 0x0000000702200000| Untracked 
|  11|0x0000000702400000, 0x0000000702600000, 0x0000000702600000|100%| O|  |TAMS 0x0000000702600000, 0x0000000702400000| Untracked 
|  12|0x0000000702600000, 0x0000000702800000, 0x0000000702800000|100%| O|  |TAMS 0x0000000702800000, 0x0000000702600000| Untracked 
|  13|0x0000000702800000, 0x0000000702a00000, 0x0000000702a00000|100%| O|  |TAMS 0x00000007029b2400, 0x0000000702800000| Untracked 
|  14|0x0000000702a00000, 0x0000000702c00000, 0x0000000702c00000|100%| O|  |TAMS 0x0000000702a00000, 0x0000000702a00000| Untracked 
|  15|0x0000000702c00000, 0x0000000702e00000, 0x0000000702e00000|100%| O|  |TAMS 0x0000000702c00000, 0x0000000702c00000| Untracked 
|  16|0x0000000702e00000, 0x0000000703000000, 0x0000000703000000|100%| O|  |TAMS 0x0000000702e00000, 0x0000000702e00000| Untracked 
|  17|0x0000000703000000, 0x0000000703200000, 0x0000000703200000|100%| O|  |TAMS 0x0000000703000000, 0x0000000703000000| Untracked 
|  18|0x0000000703200000, 0x0000000703400000, 0x0000000703400000|100%| O|  |TAMS 0x0000000703200000, 0x0000000703200000| Untracked 
|  19|0x0000000703400000, 0x0000000703600000, 0x0000000703600000|100%| O|  |TAMS 0x0000000703400000, 0x0000000703400000| Untracked 
|  20|0x0000000703600000, 0x0000000703800000, 0x0000000703800000|100%| O|  |TAMS 0x0000000703600000, 0x0000000703600000| Untracked 
|  21|0x0000000703800000, 0x0000000703a00000, 0x0000000703a00000|100%| O|  |TAMS 0x0000000703800000, 0x0000000703800000| Untracked 
|  22|0x0000000703a00000, 0x0000000703c00000, 0x0000000703c00000|100%| O|  |TAMS 0x0000000703a00000, 0x0000000703a00000| Untracked 
|  23|0x0000000703c00000, 0x0000000703e00000, 0x0000000703e00000|100%| O|  |TAMS 0x0000000703c00000, 0x0000000703c00000| Untracked 
|  24|0x0000000703e00000, 0x0000000704000000, 0x0000000704000000|100%| O|  |TAMS 0x0000000703e00000, 0x0000000703e00000| Untracked 
|  25|0x0000000704000000, 0x0000000704200000, 0x0000000704200000|100%| O|  |TAMS 0x0000000704000000, 0x0000000704000000| Untracked 
|  26|0x0000000704200000, 0x0000000704400000, 0x0000000704400000|100%| O|  |TAMS 0x0000000704200000, 0x0000000704200000| Untracked 
|  27|0x0000000704400000, 0x0000000704600000, 0x0000000704600000|100%| O|  |TAMS 0x0000000704400000, 0x0000000704400000| Untracked 
|  28|0x0000000704600000, 0x0000000704800000, 0x0000000704800000|100%| O|  |TAMS 0x0000000704600000, 0x0000000704600000| Untracked 
|  29|0x0000000704800000, 0x0000000704a00000, 0x0000000704a00000|100%| O|  |TAMS 0x0000000704800000, 0x0000000704800000| Untracked 
|  30|0x0000000704a00000, 0x0000000704a8fa00, 0x0000000704c00000| 28%| O|  |TAMS 0x0000000704a00000, 0x0000000704a00000| Untracked 
|  31|0x0000000704c00000, 0x0000000704c00000, 0x0000000704e00000|  0%| F|  |TAMS 0x0000000704c00000, 0x0000000704c00000| Untracked 
|  32|0x0000000704e00000, 0x0000000704e00000, 0x0000000705000000|  0%| F|  |TAMS 0x0000000704e00000, 0x0000000704e00000| Untracked 
|  33|0x0000000705000000, 0x0000000705000000, 0x0000000705200000|  0%| F|  |TAMS 0x0000000705000000, 0x0000000705000000| Untracked 
|  34|0x0000000705200000, 0x0000000705200000, 0x0000000705400000|  0%| F|  |TAMS 0x0000000705200000, 0x0000000705200000| Untracked 
|  35|0x0000000705400000, 0x0000000705400000, 0x0000000705600000|  0%| F|  |TAMS 0x0000000705400000, 0x0000000705400000| Untracked 
|  36|0x0000000705600000, 0x0000000705600000, 0x0000000705800000|  0%| F|  |TAMS 0x0000000705600000, 0x0000000705600000| Untracked 
|  37|0x0000000705800000, 0x0000000705800000, 0x0000000705a00000|  0%| F|  |TAMS 0x0000000705800000, 0x0000000705800000| Untracked 
|  38|0x0000000705a00000, 0x0000000705a00000, 0x0000000705c00000|  0%| F|  |TAMS 0x0000000705a00000, 0x0000000705a00000| Untracked 
|  39|0x0000000705c00000, 0x0000000705c00000, 0x0000000705e00000|  0%| F|  |TAMS 0x0000000705c00000, 0x0000000705c00000| Untracked 
|  40|0x0000000705e00000, 0x0000000705e00000, 0x0000000706000000|  0%| F|  |TAMS 0x0000000705e00000, 0x0000000705e00000| Untracked 
|  41|0x0000000706000000, 0x0000000706000000, 0x0000000706200000|  0%| F|  |TAMS 0x0000000706000000, 0x0000000706000000| Untracked 
|  42|0x0000000706200000, 0x0000000706200000, 0x0000000706400000|  0%| F|  |TAMS 0x0000000706200000, 0x0000000706200000| Untracked 
|  43|0x0000000706400000, 0x0000000706400000, 0x0000000706600000|  0%| F|  |TAMS 0x0000000706400000, 0x0000000706400000| Untracked 
|  44|0x0000000706600000, 0x0000000706600000, 0x0000000706800000|  0%| F|  |TAMS 0x0000000706600000, 0x0000000706600000| Untracked 
|  45|0x0000000706800000, 0x0000000706800000, 0x0000000706a00000|  0%| F|  |TAMS 0x0000000706800000, 0x0000000706800000| Untracked 
|  46|0x0000000706a00000, 0x0000000706a00000, 0x0000000706c00000|  0%| F|  |TAMS 0x0000000706a00000, 0x0000000706a00000| Untracked 
|  47|0x0000000706c00000, 0x0000000706d21d90, 0x0000000706e00000| 56%| S|CS|TAMS 0x0000000706c00000, 0x0000000706c00000| Complete 
|  48|0x0000000706e00000, 0x0000000707000000, 0x0000000707000000|100%| S|CS|TAMS 0x0000000706e00000, 0x0000000706e00000| Complete 
|  49|0x0000000707000000, 0x0000000707000000, 0x0000000707200000|  0%| F|  |TAMS 0x0000000707000000, 0x0000000707000000| Untracked 
|  50|0x0000000707200000, 0x0000000707200000, 0x0000000707400000|  0%| F|  |TAMS 0x0000000707200000, 0x0000000707200000| Untracked 
|  51|0x0000000707400000, 0x0000000707400000, 0x0000000707600000|  0%| F|  |TAMS 0x0000000707400000, 0x0000000707400000| Untracked 
|  52|0x0000000707600000, 0x0000000707600000, 0x0000000707800000|  0%| F|  |TAMS 0x0000000707600000, 0x0000000707600000| Untracked 
|  53|0x0000000707800000, 0x0000000707800000, 0x0000000707a00000|  0%| F|  |TAMS 0x0000000707800000, 0x0000000707800000| Untracked 
|  54|0x0000000707a00000, 0x0000000707a00000, 0x0000000707c00000|  0%| F|  |TAMS 0x0000000707a00000, 0x0000000707a00000| Untracked 
|  55|0x0000000707c00000, 0x0000000707c00000, 0x0000000707e00000|  0%| F|  |TAMS 0x0000000707c00000, 0x0000000707c00000| Untracked 
|  56|0x0000000707e00000, 0x0000000707e00000, 0x0000000708000000|  0%| F|  |TAMS 0x0000000707e00000, 0x0000000707e00000| Untracked 
|  57|0x0000000708000000, 0x0000000708000000, 0x0000000708200000|  0%| F|  |TAMS 0x0000000708000000, 0x0000000708000000| Untracked 
|  58|0x0000000708200000, 0x0000000708200000, 0x0000000708400000|  0%| F|  |TAMS 0x0000000708200000, 0x0000000708200000| Untracked 
|  59|0x0000000708400000, 0x0000000708400000, 0x0000000708600000|  0%| F|  |TAMS 0x0000000708400000, 0x0000000708400000| Untracked 
|  60|0x0000000708600000, 0x0000000708600000, 0x0000000708800000|  0%| F|  |TAMS 0x0000000708600000, 0x0000000708600000| Untracked 
|  61|0x0000000708800000, 0x0000000708800000, 0x0000000708a00000|  0%| F|  |TAMS 0x0000000708800000, 0x0000000708800000| Untracked 
|  62|0x0000000708a00000, 0x0000000708a00000, 0x0000000708c00000|  0%| F|  |TAMS 0x0000000708a00000, 0x0000000708a00000| Untracked 
|  63|0x0000000708c00000, 0x0000000708c00000, 0x0000000708e00000|  0%| F|  |TAMS 0x0000000708c00000, 0x0000000708c00000| Untracked 
|  64|0x0000000708e00000, 0x0000000708e00000, 0x0000000709000000|  0%| F|  |TAMS 0x0000000708e00000, 0x0000000708e00000| Untracked 
|  65|0x0000000709000000, 0x0000000709000000, 0x0000000709200000|  0%| F|  |TAMS 0x0000000709000000, 0x0000000709000000| Untracked 
|  66|0x0000000709200000, 0x0000000709200000, 0x0000000709400000|  0%| F|  |TAMS 0x0000000709200000, 0x0000000709200000| Untracked 
|  67|0x0000000709400000, 0x0000000709400000, 0x0000000709600000|  0%| F|  |TAMS 0x0000000709400000, 0x0000000709400000| Untracked 
|  68|0x0000000709600000, 0x0000000709600000, 0x0000000709800000|  0%| F|  |TAMS 0x0000000709600000, 0x0000000709600000| Untracked 
|  69|0x0000000709800000, 0x0000000709800000, 0x0000000709a00000|  0%| F|  |TAMS 0x0000000709800000, 0x0000000709800000| Untracked 
| 105|0x000000070e000000, 0x000000070e000000, 0x000000070e200000|  0%| F|  |TAMS 0x000000070e000000, 0x000000070e000000| Untracked 
| 106|0x000000070e200000, 0x000000070e200000, 0x000000070e400000|  0%| F|  |TAMS 0x000000070e200000, 0x000000070e200000| Untracked 
| 107|0x000000070e400000, 0x000000070e400000, 0x000000070e600000|  0%| F|  |TAMS 0x000000070e400000, 0x000000070e400000| Untracked 
| 127|0x0000000710c00000, 0x0000000710c00000, 0x0000000710e00000|  0%| F|  |TAMS 0x0000000710c00000, 0x0000000710c00000| Untracked 

Card table byte_map: [0x00000191dd2f0000,0x00000191ddaf0000] _byte_map_base: 0x00000191d9ae9000

Marking Bits (Prev, Next): (CMBitMap*) 0x00000191c9df0e30, (CMBitMap*) 0x00000191c9df0df0
 Prev Bits: [0x00000191e22c0000, 0x00000191e6288000)
 Next Bits: [0x00000191de2f0000, 0x00000191e22b8000)

Polling page: 0x00000191c7d20000

Metaspace:

Usage:
  Non-class:     77.23 MB used.
      Class:      9.65 MB used.
       Both:     86.88 MB used.

Virtual space:
  Non-class space:       80.00 MB reserved,      77.38 MB ( 97%) committed,  10 nodes.
      Class space:        1.00 GB reserved,       9.81 MB ( <1%) committed,  1 nodes.
             Both:        1.08 GB reserved,      87.19 MB (  8%) committed. 

Chunk freelists:
   Non-Class:  2.50 MB
       Class:  2.23 MB
        Both:  4.73 MB

MaxMetaspaceSize: unlimited
CompressedClassSpaceSize: 1.00 GB
Initial GC threshold: 21.00 MB
Current GC threshold: 99.06 MB
CDS: off
MetaspaceReclaimPolicy: balanced
 - commit_granule_bytes: 65536.
 - commit_granule_words: 8192.
 - virtual_space_node_default_size: 1048576.
 - enlarge_chunks_in_place: 1.
 - new_chunks_are_fully_committed: 0.
 - uncommit_free_chunks: 1.
 - use_allocation_guard: 0.
 - handle_deallocations: 1.


Internal statistics:

num_allocs_failed_limit: 9.
num_arena_births: 340.
num_arena_deaths: 0.
num_vsnodes_births: 11.
num_vsnodes_deaths: 0.
num_space_committed: 1393.
num_space_uncommitted: 0.
num_chunks_returned_to_freelist: 9.
num_chunks_taken_from_freelist: 3153.
num_chunk_merges: 9.
num_chunk_splits: 2656.
num_chunks_enlarged: 2406.
num_purges: 0.
num_inconsistent_stats: 0.

CodeHeap 'non-profiled nmethods': size=119168Kb used=6624Kb max_used=6624Kb free=112543Kb
 bounds [0x00000191d4df0000, 0x00000191d5470000, 0x00000191dc250000]
CodeHeap 'profiled nmethods': size=119104Kb used=38963Kb max_used=38963Kb free=80140Kb
 bounds [0x00000191cd250000, 0x00000191cf860000, 0x00000191d46a0000]
CodeHeap 'non-nmethods': size=7488Kb used=3099Kb max_used=3198Kb free=4388Kb
 bounds [0x00000191d46a0000, 0x00000191d49d0000, 0x00000191d4df0000]
 total_blobs=13328 nmethods=12590 adapters=643
 compilation: enabled
              stopped_count=0, restarted_count=0
 full_count=0

Compilation events (20 events):
Event: 8.734 Thread 0x00000191ea241d20 14748       3       org.jetbrains.kotlin.backend.jvm.codegen.AnnotationCodegen::<init> (54 bytes)
Event: 8.735 Thread 0x00000191e9cbee40 nmethod 14749 0x00000191cf84bb90 code [0x00000191cf84c100, 0x00000191cf84f218]
Event: 8.735 Thread 0x00000191e9cbee40 14753       3       org.jetbrains.org.objectweb.asm.MethodWriter::visitFieldInsn (258 bytes)
Event: 8.735 Thread 0x00000191ea241d20 nmethod 14748 0x00000191cf84ff10 code [0x00000191cf850140, 0x00000191cf850958]
Event: 8.735 Thread 0x00000191ea241d20 14754       3       org.jetbrains.org.objectweb.asm.SymbolTable::addConstantFieldref (10 bytes)
Event: 8.735 Thread 0x00000191ea241d20 nmethod 14754 0x00000191cf850c10 code [0x00000191cf850da0, 0x00000191cf850ee8]
Event: 8.735 Thread 0x00000191ea241d20 14750       3       org.jetbrains.kotlin.backend.jvm.codegen.AnnotationCodegen::generateTypeAnnotations$backend_jvm_codegen (197 bytes)
Event: 8.736 Thread 0x00000191e9e15420 nmethod 14744 0x00000191cf850f90 code [0x00000191cf851720, 0x00000191cf8559e8]
Event: 8.736 Thread 0x00000191e9e15420 14756       3       java.lang.StringLatin1::lastIndexOf (125 bytes)
Event: 8.736 Thread 0x00000191ebc4b330 nmethod 14453 0x00000191d5462090 code [0x00000191d5462420, 0x00000191d5466530]
Event: 8.736 Thread 0x00000191e9e15420 nmethod 14756 0x00000191cf85ce90 code [0x00000191cf85d060, 0x00000191cf85d4f8]
Event: 8.736 Thread 0x00000191e9e15420 14755       1       org.jetbrains.kotlin.ir.declarations.impl.IrFieldImpl::getEndOffset (5 bytes)
Event: 8.736 Thread 0x00000191e9cbee40 nmethod 14753 0x00000191cf85d790 code [0x00000191cf85d9e0, 0x00000191cf85e5e8]
Event: 8.736 Thread 0x00000191e9e15420 nmethod 14755 0x00000191d5467e10 code [0x00000191d5467fa0, 0x00000191d5468078]
Event: 8.736 Thread 0x00000191e9e15420 14757       3       org.jetbrains.kotlin.serialization.DescriptorSerializer::useTypeTable (8 bytes)
Event: 8.736 Thread 0x00000191e9cbee40 14758       3       org.jetbrains.kotlin.codegen.serialization.JvmSerializationBindings::get (28 bytes)
Event: 8.737 Thread 0x00000191ea092d60 nmethod 14747 0x00000191cf856e10 code [0x00000191cf8576a0, 0x00000191cf85ba98]
Event: 8.737 Thread 0x00000191e9e15420 nmethod 14757 0x00000191cf85ea10 code [0x00000191cf85eba0, 0x00000191cf85ecd8]
Event: 8.737 Thread 0x00000191e9cbee40 nmethod 14758 0x00000191cf85ed90 code [0x00000191cf85ef60, 0x00000191cf85f1e8]
Event: 8.737 Thread 0x00000191ebc4b330 14739       4       org.jetbrains.kotlin.utils.SmartSet::<init> (5 bytes)

GC Heap History (20 events):
Event: 1.784 GC heap after
{Heap after GC invocations=7 (full 0):
 garbage-first heap   total 40960K, used 16384K [0x0000000700e00000, 0x0000000800000000)
  region size 2048K, 1 young (2048K), 1 survivors (2048K)
 Metaspace       used 35919K, committed 36096K, reserved 1081344K
  class space    used 4595K, committed 4672K, reserved 1048576K
}
Event: 1.909 GC heap before
{Heap before GC invocations=8 (full 0):
 garbage-first heap   total 40960K, used 26624K [0x0000000700e00000, 0x0000000800000000)
  region size 2048K, 7 young (14336K), 1 survivors (2048K)
 Metaspace       used 38118K, committed 38336K, reserved 1089536K
  class space    used 4834K, committed 4928K, reserved 1048576K
}
Event: 1.913 GC heap after
{Heap after GC invocations=9 (full 0):
 garbage-first heap   total 40960K, used 18163K [0x0000000700e00000, 0x0000000800000000)
  region size 2048K, 1 young (2048K), 1 survivors (2048K)
 Metaspace       used 38118K, committed 38336K, reserved 1089536K
  class space    used 4834K, committed 4928K, reserved 1048576K
}
Event: 1.932 GC heap before
{Heap before GC invocations=9 (full 0):
 garbage-first heap   total 40960K, used 18163K [0x0000000700e00000, 0x0000000800000000)
  region size 2048K, 2 young (4096K), 1 survivors (2048K)
 Metaspace       used 38607K, committed 38784K, reserved 1089536K
  class space    used 4883K, committed 4992K, reserved 1048576K
}
Event: 1.937 GC heap after
{Heap after GC invocations=10 (full 0):
 garbage-first heap   total 151552K, used 18074K [0x0000000700e00000, 0x0000000800000000)
  region size 2048K, 1 young (2048K), 1 survivors (2048K)
 Metaspace       used 38607K, committed 38784K, reserved 1089536K
  class space    used 4883K, committed 4992K, reserved 1048576K
}
Event: 2.975 GC heap before
{Heap before GC invocations=10 (full 0):
 garbage-first heap   total 151552K, used 104090K [0x0000000700e00000, 0x0000000800000000)
  region size 2048K, 42 young (86016K), 1 survivors (2048K)
 Metaspace       used 52848K, committed 53056K, reserved 1097728K
  class space    used 6454K, committed 6528K, reserved 1048576K
}
Event: 2.984 GC heap after
{Heap after GC invocations=11 (full 0):
 garbage-first heap   total 151552K, used 26883K [0x0000000700e00000, 0x0000000800000000)
  region size 2048K, 4 young (8192K), 4 survivors (8192K)
 Metaspace       used 52848K, committed 53056K, reserved 1097728K
  class space    used 6454K, committed 6528K, reserved 1048576K
}
Event: 3.936 GC heap before
{Heap before GC invocations=11 (full 0):
 garbage-first heap   total 151552K, used 100611K [0x0000000700e00000, 0x0000000800000000)
  region size 2048K, 40 young (81920K), 4 survivors (8192K)
 Metaspace       used 58038K, committed 58304K, reserved 1105920K
  class space    used 6943K, committed 7040K, reserved 1048576K
}
Event: 3.955 GC heap after
{Heap after GC invocations=12 (full 0):
 garbage-first heap   total 151552K, used 38601K [0x0000000700e00000, 0x0000000800000000)
  region size 2048K, 5 young (10240K), 5 survivors (10240K)
 Metaspace       used 58038K, committed 58304K, reserved 1105920K
  class space    used 6943K, committed 7040K, reserved 1048576K
}
Event: 4.268 GC heap before
{Heap before GC invocations=12 (full 0):
 garbage-first heap   total 151552K, used 61129K [0x0000000700e00000, 0x0000000800000000)
  region size 2048K, 17 young (34816K), 5 survivors (10240K)
 Metaspace       used 60332K, committed 60608K, reserved 1105920K
  class space    used 7298K, committed 7424K, reserved 1048576K
}
Event: 4.281 GC heap after
{Heap after GC invocations=13 (full 0):
 garbage-first heap   total 151552K, used 41948K [0x0000000700e00000, 0x0000000800000000)
  region size 2048K, 2 young (4096K), 2 survivors (4096K)
 Metaspace       used 60332K, committed 60608K, reserved 1105920K
  class space    used 7298K, committed 7424K, reserved 1048576K
}
Event: 5.874 GC heap before
{Heap before GC invocations=14 (full 0):
 garbage-first heap   total 151552K, used 105436K [0x0000000700e00000, 0x0000000800000000)
  region size 2048K, 33 young (67584K), 2 survivors (4096K)
 Metaspace       used 66091K, committed 66432K, reserved 1114112K
  class space    used 7776K, committed 7936K, reserved 1048576K
}
Event: 5.887 GC heap after
{Heap after GC invocations=15 (full 0):
 garbage-first heap   total 151552K, used 51807K [0x0000000700e00000, 0x0000000800000000)
  region size 2048K, 5 young (10240K), 5 survivors (10240K)
 Metaspace       used 66091K, committed 66432K, reserved 1114112K
  class space    used 7776K, committed 7936K, reserved 1048576K
}
Event: 5.933 GC heap before
{Heap before GC invocations=15 (full 0):
 garbage-first heap   total 151552K, used 53855K [0x0000000700e00000, 0x0000000800000000)
  region size 2048K, 6 young (12288K), 5 survivors (10240K)
 Metaspace       used 66378K, committed 66624K, reserved 1114112K
  class space    used 7804K, committed 7936K, reserved 1048576K
}
Event: 5.946 GC heap after
{Heap after GC invocations=16 (full 0):
 garbage-first heap   total 151552K, used 52610K [0x0000000700e00000, 0x0000000800000000)
  region size 2048K, 1 young (2048K), 1 survivors (2048K)
 Metaspace       used 66378K, committed 66624K, reserved 1114112K
  class space    used 7804K, committed 7936K, reserved 1048576K
}
Event: 6.942 GC heap before
{Heap before GC invocations=16 (full 0):
 garbage-first heap   total 151552K, used 109954K [0x0000000700e00000, 0x0000000800000000)
  region size 2048K, 29 young (59392K), 1 survivors (2048K)
 Metaspace       used 76333K, committed 76608K, reserved 1122304K
  class space    used 8780K, committed 8896K, reserved 1048576K
}
Event: 6.951 GC heap after
{Heap after GC invocations=17 (full 0):
 garbage-first heap   total 151552K, used 56374K [0x0000000700e00000, 0x0000000800000000)
  region size 2048K, 3 young (6144K), 3 survivors (6144K)
 Metaspace       used 76333K, committed 76608K, reserved 1122304K
  class space    used 8780K, committed 8896K, reserved 1048576K
}
Event: 7.686 GC heap before
{Heap before GC invocations=17 (full 0):
 garbage-first heap   total 151552K, used 113718K [0x0000000700e00000, 0x0000000800000000)
  region size 2048K, 31 young (63488K), 3 survivors (6144K)
 Metaspace       used 83097K, committed 83392K, reserved 1130496K
  class space    used 9445K, committed 9600K, reserved 1048576K
}
Event: 7.700 GC heap after
{Heap after GC invocations=18 (full 0):
 garbage-first heap   total 151552K, used 61987K [0x0000000700e00000, 0x0000000800000000)
  region size 2048K, 3 young (6144K), 3 survivors (6144K)
 Metaspace       used 83097K, committed 83392K, reserved 1130496K
  class space    used 9445K, committed 9600K, reserved 1048576K
}
Event: 8.737 GC heap before
{Heap before GC invocations=18 (full 0):
 garbage-first heap   total 151552K, used 111139K [0x0000000700e00000, 0x0000000800000000)
  region size 2048K, 28 young (57344K), 3 survivors (6144K)
 Metaspace       used 88963K, committed 89280K, reserved 1130496K
  class space    used 9882K, committed 10048K, reserved 1048576K
}

Dll operation events (2 events):
Event: 0.005 Loaded shared library D:\android\jbr\bin\java.dll
Event: 1.098 Loaded shared library D:\android\jbr\bin\verify.dll

Deoptimization events (20 events):
Event: 8.489 Thread 0x00000191c9d83640 Uncommon trap: trap_request=0xffffffc6 fr.pc=0x00000191d5411db4 relative=0x0000000000000934
Event: 8.490 Thread 0x00000191c9d83640 Uncommon trap: reason=bimorphic_or_optimized_type_check action=maybe_recompile pc=0x00000191d5411db4 method=org.jetbrains.org.objectweb.asm.tree.analysis.Frame.execute(Lorg/jetbrains/org/objectweb/asm/tree/AbstractInsnNode;Lorg/jetbrains/org/objectweb/asm
Event: 8.490 Thread 0x00000191c9d83640 DEOPT PACKING pc=0x00000191d5411db4 sp=0x0000002e8a5fbe80
Event: 8.490 Thread 0x00000191c9d83640 DEOPT UNPACKING pc=0x00000191d46f69a3 sp=0x0000002e8a5fbe60 mode 2
Event: 8.548 Thread 0x00000191c9d83640 Uncommon trap: trap_request=0xffffff45 fr.pc=0x00000191d5427f1c relative=0x000000000000231c
Event: 8.548 Thread 0x00000191c9d83640 Uncommon trap: reason=unstable_if action=reinterpret pc=0x00000191d5427f1c method=org.jetbrains.org.objectweb.asm.tree.analysis.Frame.execute(Lorg/jetbrains/org/objectweb/asm/tree/AbstractInsnNode;Lorg/jetbrains/org/objectweb/asm/tree/analysis/Interpreter
Event: 8.548 Thread 0x00000191c9d83640 DEOPT PACKING pc=0x00000191d5427f1c sp=0x0000002e8a5fd640
Event: 8.548 Thread 0x00000191c9d83640 DEOPT UNPACKING pc=0x00000191d46f69a3 sp=0x0000002e8a5fd620 mode 2
Event: 8.586 Thread 0x00000191c9d83640 Uncommon trap: trap_request=0xffffff45 fr.pc=0x00000191d4ea67a0 relative=0x00000000000027a0
Event: 8.586 Thread 0x00000191c9d83640 Uncommon trap: reason=unstable_if action=reinterpret pc=0x00000191d4ea67a0 method=org.jetbrains.kotlin.builtins.functions.FunctionTypeKindExtractor.getFunctionalClassKindWithArity(Lorg/jetbrains/kotlin/name/FqName;Ljava/lang/String;)Lorg/jetbrains/kotlin/
Event: 8.586 Thread 0x00000191c9d83640 DEOPT PACKING pc=0x00000191d4ea67a0 sp=0x0000002e8a5fd080
Event: 8.586 Thread 0x00000191c9d83640 DEOPT UNPACKING pc=0x00000191d46f69a3 sp=0x0000002e8a5fced0 mode 2
Event: 8.586 Thread 0x00000191c9d83640 Uncommon trap: trap_request=0xffffff45 fr.pc=0x00000191d53c5864 relative=0x0000000000001884
Event: 8.586 Thread 0x00000191c9d83640 Uncommon trap: reason=unstable_if action=reinterpret pc=0x00000191d53c5864 method=org.jetbrains.kotlin.builtins.functions.FunctionTypeKindExtractor.getFunctionalClassKindWithArity(Lorg/jetbrains/kotlin/name/FqName;Ljava/lang/String;)Lorg/jetbrains/kotlin/
Event: 8.586 Thread 0x00000191c9d83640 DEOPT PACKING pc=0x00000191d53c5864 sp=0x0000002e8a5fcfd0
Event: 8.586 Thread 0x00000191c9d83640 DEOPT UNPACKING pc=0x00000191d46f69a3 sp=0x0000002e8a5fce88 mode 2
Event: 8.725 Thread 0x00000191c9d83640 Uncommon trap: trap_request=0xffffff45 fr.pc=0x00000191d5459f60 relative=0x0000000000005ac0
Event: 8.725 Thread 0x00000191c9d83640 Uncommon trap: reason=unstable_if action=reinterpret pc=0x00000191d5459f60 method=org.jetbrains.kotlin.resolve.jvm.AsmTypes.valueTypeForPrimitive(Lorg/jetbrains/kotlin/builtins/PrimitiveType;)Lorg/jetbrains/org/objectweb/asm/Type; @ 8 c2
Event: 8.725 Thread 0x00000191c9d83640 DEOPT PACKING pc=0x00000191d5459f60 sp=0x0000002e8a5fc5f0
Event: 8.725 Thread 0x00000191c9d83640 DEOPT UNPACKING pc=0x00000191d46f69a3 sp=0x0000002e8a5fc460 mode 2

Classes unloaded (0 events):
No events

Classes redefined (0 events):
No events

Internal exceptions (20 events):
Event: 4.378 Thread 0x00000191c9d83640 Exception <a 'java/lang/IncompatibleClassChangeError'{0x000000070e2328b8}: Found class java.lang.Object, but interface was expected> (0x000000070e2328b8) 
thrown [s\src\hotspot\share\interpreter\linkResolver.cpp, line 838]
Event: 4.735 Thread 0x00000191c9d83640 Exception <a 'java/lang/NoSuchMethodError'{0x00000007091f0570}: 'java.lang.Object java.lang.invoke.DirectMethodHandle$Holder.invokeInterface(java.lang.Object, java.lang.Object, java.lang.Object)'> (0x00000007091f0570) 
thrown [s\src\hotspot\share\interpreter\linkResolver.cpp, line 771]
Event: 4.735 Thread 0x00000191c9d83640 Exception <a 'java/lang/IncompatibleClassChangeError'{0x00000007091f4430}: Found class java.lang.Object, but interface was expected> (0x00000007091f4430) 
thrown [s\src\hotspot\share\interpreter\linkResolver.cpp, line 838]
Event: 4.748 Thread 0x00000191c9d83640 Exception <a 'java/lang/NoSuchMethodError'{0x0000000708e4e8b8}: 'java.lang.Object java.lang.invoke.DirectMethodHandle$Holder.newInvokeSpecial(java.lang.Object, java.lang.Object, java.lang.Object, java.lang.Object, java.lang.Object, java.lang.Object, java.lang.Object)'> (0x0000000708e4e8b8) 
thrown [s\src\hotspot\share\interpreter\linkResolver.cpp, line 771]
Event: 4.748 Thread 0x00000191c9d83640 Exception <a 'java/lang/NoSuchMethodError'{0x0000000708e541b8}: 'java.lang.Object java.lang.invoke.Invokers$Holder.linkToTargetMethod(java.lang.Object, java.lang.Object, java.lang.Object, java.lang.Object, java.lang.Object, java.lang.Object, java.lang.Object)'> (0x0000000708e541b8) 
thrown [s\src\hotspot\share\interpreter\linkResolver.cpp, line 771]
Event: 4.779 Thread 0x00000191c9d83640 Implicit null exception at 0x00000191d517a9f8 to 0x00000191d5180504
Event: 4.779 Thread 0x00000191c9d83640 Implicit null exception at 0x00000191d5170374 to 0x00000191d5175b4c
Event: 4.985 Thread 0x00000191c9d83640 Exception <a 'java/lang/NoSuchMethodError'{0x0000000708247408}: 'java.lang.Object java.lang.invoke.DirectMethodHandle$Holder.invokeStatic(java.lang.Object, int, java.lang.Object)'> (0x0000000708247408) 
thrown [s\src\hotspot\share\interpreter\linkResolver.cpp, line 771]
Event: 5.051 Thread 0x00000191c9d83640 Implicit null exception at 0x00000191d51634af to 0x00000191d516829c
Event: 6.005 Thread 0x00000191c9d83640 Implicit null exception at 0x00000191d5185cdc to 0x00000191d5186010
Event: 6.008 Thread 0x00000191c9d83640 Implicit null exception at 0x00000191d5010859 to 0x00000191d5010b44
Event: 6.133 Thread 0x00000191c9d83640 Exception <a 'java/lang/NoSuchMethodError'{0x0000000709909ef0}: 'java.lang.Object java.lang.invoke.DirectMethodHandle$Holder.invokeStaticInit(java.lang.Object, java.lang.Object, java.lang.Object, java.lang.Object)'> (0x0000000709909ef0) 
thrown [s\src\hotspot\share\interpreter\linkResolver.cpp, line 771]
Event: 6.286 Thread 0x00000191c9d83640 Implicit null exception at 0x00000191d4e56e58 to 0x00000191d4e56eee
Event: 6.333 Thread 0x00000191c9d83640 Exception <a 'java/lang/NoSuchMethodError'{0x0000000708995d78}: 'java.lang.Object java.lang.invoke.DirectMethodHandle$Holder.newInvokeSpecial(java.lang.Object, java.lang.Object, java.lang.Object, int, int)'> (0x0000000708995d78) 
thrown [s\src\hotspot\share\interpreter\linkResolver.cpp, line 771]
Event: 6.333 Thread 0x00000191c9d83640 Exception <a 'java/lang/NoSuchMethodError'{0x0000000708999bb8}: 'java.lang.Object java.lang.invoke.DirectMethodHandle$Holder.invokeSpecial(java.lang.Object, java.lang.Object, java.lang.Object, java.lang.Object, int, int)'> (0x0000000708999bb8) 
thrown [s\src\hotspot\share\interpreter\linkResolver.cpp, line 771]
Event: 6.373 Thread 0x00000191c9d83640 Implicit null exception at 0x00000191d4e5b219 to 0x00000191d4e5b498
Event: 6.383 Thread 0x00000191c9d83640 Exception <a 'java/lang/NoSuchMethodError'{0x0000000708425430}: 'java.lang.Object java.lang.invoke.DirectMethodHandle$Holder.invokeSpecial(java.lang.Object, java.lang.Object, int, int, java.lang.Object, java.lang.Object, java.lang.Object, java.lang.Object, java.lang.Object)'> (0x0000000708425430) 
thrown [s\src\hotspot\share\interpreter\linkResolver.cpp, line 771]
Event: 6.658 Thread 0x00000191c9d83640 Exception <a 'java/lang/NoSuchMethodError'{0x00000007079eca60}: 'java.lang.Object java.lang.invoke.DirectMethodHandle$Holder.newInvokeSpecial(java.lang.Object, java.lang.Object, int, int, java.lang.Object, java.lang.Object, java.lang.Object)'> (0x00000007079eca60) 
thrown [s\src\hotspot\share\interpreter\linkResolver.cpp, line 771]
Event: 6.659 Thread 0x00000191c9d83640 Exception <a 'java/lang/NoSuchMethodError'{0x00000007079f1060}: 'java.lang.Object java.lang.invoke.DirectMethodHandle$Holder.invokeSpecial(java.lang.Object, java.lang.Object, java.lang.Object, int, int, java.lang.Object, java.lang.Object, java.lang.Object)'> (0x00000007079f1060) 
thrown [s\src\hotspot\share\interpreter\linkResolver.cpp, line 771]
Event: 7.516 Thread 0x00000191c9d83640 Implicit null exception at 0x00000191d5348d35 to 0x00000191d5348f56

VM Operations (20 events):
Event: 7.938 Executing VM operation: HandshakeAllThreads done
Event: 7.940 Executing VM operation: HandshakeAllThreads
Event: 7.940 Executing VM operation: HandshakeAllThreads done
Event: 7.955 Executing VM operation: HandshakeAllThreads
Event: 7.955 Executing VM operation: HandshakeAllThreads done
Event: 7.965 Executing VM operation: HandshakeAllThreads
Event: 7.965 Executing VM operation: HandshakeAllThreads done
Event: 8.002 Executing VM operation: HandshakeAllThreads
Event: 8.002 Executing VM operation: HandshakeAllThreads done
Event: 8.160 Executing VM operation: HandshakeAllThreads
Event: 8.160 Executing VM operation: HandshakeAllThreads done
Event: 8.181 Executing VM operation: ICBufferFull
Event: 8.182 Executing VM operation: ICBufferFull done
Event: 8.298 Executing VM operation: ICBufferFull
Event: 8.298 Executing VM operation: ICBufferFull done
Event: 8.485 Executing VM operation: ICBufferFull
Event: 8.485 Executing VM operation: ICBufferFull done
Event: 8.572 Executing VM operation: ICBufferFull
Event: 8.572 Executing VM operation: ICBufferFull done
Event: 8.737 Executing VM operation: G1CollectForAllocation

Events (20 events):
Event: 8.024 Thread 0x00000191e9cc8580 flushing nmethod 0x00000191cf118b10
Event: 8.024 Thread 0x00000191e9cc8580 flushing nmethod 0x00000191cf11e290
Event: 8.024 Thread 0x00000191e9cc8580 flushing nmethod 0x00000191cf12c010
Event: 8.024 Thread 0x00000191e9cc8580 flushing nmethod 0x00000191cf13da90
Event: 8.024 Thread 0x00000191e9cc8580 flushing nmethod 0x00000191cf17c190
Event: 8.024 Thread 0x00000191e9cc8580 flushing nmethod 0x00000191cf1c7c90
Event: 8.024 Thread 0x00000191e9cc8580 flushing nmethod 0x00000191cf1e1590
Event: 8.024 Thread 0x00000191e9cc8580 flushing nmethod 0x00000191cf222610
Event: 8.024 Thread 0x00000191e9cc8580 flushing nmethod 0x00000191cf294890
Event: 8.024 Thread 0x00000191e9cc8580 flushing nmethod 0x00000191cf29dd90
Event: 8.024 Thread 0x00000191e9cc8580 flushing nmethod 0x00000191cf2a1690
Event: 8.025 Thread 0x00000191e9cc8580 flushing nmethod 0x00000191cf2d6290
Event: 8.025 Thread 0x00000191e9cc8580 flushing nmethod 0x00000191cf2d6a10
Event: 8.025 Thread 0x00000191e9cc8580 flushing nmethod 0x00000191cf3d2110
Event: 8.025 Thread 0x00000191e9cc8580 flushing nmethod 0x00000191cf436510
Event: 8.026 Thread 0x00000191e9cc8580 flushing nmethod 0x00000191cf545c90
Event: 8.113 loading class java/util/Vector$Itr
Event: 8.113 loading class java/util/Vector$Itr done
Event: 8.607 loading class java/util/regex/Pattern$Dollar
Event: 8.607 loading class java/util/regex/Pattern$Dollar done


Dynamic libraries:
0x00007ff7d35a0000 - 0x00007ff7d35aa000 	D:\android\jbr\bin\java.exe
0x00007ff8a4670000 - 0x00007ff8a4868000 	C:\windows\SYSTEM32\ntdll.dll
0x00007ff8a3c00000 - 0x00007ff8a3cbd000 	C:\windows\System32\KERNEL32.DLL
0x00007ff8a2010000 - 0x00007ff8a2306000 	C:\windows\System32\KERNELBASE.dll
0x00007ff8a25c0000 - 0x00007ff8a26c0000 	C:\windows\System32\ucrtbase.dll
0x00007ff8780e0000 - 0x00007ff8780f7000 	D:\android\jbr\bin\jli.dll
0x00007ff887900000 - 0x00007ff88791b000 	D:\android\jbr\bin\VCRUNTIME140.dll
0x00007ff8a31d0000 - 0x00007ff8a336e000 	C:\windows\System32\USER32.dll
0x00007ff88afa0000 - 0x00007ff88b23a000 	C:\windows\WinSxS\amd64_microsoft.windows.common-controls_6595b64144ccf1df_6.0.19041.3636_none_60b6a03d71f818d5\COMCTL32.dll
0x00007ff8a2590000 - 0x00007ff8a25b2000 	C:\windows\System32\win32u.dll
0x00007ff8a3cc0000 - 0x00007ff8a3cec000 	C:\windows\System32\GDI32.dll
0x00007ff8a4300000 - 0x00007ff8a439e000 	C:\windows\System32\msvcrt.dll
0x00007ff8a2470000 - 0x00007ff8a258a000 	C:\windows\System32\gdi32full.dll
0x00007ff8a2360000 - 0x00007ff8a23fd000 	C:\windows\System32\msvcp_win.dll
0x00007ff8a3130000 - 0x00007ff8a3160000 	C:\windows\System32\IMM32.DLL
0x00007ff88bd20000 - 0x00007ff88bd2c000 	D:\android\jbr\bin\vcruntime140_1.dll
0x00007ff881c40000 - 0x00007ff881ccd000 	D:\android\jbr\bin\msvcp140.dll
0x00007ff838be0000 - 0x00007ff83984e000 	D:\android\jbr\bin\server\jvm.dll
0x00007ff8a43a0000 - 0x00007ff8a4453000 	C:\windows\System32\ADVAPI32.dll
0x00007ff8a3cf0000 - 0x00007ff8a3d8f000 	C:\windows\System32\sechost.dll
0x00007ff8a26e0000 - 0x00007ff8a2806000 	C:\windows\System32\RPCRT4.dll
0x00007ff8a1d40000 - 0x00007ff8a1d67000 	C:\windows\System32\bcrypt.dll
0x00007ff8986b0000 - 0x00007ff8986d7000 	C:\windows\SYSTEM32\WINMM.dll
0x00007ff89cbe0000 - 0x00007ff89cbea000 	C:\windows\SYSTEM32\VERSION.dll
0x00007ff891450000 - 0x00007ff891459000 	C:\windows\SYSTEM32\WSOCK32.dll
0x00007ff8a4530000 - 0x00007ff8a459b000 	C:\windows\System32\WS2_32.dll
0x00007ff89fc10000 - 0x00007ff89fc22000 	C:\windows\SYSTEM32\kernel.appcore.dll
0x00007ff89bc80000 - 0x00007ff89bc8a000 	D:\android\jbr\bin\jimage.dll
0x00007ff89b860000 - 0x00007ff89ba44000 	C:\windows\SYSTEM32\DBGHELP.DLL
0x00007ff89bbc0000 - 0x00007ff89bbf4000 	C:\windows\SYSTEM32\dbgcore.DLL
0x00007ff8a1d70000 - 0x00007ff8a1df2000 	C:\windows\System32\bcryptPrimitives.dll
0x00007ff87b7d0000 - 0x00007ff87b7f5000 	D:\android\jbr\bin\java.dll
0x00007ff88b870000 - 0x00007ff88b888000 	D:\android\jbr\bin\zip.dll
0x00007ff8a2810000 - 0x00007ff8a2f55000 	C:\windows\System32\SHELL32.dll
0x00007ff89fe10000 - 0x00007ff8a05ab000 	C:\windows\SYSTEM32\windows.storage.dll
0x00007ff8a3fa0000 - 0x00007ff8a42f4000 	C:\windows\System32\combase.dll
0x00007ff8a1770000 - 0x00007ff8a179d000 	C:\windows\SYSTEM32\Wldp.dll
0x00007ff8a3550000 - 0x00007ff8a35fd000 	C:\windows\System32\SHCORE.dll
0x00007ff8a3170000 - 0x00007ff8a31c5000 	C:\windows\System32\shlwapi.dll
0x00007ff8a1c70000 - 0x00007ff8a1c95000 	C:\windows\SYSTEM32\profapi.dll
0x00007ff8819f0000 - 0x00007ff881a09000 	D:\android\jbr\bin\net.dll
0x00007ff89bef0000 - 0x00007ff89bffa000 	C:\windows\SYSTEM32\WINHTTP.dll
0x00007ff8a1460000 - 0x00007ff8a14ca000 	C:\windows\system32\mswsock.dll
0x00007ff87caa0000 - 0x00007ff87cab6000 	D:\android\jbr\bin\nio.dll
0x00007ff89a8d0000 - 0x00007ff89a8e0000 	D:\android\jbr\bin\verify.dll

dbghelp: loaded successfully - version: 4.0.5 - missing functions: none
symbol engine: initialized successfully - sym options: 0x614 - pdb path: .;D:\android\jbr\bin;C:\windows\SYSTEM32;C:\windows\WinSxS\amd64_microsoft.windows.common-controls_6595b64144ccf1df_6.0.19041.3636_none_60b6a03d71f818d5;D:\android\jbr\bin\server

VM Arguments:
java_command: org.jetbrains.kotlin.cli.jvm.K2JVMCompiler @D:\ProgramacionMultimedia\SuperHeroRoom\app\build\20240219_16474748919376300552.compiler.options
java_class_path (initial): C:\Users\Alumno\.gradle\caches\modules-2\files-2.1\org.jetbrains.kotlin\kotlin-compiler-embeddable\1.9.0\2c8c3a7402becca891f12739b3e9fd2dc2adbd7a\kotlin-compiler-embeddable-1.9.0.jar;C:\Users\Alumno\.gradle\caches\modules-2\files-2.1\org.jetbrains.kotlin\kotlin-stdlib\1.9.0\8ee15ef0c67dc83d874f412d84378d7f0eb50b63\kotlin-stdlib-1.9.0.jar;C:\Users\Alumno\.gradle\caches\modules-2\files-2.1\org.jetbrains.kotlin\kotlin-script-runtime\1.9.0\4b3102cbbb7e1b58d9d1adf89563f00069ffa7d1\kotlin-script-runtime-1.9.0.jar;C:\Users\Alumno\.gradle\caches\modules-2\files-2.1\org.jetbrains.kotlin\kotlin-reflect\1.6.10\1cbe9c92c12a94eea200d23c2bbaedaf3daf5132\kotlin-reflect-1.6.10.jar;C:\Users\Alumno\.gradle\caches\modules-2\files-2.1\org.jetbrains.kotlin\kotlin-daemon-embeddable\1.9.0\186543f5e28cf8d9a0290fecc2cf34301c40a65c\kotlin-daemon-embeddable-1.9.0.jar;C:\Users\Alumno\.gradle\caches\modules-2\files-2.1\org.jetbrains.intellij.deps\trove4j\1.0.20200330\3afb14d5f9ceb459d724e907a21145e8ff394f02\trove4j-1.0.20200330.jar;C:\Users\Alumno\.gradle\caches\modules-2\files-2.1\org.jetbrains.kotlin\kotlin-stdlib-common\1.9.0\cd65c21cfd1eec4d44ef09f9f52b6d9f8a720636\kotlin-stdlib-common-1.9.0.jar;C:\Users\Alumno\.gradle\caches\modules-2\files-2.1\org.jetbrains\annotations\13.0\919f0dfe192fb4e063e7dacadee7f8bb9a2672a9\annotations-13.0.jar
Launcher Type: SUN_STANDARD

[Global flags]
     intx CICompilerCount                          = 12                                        {product} {ergonomic}
     uint ConcGCThreads                            = 3                                         {product} {ergonomic}
     uint G1ConcRefinementThreads                  = 13                                        {product} {ergonomic}
   size_t G1HeapRegionSize                         = 2097152                                   {product} {ergonomic}
    uintx GCDrainStackTargetSize                   = 64                                        {product} {ergonomic}
   size_t InitialHeapSize                          = 268435456                                 {product} {ergonomic}
   size_t MarkStackSize                            = 4194304                                   {product} {ergonomic}
   size_t MaxHeapSize                              = 4280287232                                {product} {ergonomic}
   size_t MaxNewSize                               = 2566914048                                {product} {ergonomic}
   size_t MinHeapDeltaBytes                        = 2097152                                   {product} {ergonomic}
   size_t MinHeapSize                              = 8388608                                   {product} {ergonomic}
    uintx NonNMethodCodeHeapSize                   = 7602480                                {pd product} {ergonomic}
    uintx NonProfiledCodeHeapSize                  = 122027880                              {pd product} {ergonomic}
    uintx ProfiledCodeHeapSize                     = 122027880                              {pd product} {ergonomic}
    uintx ReservedCodeCacheSize                    = 251658240                              {pd product} {ergonomic}
     bool SegmentedCodeCache                       = true                                      {product} {ergonomic}
   size_t SoftMaxHeapSize                          = 4280287232                             {manageable} {ergonomic}
     bool UseCompressedClassPointers               = true                           {product lp64_product} {ergonomic}
     bool UseCompressedOops                        = true                           {product lp64_product} {ergonomic}
     bool UseG1GC                                  = true                                      {product} {ergonomic}
     bool UseLargePagesIndividualAllocation        = false                                  {pd product} {ergonomic}

Logging:
Log output configuration:
 #0: stdout all=warning uptime,level,tags
 #1: stderr all=off uptime,level,tags

Environment Variables:
PATH=C:\Program Files\Common Files\Oracle\Java\javapath;C:\windows\system32;C:\windows;C:\windows\System32\Wbem;C:\windows\System32\WindowsPowerShell\v1.0\;C:\windows\System32\OpenSSH\;C:\Program Files\dotnet\;D:\Git\cmd;C:\Program Files\Microsoft SQL Server\150\Tools\Binn\;C:\Program Files\Microsoft SQL Server\Client SDK\ODBC\170\Tools\Binn\;C:\Program Files (x86)\Microsoft SQL Server\160\Tools\Binn\;C:\Program Files\Microsoft SQL Server\160\Tools\Binn\;C:\Program Files\Microsoft SQL Server\160\DTS\Binn\;C:\Program Files (x86)\Microsoft SQL Server\160\DTS\Binn\;C:\Program Files\Azure Data Studio\bin;C:\Users\Alumno\.cargo\bin;C:\Users\Alumno\AppData\Local\Microsoft\WindowsApps;;C:\Users\Alumno\AppData\Local\Programs\Microsoft VS Code\bin;C:\Users\Alumno\.dotnet\tools;C:\Program Files\Azure Data Studio\bin
USERNAME=Alumno
OS=Windows_NT
PROCESSOR_IDENTIFIER=AMD64 Family 23 Model 1 Stepping 1, AuthenticAMD
TMP=C:\Users\Alumno\AppData\Local\Temp
TEMP=C:\Users\Alumno\AppData\Local\Temp


JNI global refs:
JNI global refs: 25, weak refs: 6

JNI global refs memory usage: 843, weak refs: 841


---------------  S Y S T E M  ---------------

OS:
 Windows 10 , 64 bit Build 19041 (10.0.19041.3636)
OS uptime: 0 days 0:53 hours

CPU: total 16 (initial active 16) (16 cores per cpu, 2 threads per core) family 23 model 1 stepping 1 microcode 0x0, cx8, cmov, fxsr, ht, mmx, 3dnowpref, sse, sse2, sse3, ssse3, sse4a, sse4.1, sse4.2, popcnt, lzcnt, tsc, tscinvbit, avx, avx2, aes, clmul, bmi1, bmi2, adx, sha, fma, vzeroupper, clflush, clflushopt

Memory: 4k page, system-wide physical 16320M (3185M free)
TotalPageFile size 16576M (AvailPageFile size 72M)
current process WorkingSet (physical memory assigned to process): 415M, peak: 421M
current process commit charge ("private bytes"): 465M, peak: 535M

vm_info: OpenJDK 64-Bit Server VM (17.0.6+0-b2043.56-10027231) for windows-amd64 JRE (17.0.6+0-b2043.56-10027231), built on Apr 28 2023 00:43:19 by "androidbuild" with MS VC++ 16.10 / 16.11 (VS2019)

END.
