#
# There is insufficient memory for the Java Runtime Environment to continue.
# Native memory allocation (malloc) failed to allocate 1028032 bytes for Chunk::new
# Possible reasons:
#   The system is out of physical RAM or swap space
#   The process is running with CompressedOops enabled, and the Java Heap may be blocking the growth of the native heap
# Possible solutions:
#   Reduce memory load on the system
#   Increase physical memory or swap space
#   Check if swap backing store is full
#   Decrease Java heap size (-Xmx/-Xms)
#   Decrease number of Java threads
#   Decrease Java thread stack sizes (-Xss)
#   Set larger code cache with -XX:ReservedCodeCacheSize=
#   JVM is running with Unscaled Compressed Oops mode in which the Java heap is
#     placed in the first 4GB address space. The Java Heap base address is the
#     maximum limit for the native heap growth. Please use -XX:HeapBaseMinAddress
#     to set the Java Heap base and to place the Java Heap above 4GB virtual address.
# This output file may be truncated or incomplete.
#
#  Out of Memory Error (arena.cpp:189), pid=9004, tid=6880
#
# JRE version: OpenJDK Runtime Environment (17.0.6) (build 17.0.6+0-b2043.56-10027231)
# Java VM: OpenJDK 64-Bit Server VM (17.0.6+0-b2043.56-10027231, mixed mode, tiered, compressed oops, compressed class ptrs, g1 gc, windows-amd64)
# No core dump will be written. Minidumps are not enabled by default on client versions of Windows
#

---------------  S U M M A R Y ------------

Command Line: --add-opens=java.base/java.util=ALL-UNNAMED --add-opens=java.base/java.lang=ALL-UNNAMED --add-opens=java.base/java.lang.invoke=ALL-UNNAMED --add-opens=java.prefs/java.util.prefs=ALL-UNNAMED --add-opens=java.base/java.nio.charset=ALL-UNNAMED --add-opens=java.base/java.net=ALL-UNNAMED --add-opens=java.base/java.util.concurrent.atomic=ALL-UNNAMED -Xmx2048m -Dfile.encoding=UTF-8 -Duser.country=ES -Duser.language=es -Duser.variant org.gradle.launcher.daemon.bootstrap.GradleDaemon 8.0

Host: AMD Ryzen 7 1800X Eight-Core Processor         , 16 cores, 15G,  Windows 10 , 64 bit Build 19041 (10.0.19041.3636)
Time: Mon Feb 19 16:38:46 2024 Hora estándar romance elapsed time: 8.929351 seconds (0d 0h 0m 8s)

---------------  T H R E A D  ---------------

Current thread (0x000002442988eff0):  JavaThread "C2 CompilerThread0" daemon [_thread_in_native, id=6880, stack(0x0000007c6b100000,0x0000007c6b200000)]


Current CompileTask:
C2:   8929 10482       4       org.gradle.internal.reflect.MethodSet::add (50 bytes)

Stack: [0x0000007c6b100000,0x0000007c6b200000]
Native frames: (J=compiled Java code, j=interpreted, Vv=VM code, C=native code)
V  [jvm.dll+0x683c9a]
V  [jvm.dll+0x8427a4]
V  [jvm.dll+0x843f9e]
V  [jvm.dll+0x844603]
V  [jvm.dll+0x249b75]
V  [jvm.dll+0xabcac]
V  [jvm.dll+0xac27c]
V  [jvm.dll+0x368857]
V  [jvm.dll+0x332f31]
V  [jvm.dll+0x3323da]
V  [jvm.dll+0x21c201]
V  [jvm.dll+0x21b621]
V  [jvm.dll+0x1a4fdd]
V  [jvm.dll+0x22b098]
V  [jvm.dll+0x229159]
V  [jvm.dll+0x7f81ec]
V  [jvm.dll+0x7f274a]
V  [jvm.dll+0x682ad5]
C  [ucrtbase.dll+0x21bb2]
C  [KERNEL32.DLL+0x17344]
C  [ntdll.dll+0x526b1]


---------------  P R O C E S S  ---------------

Threads class SMR info:
_java_thread_list=0x000002442a735700, length=212, elements={
0x000002440e604ac0, 0x0000024429825400, 0x00000244298277a0, 0x000002442987b020,
0x0000024429846ae0, 0x000002442987bdd0, 0x000002442988e400, 0x000002442988eff0,
0x000002442989d630, 0x000002442989ef70, 0x00000244299f5d80, 0x0000024429a1af60,
0x0000024429a1c470, 0x0000024429d9f4c0, 0x0000024429bb84e0, 0x000002442ad9dd40,
0x0000024429e9b2f0, 0x000002442c5d5c40, 0x000002442c398d70, 0x000002442b3768c0,
0x000002442c67b9e0, 0x000002442b2ff590, 0x000002442c982c10, 0x000002442c985e90,
0x000002442c5f3940, 0x000002442cca3210, 0x000002442cca1ed0, 0x000002442cca3bb0,
0x000002442cca4080, 0x000002442cca1530, 0x000002442cca2870, 0x000002442cca36e0,
0x000002442cca4a20, 0x000002442cca1060, 0x000002442cca2d40, 0x000002442cca1a00,
0x000002442cca23a0, 0x000002442d07cf40, 0x000002442d07a8c0, 0x000002442d07f5c0,
0x000002442d07ddb0, 0x000002442d07bc00, 0x000002442d07e750, 0x000002442d07f0f0,
0x000002442d07e280, 0x000002442d07c0d0, 0x000002442d079580, 0x000002442d079a50,
0x000002442d07c5a0, 0x000002442d079f20, 0x000002442d07a3f0, 0x000002442d07ad90,
0x000002442d07b730, 0x000002442d07ca70, 0x000002442fc165b0, 0x000002442fc160e0,
0x000002442fc17420, 0x000002442fc12250, 0x000002442fc16a80, 0x000002442fc13a60,
0x000002442fc178f0, 0x000002442fc12720, 0x000002442fc12bf0, 0x000002442fc14da0,
0x000002442fc16f50, 0x000002442fc130c0, 0x000002442fc17dc0, 0x000002442fc18290,
0x000002442fc13f30, 0x000002442fc15c10, 0x000002442fc10f10, 0x000002442fc148d0,
0x000002442fc10a40, 0x000002442fc13590, 0x000002442fc14400, 0x000002442fc113e0,
0x000002442fc118b0, 0x000002442fc11d80, 0x000002442fc15270, 0x000002442fc15740,
0x000002442fc368e0, 0x000002442fc35a70, 0x000002442fc30d70, 0x000002442fc37c20,
0x000002442fc333f0, 0x000002442fc32580, 0x000002442fc32f20, 0x000002442fc32a50,
0x000002442fc338c0, 0x000002442fc355a0, 0x000002442fc33d90, 0x000002442fc36db0,
0x000002442fc34260, 0x000002442fc34c00, 0x000002442fc34730, 0x000002442fc31240,
0x000002442fc35f40, 0x000002442fc37280, 0x000002442fc31710, 0x000002442fc350d0,
0x000002442fc31be0, 0x000002442fc36410, 0x000002442fc37750, 0x000002442fc303d0,
0x000002442fc308a0, 0x000002442fc320b0, 0x00000244303fea80, 0x00000244303ffdc0,
0x00000244303fbf30, 0x00000244303fb590, 0x0000024430400c30, 0x0000024430400290,
0x00000244303fc400, 0x0000024430400760, 0x00000244303fcda0, 0x00000244303fc8d0,
0x00000244304015d0, 0x00000244303fd270, 0x0000024430401aa0, 0x00000244303fd740,
0x00000244303ff420, 0x00000244303fdc10, 0x0000024430401100, 0x00000244303fa250,
0x00000244303fa720, 0x00000244303fef50, 0x00000244303fe0e0, 0x00000244303fabf0,
0x00000244303fe5b0, 0x00000244303fb0c0, 0x00000244303ff8f0, 0x00000244303fba60,
0x000002442dc2f410, 0x000002442dc2f8e0, 0x000002442dc2b0b0, 0x000002442dc2b580,
0x000002442dc298a0, 0x000002442dc2e0d0, 0x000002442dc2cd90, 0x000002442dc28560,
0x000002442dc28090, 0x000002442dc2e5a0, 0x000002442dc2ea70, 0x000002442dc2ba50,
0x000002442dc2abe0, 0x000002442dc28a30, 0x000002442dc28f00, 0x000002442dc29d70,
0x000002442dc2bf20, 0x000002442dc2ef40, 0x000002442dc2a240, 0x000002442dc293d0,
0x000002442dc2a710, 0x000002442dc2c3f0, 0x000002442dc2c8c0, 0x000002442dc2d260,
0x000002442dc2d730, 0x000002442dc2dc00, 0x0000024430de1640, 0x0000024430de7b50,
0x0000024430de4b30, 0x0000024430de37f0, 0x0000024430de7680, 0x0000024430de3cc0,
0x0000024430de1b10, 0x0000024430de4190, 0x0000024430de5000, 0x0000024430de3320,
0x0000024430de54d0, 0x0000024430de4660, 0x0000024430de59a0, 0x0000024430de24b0,
0x0000024430de71b0, 0x0000024430de2980, 0x0000024430de1fe0, 0x0000024430de2e50,
0x0000024430de5e70, 0x0000024430de89c0, 0x0000024430de6340, 0x0000024430de6810,
0x0000024430de8020, 0x0000024430de6ce0, 0x0000024430de84f0, 0x0000024430de8e90,
0x0000024430864610, 0x00000244308602b0, 0x000002443085e100, 0x0000024430861ac0,
0x000002443085eaa0, 0x00000244308637a0, 0x000002443085d290, 0x0000024430860c50,
0x000002443085e5d0, 0x0000024430862e00, 0x000002443085ef70, 0x000002443085fde0,
0x000002443085f440, 0x000002443085f910, 0x0000024430863c70, 0x0000024430864140,
0x0000024430860780, 0x0000024430864ae0, 0x0000024430861120, 0x00000244308615f0,
0x0000024430861f90, 0x0000024430862460, 0x00000244308632d0, 0x000002442a0e55f0,
0x000002443085d760, 0x0000024429f891c0, 0x0000024429f84990, 0x000002442f1cd2e0
}

Java Threads: ( => current thread )
  0x000002440e604ac0 JavaThread "main" [_thread_blocked, id=14984, stack(0x0000007c6a400000,0x0000007c6a500000)]
  0x0000024429825400 JavaThread "Reference Handler" daemon [_thread_blocked, id=14632, stack(0x0000007c6ab00000,0x0000007c6ac00000)]
  0x00000244298277a0 JavaThread "Finalizer" daemon [_thread_blocked, id=11232, stack(0x0000007c6ac00000,0x0000007c6ad00000)]
  0x000002442987b020 JavaThread "Signal Dispatcher" daemon [_thread_blocked, id=13616, stack(0x0000007c6ad00000,0x0000007c6ae00000)]
  0x0000024429846ae0 JavaThread "Attach Listener" daemon [_thread_blocked, id=12864, stack(0x0000007c6ae00000,0x0000007c6af00000)]
  0x000002442987bdd0 JavaThread "Service Thread" daemon [_thread_blocked, id=15016, stack(0x0000007c6af00000,0x0000007c6b000000)]
  0x000002442988e400 JavaThread "Monitor Deflation Thread" daemon [_thread_blocked, id=15508, stack(0x0000007c6b000000,0x0000007c6b100000)]
=>0x000002442988eff0 JavaThread "C2 CompilerThread0" daemon [_thread_in_native, id=6880, stack(0x0000007c6b100000,0x0000007c6b200000)]
  0x000002442989d630 JavaThread "C1 CompilerThread0" daemon [_thread_blocked, id=9524, stack(0x0000007c6b200000,0x0000007c6b300000)]
  0x000002442989ef70 JavaThread "Sweeper thread" daemon [_thread_blocked, id=1276, stack(0x0000007c6b300000,0x0000007c6b400000)]
  0x00000244299f5d80 JavaThread "C1 CompilerThread1" daemon [_thread_blocked, id=10504, stack(0x0000007c6b400000,0x0000007c6b500000)]
  0x0000024429a1af60 JavaThread "Common-Cleaner" daemon [_thread_blocked, id=13908, stack(0x0000007c6b500000,0x0000007c6b600000)]
  0x0000024429a1c470 JavaThread "Notification Thread" daemon [_thread_blocked, id=7748, stack(0x0000007c6b600000,0x0000007c6b700000)]
  0x0000024429d9f4c0 JavaThread "C2 CompilerThread1" daemon [_thread_in_native, id=5720, stack(0x0000007c6b800000,0x0000007c6b900000)]
  0x0000024429bb84e0 JavaThread "C2 CompilerThread2" daemon [_thread_in_native, id=2636, stack(0x0000007c6b900000,0x0000007c6ba00000)]
  0x000002442ad9dd40 JavaThread "C1 CompilerThread2" daemon [_thread_blocked, id=2956, stack(0x0000007c6bb00000,0x0000007c6bc00000)]
  0x0000024429e9b2f0 JavaThread "C1 CompilerThread3" daemon [_thread_blocked, id=9196, stack(0x0000007c6bc00000,0x0000007c6bd00000)]
  0x000002442c5d5c40 JavaThread "Daemon health stats" [_thread_blocked, id=15028, stack(0x0000007c6c200000,0x0000007c6c300000)]
  0x000002442c398d70 JavaThread "Incoming local TCP Connector on port 50704" [_thread_in_native, id=13548, stack(0x0000007c6c300000,0x0000007c6c400000)]
  0x000002442b3768c0 JavaThread "Daemon periodic checks" [_thread_blocked, id=10604, stack(0x0000007c6c400000,0x0000007c6c500000)]
  0x000002442c67b9e0 JavaThread "Daemon" [_thread_blocked, id=11184, stack(0x0000007c6c500000,0x0000007c6c600000)]
  0x000002442b2ff590 JavaThread "Handler for socket connection from /127.0.0.1:50704 to /127.0.0.1:50705" [_thread_in_native, id=7292, stack(0x0000007c6c600000,0x0000007c6c700000)]
  0x000002442c982c10 JavaThread "Cancel handler" [_thread_blocked, id=6024, stack(0x0000007c6c700000,0x0000007c6c800000)]
  0x000002442c985e90 JavaThread "Daemon worker" [_thread_in_Java, id=7200, stack(0x0000007c6c800000,0x0000007c6c900000)]
  0x000002442c5f3940 JavaThread "Asynchronous log dispatcher for DefaultDaemonConnection: socket connection from /127.0.0.1:50704 to /127.0.0.1:50705" [_thread_blocked, id=4172, stack(0x0000007c6c900000,0x0000007c6ca00000)]
  0x000002442cca3210 JavaThread "Stdin handler" [_thread_blocked, id=13584, stack(0x0000007c6ca00000,0x0000007c6cb00000)]
  0x000002442cca1ed0 JavaThread "Daemon client event forwarder" [_thread_blocked, id=9572, stack(0x0000007c6cb00000,0x0000007c6cc00000)]
  0x000002442cca3bb0 JavaThread "Cache worker for journal cache (C:\Users\Alumno\.gradle\caches\journal-1)" [_thread_blocked, id=6500, stack(0x0000007c6d500000,0x0000007c6d600000)]
  0x000002442cca4080 JavaThread "File lock request listener" [_thread_in_native, id=12720, stack(0x0000007c6d600000,0x0000007c6d700000)]
  0x000002442cca1530 JavaThread "Cache worker for file hash cache (C:\Users\Alumno\.gradle\caches\8.0\fileHashes)" [_thread_blocked, id=15216, stack(0x0000007c6d700000,0x0000007c6d800000)]
  0x000002442cca2870 JavaThread "File watcher server" daemon [_thread_in_native, id=14948, stack(0x0000007c6da00000,0x0000007c6db00000)]
  0x000002442cca36e0 JavaThread "File watcher consumer" daemon [_thread_blocked, id=14280, stack(0x0000007c6db00000,0x0000007c6dc00000)]
  0x000002442cca4a20 JavaThread "Cache worker for checksums cache (D:\ProgramacionMultimedia\SuperHeroRoom\.gradle\8.0\checksums)" [_thread_blocked, id=8480, stack(0x0000007c6dc00000,0x0000007c6dd00000)]
  0x000002442cca1060 JavaThread "Cache worker for cache directory md-rule (C:\Users\Alumno\.gradle\caches\8.0\md-rule)" [_thread_blocked, id=15940, stack(0x0000007c6dd00000,0x0000007c6de00000)]
  0x000002442cca2d40 JavaThread "Cache worker for file content cache (C:\Users\Alumno\.gradle\caches\8.0\fileContent)" [_thread_blocked, id=10444, stack(0x0000007c6de00000,0x0000007c6df00000)]
  0x000002442cca1a00 JavaThread "Cache worker for file hash cache (D:\ProgramacionMultimedia\SuperHeroRoom\.gradle\8.0\fileHashes)" [_thread_blocked, id=12960, stack(0x0000007c6df00000,0x0000007c6e000000)]
  0x000002442cca23a0 JavaThread "Cache worker for cache directory md-supplier (C:\Users\Alumno\.gradle\caches\8.0\md-supplier)" [_thread_blocked, id=7584, stack(0x0000007c6e000000,0x0000007c6e100000)]
  0x000002442d07cf40 JavaThread "Cache worker for execution history cache (C:\Users\Alumno\.gradle\caches\8.0\executionHistory)" [_thread_blocked, id=16212, stack(0x0000007c6ba00000,0x0000007c6bb00000)]
  0x000002442d07a8c0 JavaThread "jar transforms" [_thread_blocked, id=5412, stack(0x0000007c6e100000,0x0000007c6e200000)]
  0x000002442d07f5c0 JavaThread "jar transforms Thread 2" [_thread_blocked, id=3044, stack(0x0000007c6e200000,0x0000007c6e300000)]
  0x000002442d07ddb0 JavaThread "Cache worker for kotlin-dsl (C:\Users\Alumno\.gradle\caches\8.0\kotlin-dsl)" [_thread_blocked, id=14204, stack(0x0000007c6e500000,0x0000007c6e600000)]
  0x000002442d07bc00 JavaThread "jar transforms Thread 3" [_thread_blocked, id=14840, stack(0x0000007c6e600000,0x0000007c6e700000)]
  0x000002442d07e750 JavaThread "jar transforms Thread 4" [_thread_blocked, id=11500, stack(0x0000007c6e700000,0x0000007c6e800000)]
  0x000002442d07f0f0 JavaThread "Cache worker for dependencies-accessors (D:\ProgramacionMultimedia\SuperHeroRoom\.gradle\8.0\dependencies-accessors)" [_thread_blocked, id=5752, stack(0x0000007c6e800000,0x0000007c6e900000)]
  0x000002442d07e280 JavaThread "Cache worker for Build Output Cleanup Cache (D:\ProgramacionMultimedia\SuperHeroRoom\.gradle\buildOutputCleanup)" [_thread_blocked, id=3036, stack(0x0000007c6e900000,0x0000007c6ea00000)]
  0x000002442d07c0d0 JavaThread "jar transforms Thread 5" [_thread_blocked, id=15344, stack(0x0000007c6ea00000,0x0000007c6eb00000)]
  0x000002442d079580 JavaThread "Unconstrained build operations" [_thread_blocked, id=8144, stack(0x0000007c6eb00000,0x0000007c6ec00000)]
  0x000002442d079a50 JavaThread "Unconstrained build operations Thread 2" [_thread_blocked, id=14932, stack(0x0000007c6ec00000,0x0000007c6ed00000)]
  0x000002442d07c5a0 JavaThread "Unconstrained build operations Thread 3" [_thread_blocked, id=15392, stack(0x0000007c6ed00000,0x0000007c6ee00000)]
  0x000002442d079f20 JavaThread "Unconstrained build operations Thread 4" [_thread_blocked, id=12928, stack(0x0000007c6ee00000,0x0000007c6ef00000)]
  0x000002442d07a3f0 JavaThread "Unconstrained build operations Thread 5" [_thread_blocked, id=6272, stack(0x0000007c6ef00000,0x0000007c6f000000)]
  0x000002442d07ad90 JavaThread "Unconstrained build operations Thread 6" [_thread_blocked, id=4416, stack(0x0000007c6f000000,0x0000007c6f100000)]
  0x000002442d07b730 JavaThread "Unconstrained build operations Thread 7" [_thread_blocked, id=15728, stack(0x0000007c6f100000,0x0000007c6f200000)]
  0x000002442d07ca70 JavaThread "Unconstrained build operations Thread 8" [_thread_blocked, id=13620, stack(0x0000007c6f200000,0x0000007c6f300000)]
  0x000002442fc165b0 JavaThread "Unconstrained build operations Thread 9" [_thread_blocked, id=1556, stack(0x0000007c6f300000,0x0000007c6f400000)]
  0x000002442fc160e0 JavaThread "Unconstrained build operations Thread 10" [_thread_blocked, id=14464, stack(0x0000007c6f400000,0x0000007c6f500000)]
  0x000002442fc17420 JavaThread "Unconstrained build operations Thread 11" [_thread_blocked, id=13992, stack(0x0000007c6f500000,0x0000007c6f600000)]
  0x000002442fc12250 JavaThread "Unconstrained build operations Thread 12" [_thread_blocked, id=7012, stack(0x0000007c6f600000,0x0000007c6f700000)]
  0x000002442fc16a80 JavaThread "Unconstrained build operations Thread 13" [_thread_blocked, id=13304, stack(0x0000007c6f700000,0x0000007c6f800000)]
  0x000002442fc13a60 JavaThread "Unconstrained build operations Thread 14" [_thread_blocked, id=9732, stack(0x0000007c6f800000,0x0000007c6f900000)]
  0x000002442fc178f0 JavaThread "Unconstrained build operations Thread 15" [_thread_blocked, id=1444, stack(0x0000007c6f900000,0x0000007c6fa00000)]
  0x000002442fc12720 JavaThread "Unconstrained build operations Thread 16" [_thread_blocked, id=12596, stack(0x0000007c6fa00000,0x0000007c6fb00000)]
  0x000002442fc12bf0 JavaThread "Unconstrained build operations Thread 17" [_thread_blocked, id=15520, stack(0x0000007c6fb00000,0x0000007c6fc00000)]
  0x000002442fc14da0 JavaThread "Unconstrained build operations Thread 18" [_thread_blocked, id=1700, stack(0x0000007c6fc00000,0x0000007c6fd00000)]
  0x000002442fc16f50 JavaThread "Unconstrained build operations Thread 19" [_thread_blocked, id=14804, stack(0x0000007c6fd00000,0x0000007c6fe00000)]
  0x000002442fc130c0 JavaThread "Unconstrained build operations Thread 20" [_thread_blocked, id=5708, stack(0x0000007c6fe00000,0x0000007c6ff00000)]
  0x000002442fc17dc0 JavaThread "Unconstrained build operations Thread 21" [_thread_blocked, id=8648, stack(0x0000007c6ff00000,0x0000007c70000000)]
  0x000002442fc18290 JavaThread "Unconstrained build operations Thread 22" [_thread_blocked, id=2800, stack(0x0000007c70000000,0x0000007c70100000)]
  0x000002442fc13f30 JavaThread "Unconstrained build operations Thread 23" [_thread_blocked, id=4936, stack(0x0000007c70100000,0x0000007c70200000)]
  0x000002442fc15c10 JavaThread "Unconstrained build operations Thread 24" [_thread_blocked, id=15784, stack(0x0000007c70200000,0x0000007c70300000)]
  0x000002442fc10f10 JavaThread "Unconstrained build operations Thread 25" [_thread_blocked, id=13284, stack(0x0000007c70300000,0x0000007c70400000)]
  0x000002442fc148d0 JavaThread "Unconstrained build operations Thread 26" [_thread_blocked, id=14992, stack(0x0000007c70400000,0x0000007c70500000)]
  0x000002442fc10a40 JavaThread "Unconstrained build operations Thread 27" [_thread_blocked, id=15004, stack(0x0000007c70500000,0x0000007c70600000)]
  0x000002442fc13590 JavaThread "Unconstrained build operations Thread 28" [_thread_blocked, id=3792, stack(0x0000007c70600000,0x0000007c70700000)]
  0x000002442fc14400 JavaThread "Unconstrained build operations Thread 29" [_thread_blocked, id=15176, stack(0x0000007c70700000,0x0000007c70800000)]
  0x000002442fc113e0 JavaThread "Unconstrained build operations Thread 30" [_thread_blocked, id=2364, stack(0x0000007c70800000,0x0000007c70900000)]
  0x000002442fc118b0 JavaThread "Unconstrained build operations Thread 31" [_thread_blocked, id=13292, stack(0x0000007c70900000,0x0000007c70a00000)]
  0x000002442fc11d80 JavaThread "Unconstrained build operations Thread 32" [_thread_blocked, id=12668, stack(0x0000007c70a00000,0x0000007c70b00000)]
  0x000002442fc15270 JavaThread "Unconstrained build operations Thread 33" [_thread_blocked, id=9868, stack(0x0000007c70b00000,0x0000007c70c00000)]
  0x000002442fc15740 JavaThread "Unconstrained build operations Thread 34" [_thread_blocked, id=9516, stack(0x0000007c70c00000,0x0000007c70d00000)]
  0x000002442fc368e0 JavaThread "Unconstrained build operations Thread 35" [_thread_blocked, id=5984, stack(0x0000007c70d00000,0x0000007c70e00000)]
  0x000002442fc35a70 JavaThread "Unconstrained build operations Thread 36" [_thread_blocked, id=15032, stack(0x0000007c70e00000,0x0000007c70f00000)]
  0x000002442fc30d70 JavaThread "Unconstrained build operations Thread 37" [_thread_blocked, id=8660, stack(0x0000007c70f00000,0x0000007c71000000)]
  0x000002442fc37c20 JavaThread "Unconstrained build operations Thread 38" [_thread_blocked, id=13416, stack(0x0000007c71000000,0x0000007c71100000)]
  0x000002442fc333f0 JavaThread "Unconstrained build operations Thread 39" [_thread_blocked, id=14076, stack(0x0000007c71100000,0x0000007c71200000)]
  0x000002442fc32580 JavaThread "Unconstrained build operations Thread 40" [_thread_blocked, id=15172, stack(0x0000007c71200000,0x0000007c71300000)]
  0x000002442fc32f20 JavaThread "Unconstrained build operations Thread 41" [_thread_blocked, id=14880, stack(0x0000007c71300000,0x0000007c71400000)]
  0x000002442fc32a50 JavaThread "Unconstrained build operations Thread 42" [_thread_blocked, id=8208, stack(0x0000007c71400000,0x0000007c71500000)]
  0x000002442fc338c0 JavaThread "Unconstrained build operations Thread 43" [_thread_blocked, id=14428, stack(0x0000007c71500000,0x0000007c71600000)]
  0x000002442fc355a0 JavaThread "Unconstrained build operations Thread 44" [_thread_blocked, id=2992, stack(0x0000007c71600000,0x0000007c71700000)]
  0x000002442fc33d90 JavaThread "Unconstrained build operations Thread 45" [_thread_blocked, id=14216, stack(0x0000007c71700000,0x0000007c71800000)]
  0x000002442fc36db0 JavaThread "Unconstrained build operations Thread 46" [_thread_blocked, id=15168, stack(0x0000007c71800000,0x0000007c71900000)]
  0x000002442fc34260 JavaThread "Unconstrained build operations Thread 47" [_thread_blocked, id=12852, stack(0x0000007c71900000,0x0000007c71a00000)]
  0x000002442fc34c00 JavaThread "Unconstrained build operations Thread 48" [_thread_blocked, id=13852, stack(0x0000007c71a00000,0x0000007c71b00000)]
  0x000002442fc34730 JavaThread "Unconstrained build operations Thread 49" [_thread_blocked, id=1612, stack(0x0000007c71b00000,0x0000007c71c00000)]
  0x000002442fc31240 JavaThread "Unconstrained build operations Thread 50" [_thread_blocked, id=2564, stack(0x0000007c71c00000,0x0000007c71d00000)]
  0x000002442fc35f40 JavaThread "Unconstrained build operations Thread 51" [_thread_blocked, id=5904, stack(0x0000007c71d00000,0x0000007c71e00000)]
  0x000002442fc37280 JavaThread "Unconstrained build operations Thread 52" [_thread_blocked, id=12088, stack(0x0000007c71e00000,0x0000007c71f00000)]
  0x000002442fc31710 JavaThread "Unconstrained build operations Thread 53" [_thread_blocked, id=7560, stack(0x0000007c71f00000,0x0000007c72000000)]
  0x000002442fc350d0 JavaThread "Unconstrained build operations Thread 54" [_thread_blocked, id=12984, stack(0x0000007c72000000,0x0000007c72100000)]
  0x000002442fc31be0 JavaThread "Unconstrained build operations Thread 55" [_thread_blocked, id=14340, stack(0x0000007c72100000,0x0000007c72200000)]
  0x000002442fc36410 JavaThread "Unconstrained build operations Thread 56" [_thread_blocked, id=11540, stack(0x0000007c72200000,0x0000007c72300000)]
  0x000002442fc37750 JavaThread "Unconstrained build operations Thread 57" [_thread_blocked, id=15584, stack(0x0000007c72300000,0x0000007c72400000)]
  0x000002442fc303d0 JavaThread "Unconstrained build operations Thread 58" [_thread_blocked, id=16284, stack(0x0000007c72400000,0x0000007c72500000)]
  0x000002442fc308a0 JavaThread "Unconstrained build operations Thread 59" [_thread_blocked, id=13180, stack(0x0000007c72500000,0x0000007c72600000)]
  0x000002442fc320b0 JavaThread "Unconstrained build operations Thread 60" [_thread_blocked, id=14100, stack(0x0000007c72600000,0x0000007c72700000)]
  0x00000244303fea80 JavaThread "Unconstrained build operations Thread 61" [_thread_blocked, id=6076, stack(0x0000007c72700000,0x0000007c72800000)]
  0x00000244303ffdc0 JavaThread "Unconstrained build operations Thread 62" [_thread_blocked, id=7708, stack(0x0000007c72800000,0x0000007c72900000)]
  0x00000244303fbf30 JavaThread "Unconstrained build operations Thread 63" [_thread_blocked, id=14356, stack(0x0000007c72900000,0x0000007c72a00000)]
  0x00000244303fb590 JavaThread "Unconstrained build operations Thread 64" [_thread_blocked, id=14876, stack(0x0000007c72a00000,0x0000007c72b00000)]
  0x0000024430400c30 JavaThread "Unconstrained build operations Thread 65" [_thread_blocked, id=4596, stack(0x0000007c72b00000,0x0000007c72c00000)]
  0x0000024430400290 JavaThread "Unconstrained build operations Thread 66" [_thread_blocked, id=15048, stack(0x0000007c72c00000,0x0000007c72d00000)]
  0x00000244303fc400 JavaThread "Unconstrained build operations Thread 67" [_thread_blocked, id=5684, stack(0x0000007c72d00000,0x0000007c72e00000)]
  0x0000024430400760 JavaThread "Unconstrained build operations Thread 68" [_thread_blocked, id=7640, stack(0x0000007c72e00000,0x0000007c72f00000)]
  0x00000244303fcda0 JavaThread "Unconstrained build operations Thread 69" [_thread_blocked, id=13136, stack(0x0000007c72f00000,0x0000007c73000000)]
  0x00000244303fc8d0 JavaThread "Unconstrained build operations Thread 70" [_thread_blocked, id=13132, stack(0x0000007c73000000,0x0000007c73100000)]
  0x00000244304015d0 JavaThread "Unconstrained build operations Thread 71" [_thread_blocked, id=676, stack(0x0000007c73100000,0x0000007c73200000)]
  0x00000244303fd270 JavaThread "Unconstrained build operations Thread 72" [_thread_blocked, id=288, stack(0x0000007c73200000,0x0000007c73300000)]
  0x0000024430401aa0 JavaThread "Unconstrained build operations Thread 73" [_thread_blocked, id=15044, stack(0x0000007c73300000,0x0000007c73400000)]
  0x00000244303fd740 JavaThread "Unconstrained build operations Thread 74" [_thread_blocked, id=9068, stack(0x0000007c73400000,0x0000007c73500000)]
  0x00000244303ff420 JavaThread "Unconstrained build operations Thread 75" [_thread_blocked, id=12064, stack(0x0000007c73500000,0x0000007c73600000)]
  0x00000244303fdc10 JavaThread "Unconstrained build operations Thread 76" [_thread_blocked, id=13820, stack(0x0000007c73600000,0x0000007c73700000)]
  0x0000024430401100 JavaThread "Unconstrained build operations Thread 77" [_thread_blocked, id=7820, stack(0x0000007c73700000,0x0000007c73800000)]
  0x00000244303fa250 JavaThread "Unconstrained build operations Thread 78" [_thread_blocked, id=16184, stack(0x0000007c73800000,0x0000007c73900000)]
  0x00000244303fa720 JavaThread "Unconstrained build operations Thread 79" [_thread_blocked, id=16120, stack(0x0000007c73900000,0x0000007c73a00000)]
  0x00000244303fef50 JavaThread "Unconstrained build operations Thread 80" [_thread_blocked, id=15300, stack(0x0000007c73a00000,0x0000007c73b00000)]
  0x00000244303fe0e0 JavaThread "Unconstrained build operations Thread 81" [_thread_blocked, id=2624, stack(0x0000007c73b00000,0x0000007c73c00000)]
  0x00000244303fabf0 JavaThread "Unconstrained build operations Thread 82" [_thread_blocked, id=14848, stack(0x0000007c73c00000,0x0000007c73d00000)]
  0x00000244303fe5b0 JavaThread "Unconstrained build operations Thread 83" [_thread_blocked, id=16148, stack(0x0000007c73d00000,0x0000007c73e00000)]
  0x00000244303fb0c0 JavaThread "Unconstrained build operations Thread 84" [_thread_blocked, id=1224, stack(0x0000007c73e00000,0x0000007c73f00000)]
  0x00000244303ff8f0 JavaThread "Unconstrained build operations Thread 85" [_thread_blocked, id=4372, stack(0x0000007c73f00000,0x0000007c74000000)]
  0x00000244303fba60 JavaThread "Unconstrained build operations Thread 86" [_thread_blocked, id=3800, stack(0x0000007c74000000,0x0000007c74100000)]
  0x000002442dc2f410 JavaThread "Unconstrained build operations Thread 87" [_thread_blocked, id=3556, stack(0x0000007c74100000,0x0000007c74200000)]
  0x000002442dc2f8e0 JavaThread "Unconstrained build operations Thread 88" [_thread_blocked, id=6616, stack(0x0000007c74200000,0x0000007c74300000)]
  0x000002442dc2b0b0 JavaThread "Unconstrained build operations Thread 89" [_thread_blocked, id=3348, stack(0x0000007c74300000,0x0000007c74400000)]
  0x000002442dc2b580 JavaThread "Unconstrained build operations Thread 90" [_thread_blocked, id=4192, stack(0x0000007c74400000,0x0000007c74500000)]
  0x000002442dc298a0 JavaThread "Unconstrained build operations Thread 91" [_thread_blocked, id=6168, stack(0x0000007c74500000,0x0000007c74600000)]
  0x000002442dc2e0d0 JavaThread "Unconstrained build operations Thread 92" [_thread_blocked, id=4180, stack(0x0000007c74600000,0x0000007c74700000)]
  0x000002442dc2cd90 JavaThread "Unconstrained build operations Thread 93" [_thread_blocked, id=1308, stack(0x0000007c74700000,0x0000007c74800000)]
  0x000002442dc28560 JavaThread "Unconstrained build operations Thread 94" [_thread_blocked, id=9548, stack(0x0000007c74800000,0x0000007c74900000)]
  0x000002442dc28090 JavaThread "Unconstrained build operations Thread 95" [_thread_blocked, id=2384, stack(0x0000007c74900000,0x0000007c74a00000)]
  0x000002442dc2e5a0 JavaThread "Unconstrained build operations Thread 96" [_thread_blocked, id=10792, stack(0x0000007c74a00000,0x0000007c74b00000)]
  0x000002442dc2ea70 JavaThread "Unconstrained build operations Thread 97" [_thread_blocked, id=3304, stack(0x0000007c74b00000,0x0000007c74c00000)]
  0x000002442dc2ba50 JavaThread "Unconstrained build operations Thread 98" [_thread_blocked, id=3804, stack(0x0000007c74c00000,0x0000007c74d00000)]
  0x000002442dc2abe0 JavaThread "Unconstrained build operations Thread 99" [_thread_blocked, id=5960, stack(0x0000007c74d00000,0x0000007c74e00000)]
  0x000002442dc28a30 JavaThread "Unconstrained build operations Thread 100" [_thread_blocked, id=13540, stack(0x0000007c74e00000,0x0000007c74f00000)]
  0x000002442dc28f00 JavaThread "Unconstrained build operations Thread 101" [_thread_blocked, id=3600, stack(0x0000007c74f00000,0x0000007c75000000)]
  0x000002442dc29d70 JavaThread "Unconstrained build operations Thread 102" [_thread_blocked, id=8184, stack(0x0000007c75000000,0x0000007c75100000)]
  0x000002442dc2bf20 JavaThread "Unconstrained build operations Thread 103" [_thread_blocked, id=10704, stack(0x0000007c75100000,0x0000007c75200000)]
  0x000002442dc2ef40 JavaThread "Unconstrained build operations Thread 104" [_thread_blocked, id=15792, stack(0x0000007c75200000,0x0000007c75300000)]
  0x000002442dc2a240 JavaThread "Unconstrained build operations Thread 105" [_thread_blocked, id=5048, stack(0x0000007c75300000,0x0000007c75400000)]
  0x000002442dc293d0 JavaThread "Unconstrained build operations Thread 106" [_thread_blocked, id=15244, stack(0x0000007c75400000,0x0000007c75500000)]
  0x000002442dc2a710 JavaThread "Unconstrained build operations Thread 107" [_thread_blocked, id=15620, stack(0x0000007c75500000,0x0000007c75600000)]
  0x000002442dc2c3f0 JavaThread "Unconstrained build operations Thread 108" [_thread_blocked, id=856, stack(0x0000007c75600000,0x0000007c75700000)]
  0x000002442dc2c8c0 JavaThread "Unconstrained build operations Thread 109" [_thread_blocked, id=7304, stack(0x0000007c75700000,0x0000007c75800000)]
  0x000002442dc2d260 JavaThread "Unconstrained build operations Thread 110" [_thread_blocked, id=14736, stack(0x0000007c75800000,0x0000007c75900000)]
  0x000002442dc2d730 JavaThread "Unconstrained build operations Thread 111" [_thread_blocked, id=15036, stack(0x0000007c75900000,0x0000007c75a00000)]
  0x000002442dc2dc00 JavaThread "Unconstrained build operations Thread 112" [_thread_blocked, id=15108, stack(0x0000007c75a00000,0x0000007c75b00000)]
  0x0000024430de1640 JavaThread "Unconstrained build operations Thread 113" [_thread_blocked, id=16348, stack(0x0000007c75b00000,0x0000007c75c00000)]
  0x0000024430de7b50 JavaThread "Unconstrained build operations Thread 114" [_thread_blocked, id=15076, stack(0x0000007c75c00000,0x0000007c75d00000)]
  0x0000024430de4b30 JavaThread "Unconstrained build operations Thread 115" [_thread_blocked, id=8348, stack(0x0000007c75d00000,0x0000007c75e00000)]
  0x0000024430de37f0 JavaThread "Unconstrained build operations Thread 116" [_thread_blocked, id=16132, stack(0x0000007c75e00000,0x0000007c75f00000)]
  0x0000024430de7680 JavaThread "Unconstrained build operations Thread 117" [_thread_blocked, id=4648, stack(0x0000007c75f00000,0x0000007c76000000)]
  0x0000024430de3cc0 JavaThread "Unconstrained build operations Thread 118" [_thread_blocked, id=9936, stack(0x0000007c76000000,0x0000007c76100000)]
  0x0000024430de1b10 JavaThread "Unconstrained build operations Thread 119" [_thread_blocked, id=6556, stack(0x0000007c76100000,0x0000007c76200000)]
  0x0000024430de4190 JavaThread "Unconstrained build operations Thread 120" [_thread_blocked, id=10908, stack(0x0000007c76200000,0x0000007c76300000)]
  0x0000024430de5000 JavaThread "Unconstrained build operations Thread 121" [_thread_blocked, id=8368, stack(0x0000007c76300000,0x0000007c76400000)]
  0x0000024430de3320 JavaThread "Unconstrained build operations Thread 122" [_thread_blocked, id=14412, stack(0x0000007c76400000,0x0000007c76500000)]
  0x0000024430de54d0 JavaThread "Unconstrained build operations Thread 123" [_thread_blocked, id=912, stack(0x0000007c76500000,0x0000007c76600000)]
  0x0000024430de4660 JavaThread "Unconstrained build operations Thread 124" [_thread_blocked, id=10460, stack(0x0000007c76600000,0x0000007c76700000)]
  0x0000024430de59a0 JavaThread "Unconstrained build operations Thread 125" [_thread_blocked, id=14592, stack(0x0000007c76700000,0x0000007c76800000)]
  0x0000024430de24b0 JavaThread "Unconstrained build operations Thread 126" [_thread_blocked, id=6968, stack(0x0000007c76800000,0x0000007c76900000)]
  0x0000024430de71b0 JavaThread "Unconstrained build operations Thread 127" [_thread_blocked, id=9816, stack(0x0000007c76900000,0x0000007c76a00000)]
  0x0000024430de2980 JavaThread "Unconstrained build operations Thread 128" [_thread_blocked, id=6280, stack(0x0000007c76a00000,0x0000007c76b00000)]
  0x0000024430de1fe0 JavaThread "Unconstrained build operations Thread 129" [_thread_blocked, id=15496, stack(0x0000007c76b00000,0x0000007c76c00000)]
  0x0000024430de2e50 JavaThread "Unconstrained build operations Thread 130" [_thread_blocked, id=10104, stack(0x0000007c76c00000,0x0000007c76d00000)]
  0x0000024430de5e70 JavaThread "Unconstrained build operations Thread 131" [_thread_blocked, id=13848, stack(0x0000007c76d00000,0x0000007c76e00000)]
  0x0000024430de89c0 JavaThread "Unconstrained build operations Thread 132" [_thread_blocked, id=14392, stack(0x0000007c76e00000,0x0000007c76f00000)]
  0x0000024430de6340 JavaThread "Unconstrained build operations Thread 133" [_thread_blocked, id=4268, stack(0x0000007c76f00000,0x0000007c77000000)]
  0x0000024430de6810 JavaThread "Unconstrained build operations Thread 134" [_thread_blocked, id=14164, stack(0x0000007c77000000,0x0000007c77100000)]
  0x0000024430de8020 JavaThread "Unconstrained build operations Thread 135" [_thread_blocked, id=8424, stack(0x0000007c77100000,0x0000007c77200000)]
  0x0000024430de6ce0 JavaThread "Unconstrained build operations Thread 136" [_thread_blocked, id=14480, stack(0x0000007c77200000,0x0000007c77300000)]
  0x0000024430de84f0 JavaThread "Unconstrained build operations Thread 137" [_thread_blocked, id=16172, stack(0x0000007c77300000,0x0000007c77400000)]
  0x0000024430de8e90 JavaThread "Unconstrained build operations Thread 138" [_thread_blocked, id=11948, stack(0x0000007c77400000,0x0000007c77500000)]
  0x0000024430864610 JavaThread "Unconstrained build operations Thread 139" [_thread_blocked, id=3932, stack(0x0000007c77500000,0x0000007c77600000)]
  0x00000244308602b0 JavaThread "Unconstrained build operations Thread 140" [_thread_blocked, id=6784, stack(0x0000007c77600000,0x0000007c77700000)]
  0x000002443085e100 JavaThread "Unconstrained build operations Thread 141" [_thread_blocked, id=11952, stack(0x0000007c77700000,0x0000007c77800000)]
  0x0000024430861ac0 JavaThread "Unconstrained build operations Thread 142" [_thread_blocked, id=13996, stack(0x0000007c77800000,0x0000007c77900000)]
  0x000002443085eaa0 JavaThread "Unconstrained build operations Thread 143" [_thread_blocked, id=11876, stack(0x0000007c77900000,0x0000007c77a00000)]
  0x00000244308637a0 JavaThread "Unconstrained build operations Thread 144" [_thread_blocked, id=15380, stack(0x0000007c77a00000,0x0000007c77b00000)]
  0x000002443085d290 JavaThread "Unconstrained build operations Thread 145" [_thread_blocked, id=15180, stack(0x0000007c77b00000,0x0000007c77c00000)]
  0x0000024430860c50 JavaThread "Unconstrained build operations Thread 146" [_thread_blocked, id=4444, stack(0x0000007c77c00000,0x0000007c77d00000)]
  0x000002443085e5d0 JavaThread "Unconstrained build operations Thread 147" [_thread_blocked, id=14704, stack(0x0000007c77d00000,0x0000007c77e00000)]
  0x0000024430862e00 JavaThread "Unconstrained build operations Thread 148" [_thread_blocked, id=2372, stack(0x0000007c77e00000,0x0000007c77f00000)]
  0x000002443085ef70 JavaThread "Unconstrained build operations Thread 149" [_thread_blocked, id=14484, stack(0x0000007c77f00000,0x0000007c78000000)]
  0x000002443085fde0 JavaThread "jar transforms Thread 6" [_thread_blocked, id=16012, stack(0x0000007c78000000,0x0000007c78100000)]
  0x000002443085f440 JavaThread "jar transforms Thread 7" [_thread_blocked, id=15308, stack(0x0000007c78100000,0x0000007c78200000)]
  0x000002443085f910 JavaThread "jar transforms Thread 8" [_thread_blocked, id=8508, stack(0x0000007c78200000,0x0000007c78300000)]
  0x0000024430863c70 JavaThread "jar transforms Thread 9" [_thread_blocked, id=15160, stack(0x0000007c78300000,0x0000007c78400000)]
  0x0000024430864140 JavaThread "jar transforms Thread 10" [_thread_blocked, id=3276, stack(0x0000007c78400000,0x0000007c78500000)]
  0x0000024430860780 JavaThread "jar transforms Thread 11" [_thread_blocked, id=14580, stack(0x0000007c78500000,0x0000007c78600000)]
  0x0000024430864ae0 JavaThread "jar transforms Thread 12" [_thread_blocked, id=9280, stack(0x0000007c78600000,0x0000007c78700000)]
  0x0000024430861120 JavaThread "jar transforms Thread 13" [_thread_blocked, id=11464, stack(0x0000007c78700000,0x0000007c78800000)]
  0x00000244308615f0 JavaThread "jar transforms Thread 14" [_thread_blocked, id=9864, stack(0x0000007c78800000,0x0000007c78900000)]
  0x0000024430861f90 JavaThread "jar transforms Thread 15" [_thread_blocked, id=14956, stack(0x0000007c78900000,0x0000007c78a00000)]
  0x0000024430862460 JavaThread "jar transforms Thread 16" [_thread_blocked, id=7300, stack(0x0000007c78a00000,0x0000007c78b00000)]
  0x00000244308632d0 JavaThread "build event listener" [_thread_blocked, id=15116, stack(0x0000007c6e300000,0x0000007c6e400000)]
  0x000002442a0e55f0 JavaThread "C2 CompilerThread3" daemon [_thread_in_native, id=15868, stack(0x0000007c6e400000,0x0000007c6e500000)]
  0x000002443085d760 JavaThread "Memory manager" [_thread_blocked, id=12380, stack(0x0000007c78b00000,0x0000007c78c00000)]
  0x0000024429f891c0 JavaThread "build event listener" [_thread_blocked, id=8220, stack(0x0000007c78c00000,0x0000007c78d00000)]
  0x0000024429f84990 JavaThread "build event listener" [_thread_blocked, id=2220, stack(0x0000007c78d00000,0x0000007c78e00000)]
  0x000002442f1cd2e0 JavaThread "C2 CompilerThread4" daemon [_thread_in_native, id=14780, stack(0x0000007c78e00000,0x0000007c78f00000)]

Other Threads:
  0x0000024428fe84f0 VMThread "VM Thread" [stack: 0x0000007c6aa00000,0x0000007c6ab00000] [id=8668]
  0x000002440e683f90 WatcherThread [stack: 0x0000007c6b700000,0x0000007c6b800000] [id=5920]
  0x000002440e661aa0 GCTaskThread "GC Thread#0" [stack: 0x0000007c6a500000,0x0000007c6a600000] [id=4480]
  0x000002442aa19fa0 GCTaskThread "GC Thread#1" [stack: 0x0000007c6bd00000,0x0000007c6be00000] [id=13740]
  0x0000024429e23f10 GCTaskThread "GC Thread#2" [stack: 0x0000007c6be00000,0x0000007c6bf00000] [id=12964]
  0x0000024429badbe0 GCTaskThread "GC Thread#3" [stack: 0x0000007c6bf00000,0x0000007c6c000000] [id=10700]
  0x000002442a074b80 GCTaskThread "GC Thread#4" [stack: 0x0000007c6c000000,0x0000007c6c100000] [id=10696]
  0x000002442a074e30 GCTaskThread "GC Thread#5" [stack: 0x0000007c6c100000,0x0000007c6c200000] [id=1396]
  0x000002442c437000 GCTaskThread "GC Thread#6" [stack: 0x0000007c6cc00000,0x0000007c6cd00000] [id=15464]
  0x000002442b141f80 GCTaskThread "GC Thread#7" [stack: 0x0000007c6cd00000,0x0000007c6ce00000] [id=5700]
  0x000002442c3e8560 GCTaskThread "GC Thread#8" [stack: 0x0000007c6ce00000,0x0000007c6cf00000] [id=1072]
  0x000002442d2eca20 GCTaskThread "GC Thread#9" [stack: 0x0000007c6cf00000,0x0000007c6d000000] [id=15152]
  0x000002442c67beb0 GCTaskThread "GC Thread#10" [stack: 0x0000007c6d000000,0x0000007c6d100000] [id=2100]
  0x000002442aac4060 GCTaskThread "GC Thread#11" [stack: 0x0000007c6d100000,0x0000007c6d200000] [id=14364]
  0x000002442aaf9ad0 GCTaskThread "GC Thread#12" [stack: 0x0000007c6d200000,0x0000007c6d300000] [id=1808]
  0x000002440e6728f0 ConcurrentGCThread "G1 Main Marker" [stack: 0x0000007c6a600000,0x0000007c6a700000] [id=16164]
  0x000002440e6739b0 ConcurrentGCThread "G1 Conc#0" [stack: 0x0000007c6a700000,0x0000007c6a800000] [id=3596]
  0x000002442aafa590 ConcurrentGCThread "G1 Conc#1" [stack: 0x0000007c6d300000,0x0000007c6d400000] [id=1244]
  0x000002442aafa030 ConcurrentGCThread "G1 Conc#2" [stack: 0x0000007c6d400000,0x0000007c6d500000] [id=6176]
  0x000002440e6ce750 ConcurrentGCThread "G1 Refine#0" [stack: 0x0000007c6a800000,0x0000007c6a900000] [id=12180]
  0x000002442d2cf780 ConcurrentGCThread "G1 Refine#1" [stack: 0x0000007c6d800000,0x0000007c6d900000] [id=15332]
  0x000002442d2cfa60 ConcurrentGCThread "G1 Refine#2" [stack: 0x0000007c6d900000,0x0000007c6da00000] [id=14196]
  0x0000024428e98710 ConcurrentGCThread "G1 Service" [stack: 0x0000007c6a900000,0x0000007c6aa00000] [id=16060]

Threads with active compile tasks:
C2 CompilerThread0     8955 10482       4       org.gradle.internal.reflect.MethodSet::add (50 bytes)
C2 CompilerThread1     8955 10525       4       com.google.common.collect.AbstractMultimap::keySet (23 bytes)
C2 CompilerThread2     8955 10543       4       org.gradle.util.internal.SimpleMapInterner::intern (9 bytes)
C2 CompilerThread3     8955 10551       4       jdk.internal.org.objectweb.asm.MethodWriter::visitFieldInsn (258 bytes)
C2 CompilerThread4     8955 10480       4       org.gradle.internal.instantiation.generator.AbstractClassGenerator$ClassMetadata::property (42 bytes)

VM state: not at safepoint (normal execution)

VM Mutex/Monitor currently owned by a thread: None

Heap address: 0x0000000080000000, size: 2048 MB, Compressed Oops mode: 32-bit

CDS archive(s) not mapped
Compressed class space mapped at: 0x0000000100000000-0x0000000140000000, reserved size: 1073741824
Narrow klass base: 0x0000000000000000, Narrow klass shift: 3, Narrow klass range: 0x140000000

GC Precious Log:
 CPUs: 16 total, 16 available
 Memory: 16320M
 Large Page Support: Disabled
 NUMA Support: Disabled
 Compressed Oops: Enabled (32-bit)
 Heap Region Size: 1M
 Heap Min Capacity: 8M
 Heap Initial Capacity: 256M
 Heap Max Capacity: 2G
 Pre-touch: Disabled
 Parallel Workers: 13
 Concurrent Workers: 3
 Concurrent Refinement Workers: 13
 Periodic GC: Disabled

Heap:
 garbage-first heap   total 135168K, used 85314K [0x0000000080000000, 0x0000000100000000)
  region size 1024K, 10 young (10240K), 4 survivors (4096K)
 Metaspace       used 93634K, committed 94272K, reserved 1138688K
  class space    used 12729K, committed 13056K, reserved 1048576K

Heap Regions: E=young(eden), S=young(survivor), O=old, HS=humongous(starts), HC=humongous(continues), CS=collection set, F=free, OA=open archive, CA=closed archive, TAMS=top-at-mark-start (previous, next)
|   0|0x0000000080000000, 0x0000000080100000, 0x0000000080100000|100%|HS|  |TAMS 0x0000000080100000, 0x0000000080000000| Complete 
|   1|0x0000000080100000, 0x0000000080200000, 0x0000000080200000|100%|HC|  |TAMS 0x0000000080200000, 0x0000000080100000| Complete 
|   2|0x0000000080200000, 0x0000000080300000, 0x0000000080300000|100%|HC|  |TAMS 0x0000000080300000, 0x0000000080200000| Complete 
|   3|0x0000000080300000, 0x0000000080400000, 0x0000000080400000|100%|HC|  |TAMS 0x0000000080400000, 0x0000000080300000| Complete 
|   4|0x0000000080400000, 0x0000000080500000, 0x0000000080500000|100%| O|  |TAMS 0x0000000080500000, 0x0000000080400000| Untracked 
|   5|0x0000000080500000, 0x0000000080600000, 0x0000000080600000|100%| O|  |TAMS 0x0000000080600000, 0x0000000080500000| Untracked 
|   6|0x0000000080600000, 0x0000000080700000, 0x0000000080700000|100%| O|  |TAMS 0x0000000080700000, 0x0000000080600000| Untracked 
|   7|0x0000000080700000, 0x0000000080800000, 0x0000000080800000|100%| O|  |TAMS 0x0000000080800000, 0x0000000080700000| Untracked 
|   8|0x0000000080800000, 0x0000000080900000, 0x0000000080900000|100%| O|  |TAMS 0x0000000080900000, 0x0000000080800000| Untracked 
|   9|0x0000000080900000, 0x0000000080a00000, 0x0000000080a00000|100%| O|  |TAMS 0x0000000080a00000, 0x0000000080900000| Untracked 
|  10|0x0000000080a00000, 0x0000000080af2200, 0x0000000080b00000| 94%| O|  |TAMS 0x0000000080af2200, 0x0000000080a00000| Untracked 
|  11|0x0000000080b00000, 0x0000000080c00000, 0x0000000080c00000|100%| O|  |TAMS 0x0000000080c00000, 0x0000000080b00000| Untracked 
|  12|0x0000000080c00000, 0x0000000080d00000, 0x0000000080d00000|100%| O|  |TAMS 0x0000000080d00000, 0x0000000080c00000| Untracked 
|  13|0x0000000080d00000, 0x0000000080e00000, 0x0000000080e00000|100%| O|  |TAMS 0x0000000080e00000, 0x0000000080d00000| Untracked 
|  14|0x0000000080e00000, 0x0000000080f00000, 0x0000000080f00000|100%| O|  |TAMS 0x0000000080f00000, 0x0000000080e00000| Untracked 
|  15|0x0000000080f00000, 0x0000000081000000, 0x0000000081000000|100%| O|  |TAMS 0x0000000081000000, 0x0000000080f00000| Untracked 
|  16|0x0000000081000000, 0x0000000081100000, 0x0000000081100000|100%| O|  |TAMS 0x0000000081100000, 0x0000000081000000| Untracked 
|  17|0x0000000081100000, 0x0000000081200000, 0x0000000081200000|100%| O|  |TAMS 0x0000000081200000, 0x0000000081100000| Untracked 
|  18|0x0000000081200000, 0x0000000081300000, 0x0000000081300000|100%| O|  |TAMS 0x0000000081300000, 0x0000000081200000| Untracked 
|  19|0x0000000081300000, 0x0000000081400000, 0x0000000081400000|100%| O|  |TAMS 0x0000000081400000, 0x0000000081300000| Untracked 
|  20|0x0000000081400000, 0x0000000081500000, 0x0000000081500000|100%| O|  |TAMS 0x0000000081500000, 0x0000000081400000| Untracked 
|  21|0x0000000081500000, 0x0000000081600000, 0x0000000081600000|100%| O|  |TAMS 0x0000000081600000, 0x0000000081500000| Untracked 
|  22|0x0000000081600000, 0x0000000081700000, 0x0000000081700000|100%| O|  |TAMS 0x0000000081700000, 0x0000000081600000| Untracked 
|  23|0x0000000081700000, 0x0000000081800000, 0x0000000081800000|100%| O|  |TAMS 0x0000000081800000, 0x0000000081700000| Untracked 
|  24|0x0000000081800000, 0x0000000081900000, 0x0000000081900000|100%| O|  |TAMS 0x0000000081900000, 0x0000000081800000| Untracked 
|  25|0x0000000081900000, 0x0000000081a00000, 0x0000000081a00000|100%| O|  |TAMS 0x0000000081a00000, 0x0000000081900000| Untracked 
|  26|0x0000000081a00000, 0x0000000081b00000, 0x0000000081b00000|100%| O|  |TAMS 0x0000000081a00000, 0x0000000081a00000| Untracked 
|  27|0x0000000081b00000, 0x0000000081c00000, 0x0000000081c00000|100%| O|  |TAMS 0x0000000081c00000, 0x0000000081b00000| Untracked 
|  28|0x0000000081c00000, 0x0000000081d00000, 0x0000000081d00000|100%| O|  |TAMS 0x0000000081d00000, 0x0000000081c00000| Untracked 
|  29|0x0000000081d00000, 0x0000000081e00000, 0x0000000081e00000|100%| O|  |TAMS 0x0000000081e00000, 0x0000000081d00000| Untracked 
|  30|0x0000000081e00000, 0x0000000081f00000, 0x0000000081f00000|100%| O|  |TAMS 0x0000000081f00000, 0x0000000081e00000| Untracked 
|  31|0x0000000081f00000, 0x0000000082000000, 0x0000000082000000|100%|HS|  |TAMS 0x0000000082000000, 0x0000000081f00000| Complete 
|  32|0x0000000082000000, 0x0000000082100000, 0x0000000082100000|100%|HS|  |TAMS 0x0000000082100000, 0x0000000082000000| Complete 
|  33|0x0000000082100000, 0x0000000082200000, 0x0000000082200000|100%|HS|  |TAMS 0x0000000082200000, 0x0000000082100000| Complete 
|  34|0x0000000082200000, 0x0000000082300000, 0x0000000082300000|100%|HC|  |TAMS 0x0000000082300000, 0x0000000082200000| Complete 
|  35|0x0000000082300000, 0x0000000082400000, 0x0000000082400000|100%|HS|  |TAMS 0x0000000082400000, 0x0000000082300000| Complete 
|  36|0x0000000082400000, 0x0000000082500000, 0x0000000082500000|100%|HS|  |TAMS 0x0000000082500000, 0x0000000082400000| Complete 
|  37|0x0000000082500000, 0x0000000082600000, 0x0000000082600000|100%|HC|  |TAMS 0x0000000082600000, 0x0000000082500000| Complete 
|  38|0x0000000082600000, 0x0000000082700000, 0x0000000082700000|100%|HC|  |TAMS 0x0000000082700000, 0x0000000082600000| Complete 
|  39|0x0000000082700000, 0x0000000082800000, 0x0000000082800000|100%|HC|  |TAMS 0x0000000082800000, 0x0000000082700000| Complete 
|  40|0x0000000082800000, 0x0000000082900000, 0x0000000082900000|100%| O|  |TAMS 0x0000000082900000, 0x0000000082800000| Untracked 
|  41|0x0000000082900000, 0x0000000082a00000, 0x0000000082a00000|100%| O|  |TAMS 0x0000000082a00000, 0x0000000082900000| Untracked 
|  42|0x0000000082a00000, 0x0000000082b00000, 0x0000000082b00000|100%| O|  |TAMS 0x0000000082b00000, 0x0000000082a00000| Untracked 
|  43|0x0000000082b00000, 0x0000000082c00000, 0x0000000082c00000|100%| O|  |TAMS 0x0000000082c00000, 0x0000000082b00000| Untracked 
|  44|0x0000000082c00000, 0x0000000082d00000, 0x0000000082d00000|100%| O|  |TAMS 0x0000000082d00000, 0x0000000082c00000| Untracked 
|  45|0x0000000082d00000, 0x0000000082e00000, 0x0000000082e00000|100%| O|  |TAMS 0x0000000082e00000, 0x0000000082d00000| Untracked 
|  46|0x0000000082e00000, 0x0000000082f00000, 0x0000000082f00000|100%| O|  |TAMS 0x0000000082f00000, 0x0000000082e00000| Untracked 
|  47|0x0000000082f00000, 0x0000000083000000, 0x0000000083000000|100%| O|  |TAMS 0x0000000083000000, 0x0000000082f00000| Untracked 
|  48|0x0000000083000000, 0x0000000083100000, 0x0000000083100000|100%| O|  |TAMS 0x0000000083100000, 0x0000000083000000| Untracked 
|  49|0x0000000083100000, 0x0000000083200000, 0x0000000083200000|100%| O|  |TAMS 0x0000000083200000, 0x0000000083100000| Untracked 
|  50|0x0000000083200000, 0x0000000083300000, 0x0000000083300000|100%| O|  |TAMS 0x0000000083200000, 0x0000000083200000| Untracked 
|  51|0x0000000083300000, 0x0000000083400000, 0x0000000083400000|100%| O|  |TAMS 0x0000000083400000, 0x0000000083300000| Untracked 
|  52|0x0000000083400000, 0x0000000083500000, 0x0000000083500000|100%| O|  |TAMS 0x0000000083500000, 0x0000000083400000| Untracked 
|  53|0x0000000083500000, 0x0000000083600000, 0x0000000083600000|100%| O|  |TAMS 0x0000000083500000, 0x0000000083500000| Untracked 
|  54|0x0000000083600000, 0x0000000083700000, 0x0000000083700000|100%| O|  |TAMS 0x0000000083600000, 0x0000000083600000| Untracked 
|  55|0x0000000083700000, 0x0000000083800000, 0x0000000083800000|100%| O|  |TAMS 0x0000000083800000, 0x0000000083700000| Untracked 
|  56|0x0000000083800000, 0x0000000083900000, 0x0000000083900000|100%| O|  |TAMS 0x0000000083800000, 0x0000000083800000| Untracked 
|  57|0x0000000083900000, 0x0000000083a00000, 0x0000000083a00000|100%| O|  |TAMS 0x0000000083900000, 0x0000000083900000| Untracked 
|  58|0x0000000083a00000, 0x0000000083b00000, 0x0000000083b00000|100%| O|  |TAMS 0x0000000083b00000, 0x0000000083a00000| Untracked 
|  59|0x0000000083b00000, 0x0000000083c00000, 0x0000000083c00000|100%| O|  |TAMS 0x0000000083c00000, 0x0000000083b00000| Untracked 
|  60|0x0000000083c00000, 0x0000000083d00000, 0x0000000083d00000|100%| O|  |TAMS 0x0000000083d00000, 0x0000000083c00000| Untracked 
|  61|0x0000000083d00000, 0x0000000083e00000, 0x0000000083e00000|100%| O|  |TAMS 0x0000000083e00000, 0x0000000083d00000| Untracked 
|  62|0x0000000083e00000, 0x0000000083f00000, 0x0000000083f00000|100%| O|  |TAMS 0x0000000083e5f400, 0x0000000083e00000| Untracked 
|  63|0x0000000083f00000, 0x0000000084000000, 0x0000000084000000|100%| O|  |TAMS 0x0000000083f00000, 0x0000000083f00000| Untracked 
|  64|0x0000000084000000, 0x0000000084100000, 0x0000000084100000|100%| O|  |TAMS 0x0000000084000000, 0x0000000084000000| Untracked 
|  65|0x0000000084100000, 0x0000000084200000, 0x0000000084200000|100%| O|  |TAMS 0x0000000084100000, 0x0000000084100000| Untracked 
|  66|0x0000000084200000, 0x0000000084300000, 0x0000000084300000|100%| O|  |TAMS 0x0000000084200000, 0x0000000084200000| Untracked 
|  67|0x0000000084300000, 0x0000000084400000, 0x0000000084400000|100%| O|  |TAMS 0x0000000084300000, 0x0000000084300000| Untracked 
|  68|0x0000000084400000, 0x0000000084500000, 0x0000000084500000|100%| O|  |TAMS 0x0000000084400000, 0x0000000084400000| Untracked 
|  69|0x0000000084500000, 0x0000000084600000, 0x0000000084600000|100%| O|  |TAMS 0x0000000084500000, 0x0000000084500000| Untracked 
|  70|0x0000000084600000, 0x0000000084700000, 0x0000000084700000|100%| O|  |TAMS 0x0000000084600000, 0x0000000084600000| Untracked 
|  71|0x0000000084700000, 0x0000000084800000, 0x0000000084800000|100%| O|  |TAMS 0x0000000084700000, 0x0000000084700000| Untracked 
|  72|0x0000000084800000, 0x0000000084900000, 0x0000000084900000|100%| O|  |TAMS 0x0000000084800000, 0x0000000084800000| Untracked 
|  73|0x0000000084900000, 0x0000000084a00000, 0x0000000084a00000|100%| O|  |TAMS 0x0000000084900000, 0x0000000084900000| Untracked 
|  74|0x0000000084a00000, 0x0000000084af0800, 0x0000000084b00000| 93%| O|  |TAMS 0x0000000084a00000, 0x0000000084a00000| Untracked 
|  75|0x0000000084b00000, 0x0000000084b00000, 0x0000000084c00000|  0%| F|  |TAMS 0x0000000084b00000, 0x0000000084b00000| Untracked 
|  76|0x0000000084c00000, 0x0000000084c00000, 0x0000000084d00000|  0%| F|  |TAMS 0x0000000084c00000, 0x0000000084c00000| Untracked 
|  77|0x0000000084d00000, 0x0000000084d00000, 0x0000000084e00000|  0%| F|  |TAMS 0x0000000084d00000, 0x0000000084d00000| Untracked 
|  78|0x0000000084e00000, 0x0000000084e00000, 0x0000000084f00000|  0%| F|  |TAMS 0x0000000084e00000, 0x0000000084e00000| Untracked 
|  79|0x0000000084f00000, 0x0000000084f00000, 0x0000000085000000|  0%| F|  |TAMS 0x0000000084f00000, 0x0000000084f00000| Untracked 
|  80|0x0000000085000000, 0x0000000085000000, 0x0000000085100000|  0%| F|  |TAMS 0x0000000085000000, 0x0000000085000000| Untracked 
|  81|0x0000000085100000, 0x0000000085100000, 0x0000000085200000|  0%| F|  |TAMS 0x0000000085100000, 0x0000000085100000| Untracked 
|  82|0x0000000085200000, 0x0000000085200000, 0x0000000085300000|  0%| F|  |TAMS 0x0000000085200000, 0x0000000085200000| Untracked 
|  83|0x0000000085300000, 0x0000000085300000, 0x0000000085400000|  0%| F|  |TAMS 0x0000000085300000, 0x0000000085300000| Untracked 
|  84|0x0000000085400000, 0x0000000085400000, 0x0000000085500000|  0%| F|  |TAMS 0x0000000085400000, 0x0000000085400000| Untracked 
|  85|0x0000000085500000, 0x0000000085500000, 0x0000000085600000|  0%| F|  |TAMS 0x0000000085500000, 0x0000000085500000| Untracked 
|  86|0x0000000085600000, 0x0000000085600000, 0x0000000085700000|  0%| F|  |TAMS 0x0000000085600000, 0x0000000085600000| Untracked 
|  87|0x0000000085700000, 0x0000000085700000, 0x0000000085800000|  0%| F|  |TAMS 0x0000000085700000, 0x0000000085700000| Untracked 
|  88|0x0000000085800000, 0x0000000085800000, 0x0000000085900000|  0%| F|  |TAMS 0x0000000085800000, 0x0000000085800000| Untracked 
|  89|0x0000000085900000, 0x0000000085900000, 0x0000000085a00000|  0%| F|  |TAMS 0x0000000085900000, 0x0000000085900000| Untracked 
|  90|0x0000000085a00000, 0x0000000085a00000, 0x0000000085b00000|  0%| F|  |TAMS 0x0000000085a00000, 0x0000000085a00000| Untracked 
|  91|0x0000000085b00000, 0x0000000085b00000, 0x0000000085c00000|  0%| F|  |TAMS 0x0000000085b00000, 0x0000000085b00000| Untracked 
|  92|0x0000000085c00000, 0x0000000085c00000, 0x0000000085d00000|  0%| F|  |TAMS 0x0000000085c00000, 0x0000000085c00000| Untracked 
|  93|0x0000000085d00000, 0x0000000085d00000, 0x0000000085e00000|  0%| F|  |TAMS 0x0000000085d00000, 0x0000000085d00000| Untracked 
|  94|0x0000000085e00000, 0x0000000085e6dfb0, 0x0000000085f00000| 42%| S|CS|TAMS 0x0000000085e00000, 0x0000000085e00000| Complete 
|  95|0x0000000085f00000, 0x0000000085f00000, 0x0000000086000000|  0%| F|  |TAMS 0x0000000085f00000, 0x0000000085f00000| Untracked 
|  96|0x0000000086000000, 0x0000000086100000, 0x0000000086100000|100%| S|CS|TAMS 0x0000000086000000, 0x0000000086000000| Complete 
|  97|0x0000000086100000, 0x0000000086200000, 0x0000000086200000|100%| S|CS|TAMS 0x0000000086100000, 0x0000000086100000| Complete 
|  98|0x0000000086200000, 0x0000000086300000, 0x0000000086300000|100%| S|CS|TAMS 0x0000000086200000, 0x0000000086200000| Complete 
|  99|0x0000000086300000, 0x0000000086300000, 0x0000000086400000|  0%| F|  |TAMS 0x0000000086300000, 0x0000000086300000| Untracked 
| 100|0x0000000086400000, 0x0000000086400000, 0x0000000086500000|  0%| F|  |TAMS 0x0000000086400000, 0x0000000086400000| Untracked 
| 101|0x0000000086500000, 0x0000000086500000, 0x0000000086600000|  0%| F|  |TAMS 0x0000000086500000, 0x0000000086500000| Untracked 
| 102|0x0000000086600000, 0x0000000086600000, 0x0000000086700000|  0%| F|  |TAMS 0x0000000086600000, 0x0000000086600000| Untracked 
| 103|0x0000000086700000, 0x0000000086700000, 0x0000000086800000|  0%| F|  |TAMS 0x0000000086700000, 0x0000000086700000| Untracked 
| 104|0x0000000086800000, 0x0000000086800000, 0x0000000086900000|  0%| F|  |TAMS 0x0000000086800000, 0x0000000086800000| Untracked 
| 105|0x0000000086900000, 0x0000000086900000, 0x0000000086a00000|  0%| F|  |TAMS 0x0000000086900000, 0x0000000086900000| Untracked 
| 106|0x0000000086a00000, 0x0000000086a00000, 0x0000000086b00000|  0%| F|  |TAMS 0x0000000086a00000, 0x0000000086a00000| Untracked 
| 107|0x0000000086b00000, 0x0000000086b00000, 0x0000000086c00000|  0%| F|  |TAMS 0x0000000086b00000, 0x0000000086b00000| Untracked 
| 108|0x0000000086c00000, 0x0000000086c00000, 0x0000000086d00000|  0%| F|  |TAMS 0x0000000086c00000, 0x0000000086c00000| Untracked 
| 109|0x0000000086d00000, 0x0000000086d00000, 0x0000000086e00000|  0%| F|  |TAMS 0x0000000086d00000, 0x0000000086d00000| Untracked 
| 110|0x0000000086e00000, 0x0000000086e00000, 0x0000000086f00000|  0%| F|  |TAMS 0x0000000086e00000, 0x0000000086e00000| Untracked 
| 111|0x0000000086f00000, 0x0000000086f00000, 0x0000000087000000|  0%| F|  |TAMS 0x0000000086f00000, 0x0000000086f00000| Untracked 
| 112|0x0000000087000000, 0x0000000087000000, 0x0000000087100000|  0%| F|  |TAMS 0x0000000087000000, 0x0000000087000000| Untracked 
| 113|0x0000000087100000, 0x0000000087100000, 0x0000000087200000|  0%| F|  |TAMS 0x0000000087100000, 0x0000000087100000| Untracked 
| 114|0x0000000087200000, 0x0000000087200000, 0x0000000087300000|  0%| F|  |TAMS 0x0000000087200000, 0x0000000087200000| Untracked 
| 115|0x0000000087300000, 0x0000000087300000, 0x0000000087400000|  0%| F|  |TAMS 0x0000000087300000, 0x0000000087300000| Untracked 
| 116|0x0000000087400000, 0x0000000087400000, 0x0000000087500000|  0%| F|  |TAMS 0x0000000087400000, 0x0000000087400000| Untracked 
| 117|0x0000000087500000, 0x0000000087500000, 0x0000000087600000|  0%| F|  |TAMS 0x0000000087500000, 0x0000000087500000| Untracked 
| 118|0x0000000087600000, 0x0000000087600000, 0x0000000087700000|  0%| F|  |TAMS 0x0000000087600000, 0x0000000087600000| Untracked 
| 119|0x0000000087700000, 0x0000000087700000, 0x0000000087800000|  0%| F|  |TAMS 0x0000000087700000, 0x0000000087700000| Untracked 
| 120|0x0000000087800000, 0x0000000087800000, 0x0000000087900000|  0%| F|  |TAMS 0x0000000087800000, 0x0000000087800000| Untracked 
| 121|0x0000000087900000, 0x0000000087900000, 0x0000000087a00000|  0%| F|  |TAMS 0x0000000087900000, 0x0000000087900000| Untracked 
| 122|0x0000000087a00000, 0x0000000087a00000, 0x0000000087b00000|  0%| F|  |TAMS 0x0000000087a00000, 0x0000000087a00000| Untracked 
| 206|0x000000008ce00000, 0x000000008ce00000, 0x000000008cf00000|  0%| F|  |TAMS 0x000000008ce00000, 0x000000008ce00000| Untracked 
| 207|0x000000008cf00000, 0x000000008cf00000, 0x000000008d000000|  0%| F|  |TAMS 0x000000008cf00000, 0x000000008cf00000| Untracked 
| 208|0x000000008d000000, 0x000000008d000000, 0x000000008d100000|  0%| F|  |TAMS 0x000000008d000000, 0x000000008d000000| Untracked 
| 209|0x000000008d100000, 0x000000008d180800, 0x000000008d200000| 50%| E|  |TAMS 0x000000008d100000, 0x000000008d100000| Complete 
| 210|0x000000008d200000, 0x000000008d300000, 0x000000008d300000|100%| E|CS|TAMS 0x000000008d200000, 0x000000008d200000| Complete 
| 211|0x000000008d300000, 0x000000008d400000, 0x000000008d400000|100%| E|CS|TAMS 0x000000008d300000, 0x000000008d300000| Complete 
| 212|0x000000008d400000, 0x000000008d500000, 0x000000008d500000|100%| E|CS|TAMS 0x000000008d400000, 0x000000008d400000| Complete 
| 213|0x000000008d500000, 0x000000008d600000, 0x000000008d600000|100%| E|CS|TAMS 0x000000008d500000, 0x000000008d500000| Complete 
| 255|0x000000008ff00000, 0x0000000090000000, 0x0000000090000000|100%| E|CS|TAMS 0x000000008ff00000, 0x000000008ff00000| Complete 

Card table byte_map: [0x0000024421750000,0x0000024421b50000] _byte_map_base: 0x0000024421350000

Marking Bits (Prev, Next): (CMBitMap*) 0x000002440e661fc0, (CMBitMap*) 0x000002440e662000
 Prev Bits: [0x0000024421f50000, 0x0000024423f50000)
 Next Bits: [0x0000024423f50000, 0x0000024425f50000)

Polling page: 0x000002440c330000

Metaspace:

Usage:
  Non-class:     79.01 MB used.
      Class:     12.43 MB used.
       Both:     91.45 MB used.

Virtual space:
  Non-class space:       88.00 MB reserved,      79.31 MB ( 90%) committed,  11 nodes.
      Class space:        1.00 GB reserved,      12.75 MB (  1%) committed,  1 nodes.
             Both:        1.09 GB reserved,      92.06 MB (  8%) committed. 

Chunk freelists:
   Non-Class:  3.75 MB
       Class:  3.23 MB
        Both:  6.98 MB

MaxMetaspaceSize: unlimited
CompressedClassSpaceSize: 1.00 GB
Initial GC threshold: 21.00 MB
Current GC threshold: 110.56 MB
CDS: off
MetaspaceReclaimPolicy: balanced
 - commit_granule_bytes: 65536.
 - commit_granule_words: 8192.
 - virtual_space_node_default_size: 1048576.
 - enlarge_chunks_in_place: 1.
 - new_chunks_are_fully_committed: 0.
 - uncommit_free_chunks: 1.
 - use_allocation_guard: 0.
 - handle_deallocations: 1.


Internal statistics:

num_allocs_failed_limit: 9.
num_arena_births: 908.
num_arena_deaths: 0.
num_vsnodes_births: 12.
num_vsnodes_deaths: 0.
num_space_committed: 1473.
num_space_uncommitted: 0.
num_chunks_returned_to_freelist: 9.
num_chunks_taken_from_freelist: 4265.
num_chunk_merges: 9.
num_chunk_splits: 2871.
num_chunks_enlarged: 1987.
num_purges: 0.
num_inconsistent_stats: 0.

CodeHeap 'non-profiled nmethods': size=119168Kb used=5129Kb max_used=5632Kb free=114038Kb
 bounds [0x0000024419670000, 0x0000024419c00000, 0x0000024420ad0000]
CodeHeap 'profiled nmethods': size=119104Kb used=17239Kb max_used=19119Kb free=101864Kb
 bounds [0x0000024411ad0000, 0x0000024412d80000, 0x0000024418f20000]
CodeHeap 'non-nmethods': size=7488Kb used=4110Kb max_used=4150Kb free=3377Kb
 bounds [0x0000024418f20000, 0x0000024419330000, 0x0000024419670000]
 total_blobs=9979 nmethods=9049 adapters=837
 compilation: enabled
              stopped_count=0, restarted_count=0
 full_count=0

Compilation events (20 events):
Event: 8.923 Thread 0x0000024429e9b2f0 nmethod 10511 0x0000024419954910 code [0x0000024419954aa0, 0x0000024419954b58]
Event: 8.923 Thread 0x00000244299f5d80 nmethod 10510 0x0000024419954610 code [0x00000244199547a0, 0x0000024419954858]
Event: 8.923 Thread 0x0000024429e9b2f0 10512       3       java.util.ArrayDeque$$Lambda$556/0x0000000100562ff0::accept (9 bytes)
Event: 8.923 Thread 0x0000024429e9b2f0 nmethod 10512 0x0000024412338d10 code [0x0000024412338ec0, 0x0000024412339028]
Event: 8.924 Thread 0x00000244299f5d80 10513       3       java.util.TreeSet::<init> (13 bytes)
Event: 8.924 Thread 0x00000244299f5d80 nmethod 10513 0x00000244121ea710 code [0x00000244121ea8e0, 0x00000244121ead98]
Event: 8.925 Thread 0x00000244299f5d80 10514   !   3       jdk.proxy1.$Proxy87::annotationType (29 bytes)
Event: 8.925 Thread 0x00000244299f5d80 nmethod 10514 0x00000244120fcf10 code [0x00000244120fd0e0, 0x00000244120fd4b8]
Event: 8.925 Thread 0x00000244299f5d80 10515       3       com.google.common.collect.SingletonImmutableSet::contains (9 bytes)
Event: 8.926 Thread 0x00000244299f5d80 nmethod 10515 0x0000024412d6a010 code [0x0000024412d6a1c0, 0x0000024412d6a388]
Event: 8.926 Thread 0x0000024429e9b2f0 10516       3       org.gradle.api.attributes.Attribute::of (10 bytes)
Event: 8.926 Thread 0x000002442ad9dd40 10517       1       org.gradle.internal.component.model.DefaultVariantMetadata::getName (5 bytes)
Event: 8.926 Thread 0x000002442ad9dd40 nmethod 10517 0x0000024419954310 code [0x00000244199544a0, 0x0000024419954578]
Event: 8.926 Thread 0x0000024429e9b2f0 nmethod 10516 0x00000244122dcd10 code [0x00000244122dcee0, 0x00000244122dd2b8]
Event: 8.927 Thread 0x000002442a0e55f0 nmethod 10490 0x00000244198c6b90 code [0x00000244198c6e00, 0x00000244198c7e08]
Event: 8.927 Thread 0x000002442a0e55f0 10500       4       java.util.ArrayDeque::isEmpty (17 bytes)
Event: 8.927 Thread 0x0000024429e9b2f0 10518       3       java.lang.StringBuilder::append (8 bytes)
Event: 8.928 Thread 0x0000024429e9b2f0 nmethod 10518 0x0000024411dd1790 code [0x0000024411dd1920, 0x0000024411dd1a68]
Event: 8.928 Thread 0x000002442a0e55f0 nmethod 10500 0x00000244198c6810 code [0x00000244198c6980, 0x00000244198c6a18]
Event: 8.928 Thread 0x000002442a0e55f0 10492       4       org.gradle.internal.reflect.MethodSet::shouldReplace (45 bytes)

GC Heap History (20 events):
Event: 5.696 GC heap before
{Heap before GC invocations=19 (full 0):
 garbage-first heap   total 112640K, used 65403K [0x0000000080000000, 0x0000000100000000)
  region size 1024K, 6 young (6144K), 5 survivors (5120K)
 Metaspace       used 64427K, committed 65024K, reserved 1105920K
  class space    used 8526K, committed 8832K, reserved 1048576K
}
Event: 5.698 GC heap after
{Heap after GC invocations=20 (full 0):
 garbage-first heap   total 112640K, used 60641K [0x0000000080000000, 0x0000000100000000)
  region size 1024K, 1 young (1024K), 1 survivors (1024K)
 Metaspace       used 64427K, committed 65024K, reserved 1105920K
  class space    used 8526K, committed 8832K, reserved 1048576K
}
Event: 5.983 GC heap before
{Heap before GC invocations=20 (full 0):
 garbage-first heap   total 112640K, used 88289K [0x0000000080000000, 0x0000000100000000)
  region size 1024K, 28 young (28672K), 1 survivors (1024K)
 Metaspace       used 67155K, committed 67776K, reserved 1114112K
  class space    used 8876K, committed 9152K, reserved 1048576K
}
Event: 5.985 GC heap after
{Heap after GC invocations=21 (full 0):
 garbage-first heap   total 112640K, used 61839K [0x0000000080000000, 0x0000000100000000)
  region size 1024K, 3 young (3072K), 3 survivors (3072K)
 Metaspace       used 67155K, committed 67776K, reserved 1114112K
  class space    used 8876K, committed 9152K, reserved 1048576K
}
Event: 6.309 GC heap before
{Heap before GC invocations=22 (full 0):
 garbage-first heap   total 112640K, used 88463K [0x0000000080000000, 0x0000000100000000)
  region size 1024K, 30 young (30720K), 3 survivors (3072K)
 Metaspace       used 70127K, committed 70656K, reserved 1114112K
  class space    used 9286K, committed 9536K, reserved 1048576K
}
Event: 6.311 GC heap after
{Heap after GC invocations=23 (full 0):
 garbage-first heap   total 112640K, used 62886K [0x0000000080000000, 0x0000000100000000)
  region size 1024K, 4 young (4096K), 4 survivors (4096K)
 Metaspace       used 70127K, committed 70656K, reserved 1114112K
  class space    used 9286K, committed 9536K, reserved 1048576K
}
Event: 6.323 GC heap before
{Heap before GC invocations=23 (full 0):
 garbage-first heap   total 112640K, used 63910K [0x0000000080000000, 0x0000000100000000)
  region size 1024K, 5 young (5120K), 4 survivors (4096K)
 Metaspace       used 70245K, committed 70848K, reserved 1114112K
  class space    used 9309K, committed 9600K, reserved 1048576K
}
Event: 6.325 GC heap after
{Heap after GC invocations=24 (full 0):
 garbage-first heap   total 112640K, used 63023K [0x0000000080000000, 0x0000000100000000)
  region size 1024K, 1 young (1024K), 1 survivors (1024K)
 Metaspace       used 70245K, committed 70848K, reserved 1114112K
  class space    used 9309K, committed 9600K, reserved 1048576K
}
Event: 6.606 GC heap before
{Heap before GC invocations=24 (full 0):
 garbage-first heap   total 112640K, used 91695K [0x0000000080000000, 0x0000000100000000)
  region size 1024K, 29 young (29696K), 1 survivors (1024K)
 Metaspace       used 74046K, committed 74624K, reserved 1114112K
  class space    used 9823K, committed 10112K, reserved 1048576K
}
Event: 6.608 GC heap after
{Heap after GC invocations=25 (full 0):
 garbage-first heap   total 135168K, used 64360K [0x0000000080000000, 0x0000000100000000)
  region size 1024K, 2 young (2048K), 2 survivors (2048K)
 Metaspace       used 74046K, committed 74624K, reserved 1114112K
  class space    used 9823K, committed 10112K, reserved 1048576K
}
Event: 7.013 GC heap before
{Heap before GC invocations=25 (full 0):
 garbage-first heap   total 135168K, used 108392K [0x0000000080000000, 0x0000000100000000)
  region size 1024K, 46 young (47104K), 2 survivors (2048K)
 Metaspace       used 76482K, committed 77056K, reserved 1122304K
  class space    used 10138K, committed 10432K, reserved 1048576K
}
Event: 7.017 GC heap after
{Heap after GC invocations=26 (full 0):
 garbage-first heap   total 135168K, used 69181K [0x0000000080000000, 0x0000000100000000)
  region size 1024K, 6 young (6144K), 6 survivors (6144K)
 Metaspace       used 76482K, committed 77056K, reserved 1122304K
  class space    used 10138K, committed 10432K, reserved 1048576K
}
Event: 7.525 GC heap before
{Heap before GC invocations=26 (full 0):
 garbage-first heap   total 135168K, used 110141K [0x0000000080000000, 0x0000000100000000)
  region size 1024K, 45 young (46080K), 6 survivors (6144K)
 Metaspace       used 81193K, committed 81792K, reserved 1122304K
  class space    used 10965K, committed 11264K, reserved 1048576K
}
Event: 7.530 GC heap after
{Heap after GC invocations=27 (full 0):
 garbage-first heap   total 135168K, used 71808K [0x0000000080000000, 0x0000000100000000)
  region size 1024K, 3 young (3072K), 3 survivors (3072K)
 Metaspace       used 81193K, committed 81792K, reserved 1122304K
  class space    used 10965K, committed 11264K, reserved 1048576K
}
Event: 8.040 GC heap before
{Heap before GC invocations=27 (full 0):
 garbage-first heap   total 135168K, used 109696K [0x0000000080000000, 0x0000000100000000)
  region size 1024K, 40 young (40960K), 3 survivors (3072K)
 Metaspace       used 85116K, committed 85760K, reserved 1130496K
  class space    used 11555K, committed 11840K, reserved 1048576K
}
Event: 8.043 GC heap after
{Heap after GC invocations=28 (full 0):
 garbage-first heap   total 135168K, used 74003K [0x0000000080000000, 0x0000000100000000)
  region size 1024K, 5 young (5120K), 5 survivors (5120K)
 Metaspace       used 85116K, committed 85760K, reserved 1130496K
  class space    used 11555K, committed 11840K, reserved 1048576K
}
Event: 8.462 GC heap before
{Heap before GC invocations=28 (full 0):
 garbage-first heap   total 135168K, used 110867K [0x0000000080000000, 0x0000000100000000)
  region size 1024K, 41 young (41984K), 5 survivors (5120K)
 Metaspace       used 88851K, committed 89472K, reserved 1130496K
  class space    used 12079K, committed 12352K, reserved 1048576K
}
Event: 8.465 GC heap after
{Heap after GC invocations=29 (full 0):
 garbage-first heap   total 135168K, used 76899K [0x0000000080000000, 0x0000000100000000)
  region size 1024K, 6 young (6144K), 6 survivors (6144K)
 Metaspace       used 88851K, committed 89472K, reserved 1130496K
  class space    used 12079K, committed 12352K, reserved 1048576K
}
Event: 8.890 GC heap before
{Heap before GC invocations=29 (full 0):
 garbage-first heap   total 135168K, used 110691K [0x0000000080000000, 0x0000000100000000)
  region size 1024K, 39 young (39936K), 6 survivors (6144K)
 Metaspace       used 93357K, committed 94016K, reserved 1138688K
  class space    used 12695K, committed 12992K, reserved 1048576K
}
Event: 8.895 GC heap after
{Heap after GC invocations=30 (full 0):
 garbage-first heap   total 135168K, used 80194K [0x0000000080000000, 0x0000000100000000)
  region size 1024K, 4 young (4096K), 4 survivors (4096K)
 Metaspace       used 93357K, committed 94016K, reserved 1138688K
  class space    used 12695K, committed 12992K, reserved 1048576K
}

Dll operation events (2 events):
Event: 0.005 Loaded shared library D:\android\jbr\bin\java.dll
Event: 0.342 Loaded shared library D:\android\jbr\bin\verify.dll

Deoptimization events (20 events):
Event: 8.847 Thread 0x000002442c985e90 Uncommon trap: trap_request=0xffffffc6 fr.pc=0x0000024419b835e0 relative=0x0000000000000400
Event: 8.847 Thread 0x000002442c985e90 Uncommon trap: reason=bimorphic_or_optimized_type_check action=maybe_recompile pc=0x0000024419b835e0 method=com.google.common.collect.ImmutableCollection$Builder.addAll(Ljava/lang/Iterable;)Lcom/google/common/collect/ImmutableCollection$Builder; @ 1 c2
Event: 8.847 Thread 0x000002442c985e90 DEOPT PACKING pc=0x0000024419b835e0 sp=0x0000007c6c8f9c20
Event: 8.847 Thread 0x000002442c985e90 DEOPT UNPACKING pc=0x0000024418f769a3 sp=0x0000007c6c8f9bf0 mode 2
Event: 8.848 Thread 0x000002442c985e90 Uncommon trap: trap_request=0xffffffc6 fr.pc=0x0000024419b835e0 relative=0x0000000000000400
Event: 8.848 Thread 0x000002442c985e90 Uncommon trap: reason=bimorphic_or_optimized_type_check action=maybe_recompile pc=0x0000024419b835e0 method=com.google.common.collect.ImmutableCollection$Builder.addAll(Ljava/lang/Iterable;)Lcom/google/common/collect/ImmutableCollection$Builder; @ 1 c2
Event: 8.848 Thread 0x000002442c985e90 DEOPT PACKING pc=0x0000024419b835e0 sp=0x0000007c6c8f9c20
Event: 8.848 Thread 0x000002442c985e90 DEOPT UNPACKING pc=0x0000024418f769a3 sp=0x0000007c6c8f9bf0 mode 2
Event: 8.848 Thread 0x000002442c985e90 Uncommon trap: trap_request=0xffffffc6 fr.pc=0x0000024419b835e0 relative=0x0000000000000400
Event: 8.848 Thread 0x000002442c985e90 Uncommon trap: reason=bimorphic_or_optimized_type_check action=maybe_recompile pc=0x0000024419b835e0 method=com.google.common.collect.ImmutableCollection$Builder.addAll(Ljava/lang/Iterable;)Lcom/google/common/collect/ImmutableCollection$Builder; @ 1 c2
Event: 8.848 Thread 0x000002442c985e90 DEOPT PACKING pc=0x0000024419b835e0 sp=0x0000007c6c8f9c20
Event: 8.848 Thread 0x000002442c985e90 DEOPT UNPACKING pc=0x0000024418f769a3 sp=0x0000007c6c8f9bf0 mode 2
Event: 8.860 Thread 0x000002442c985e90 Uncommon trap: trap_request=0xffffffc6 fr.pc=0x0000024419827240 relative=0x0000000000000440
Event: 8.860 Thread 0x000002442c985e90 Uncommon trap: reason=bimorphic_or_optimized_type_check action=maybe_recompile pc=0x0000024419827240 method=java.util.Spliterators$IteratorSpliterator.tryAdvance(Ljava/util/function/Consumer;)Z @ 50 c2
Event: 8.860 Thread 0x000002442c985e90 DEOPT PACKING pc=0x0000024419827240 sp=0x0000007c6c8fa060
Event: 8.860 Thread 0x000002442c985e90 DEOPT UNPACKING pc=0x0000024418f769a3 sp=0x0000007c6c8fa000 mode 2
Event: 8.870 Thread 0x000002442c985e90 Uncommon trap: trap_request=0xffffff45 fr.pc=0x00000244196aead4 relative=0x0000000000000614
Event: 8.870 Thread 0x000002442c985e90 Uncommon trap: reason=unstable_if action=reinterpret pc=0x00000244196aead4 method=java.lang.AbstractStringBuilder.append(Ljava/lang/String;)Ljava/lang/AbstractStringBuilder; @ 1 c2
Event: 8.870 Thread 0x000002442c985e90 DEOPT PACKING pc=0x00000244196aead4 sp=0x0000007c6c8f9cc0
Event: 8.870 Thread 0x000002442c985e90 DEOPT UNPACKING pc=0x0000024418f769a3 sp=0x0000007c6c8f9c40 mode 2

Classes unloaded (0 events):
No events

Classes redefined (0 events):
No events

Internal exceptions (20 events):
Event: 7.849 Thread 0x000002442c985e90 Exception <a 'java/lang/ClassNotFoundException'{0x0000000086b016c0}: com/android/build/gradle/internal/api/ReadOnlyBaseConfigBeanInfo> (0x0000000086b016c0) 
thrown [s\src\hotspot\share\classfile\systemDictionary.cpp, line 256]
Event: 7.850 Thread 0x000002442c985e90 Exception <a 'java/lang/ClassNotFoundException'{0x0000000086b0f038}: com/android/build/gradle/internal/api/ReadOnlyBaseConfigCustomizer> (0x0000000086b0f038) 
thrown [s\src\hotspot\share\classfile\systemDictionary.cpp, line 256]
Event: 7.851 Thread 0x000002442c985e90 Exception <a 'java/lang/ClassNotFoundException'{0x0000000086b2d558}: com/android/build/gradle/internal/api/ReadOnlyBuildTypeCustomizer> (0x0000000086b2d558) 
thrown [s\src\hotspot\share\classfile\systemDictionary.cpp, line 256]
Event: 8.099 Thread 0x000002442c985e90 Implicit null exception at 0x0000024419b46b39 to 0x0000024419b47484
Event: 8.099 Thread 0x000002442c985e90 Implicit null exception at 0x0000024419b44479 to 0x0000024419b446b4
Event: 8.099 Thread 0x000002442c985e90 Implicit null exception at 0x0000024419b6d873 to 0x0000024419b6db80
Event: 8.099 Thread 0x000002442c985e90 Implicit null exception at 0x0000024419a6de45 to 0x0000024419a6e7d0
Event: 8.099 Thread 0x000002442c985e90 Implicit null exception at 0x0000024419a6bfdb to 0x0000024419a6c064
Event: 8.099 Thread 0x000002442c985e90 Implicit null exception at 0x0000024419a6de45 to 0x0000024419a6e7d0
Event: 8.099 Thread 0x000002442c985e90 Implicit null exception at 0x0000024419a6de45 to 0x0000024419a6e7d0
Event: 8.100 Thread 0x000002442c985e90 Implicit null exception at 0x0000024419a6de45 to 0x0000024419a6e7d0
Event: 8.101 Thread 0x000002442c985e90 Implicit null exception at 0x0000024419b44c8c to 0x0000024419b44f2c
Event: 8.411 Thread 0x000002442c985e90 Exception <a 'sun/nio/fs/WindowsException'{0x00000000865cce80}> (0x00000000865cce80) 
thrown [s\src\hotspot\share\prims\jni.cpp, line 517]
Event: 8.484 Thread 0x000002442c985e90 Exception <a 'java/lang/NullPointerException'{0x000000008d43c110}> (0x000000008d43c110) 
thrown [s\src\hotspot\share\interpreter\linkResolver.cpp, line 1447]
Event: 8.555 Thread 0x000002442c985e90 Implicit null exception at 0x00000244199e6e9b to 0x00000244199e905c
Event: 8.695 Thread 0x000002442c985e90 Exception <a 'sun/nio/fs/WindowsException'{0x0000000087367380}> (0x0000000087367380) 
thrown [s\src\hotspot\share\prims\jni.cpp, line 517]
Event: 8.697 Thread 0x000002442c985e90 Exception <a 'sun/nio/fs/WindowsException'{0x0000000087368720}> (0x0000000087368720) 
thrown [s\src\hotspot\share\prims\jni.cpp, line 517]
Event: 8.697 Thread 0x000002442c985e90 Exception <a 'sun/nio/fs/WindowsException'{0x0000000087369af8}> (0x0000000087369af8) 
thrown [s\src\hotspot\share\prims\jni.cpp, line 517]
Event: 8.697 Thread 0x000002442c985e90 Exception <a 'sun/nio/fs/WindowsException'{0x000000008736aed0}> (0x000000008736aed0) 
thrown [s\src\hotspot\share\prims\jni.cpp, line 517]
Event: 8.870 Thread 0x000002442c985e90 Implicit null exception at 0x00000244196ae4f2 to 0x00000244196aeabc

VM Operations (20 events):
Event: 8.662 Executing VM operation: HandshakeAllThreads
Event: 8.662 Executing VM operation: HandshakeAllThreads done
Event: 8.696 Executing VM operation: HandshakeAllThreads
Event: 8.696 Executing VM operation: HandshakeAllThreads done
Event: 8.696 Executing VM operation: HandshakeAllThreads
Event: 8.697 Executing VM operation: HandshakeAllThreads done
Event: 8.712 Executing VM operation: ICBufferFull
Event: 8.712 Executing VM operation: ICBufferFull done
Event: 8.713 Executing VM operation: HandshakeAllThreads
Event: 8.713 Executing VM operation: HandshakeAllThreads done
Event: 8.718 Executing VM operation: HandshakeAllThreads
Event: 8.718 Executing VM operation: HandshakeAllThreads done
Event: 8.736 Executing VM operation: HandshakeAllThreads
Event: 8.736 Executing VM operation: HandshakeAllThreads done
Event: 8.875 Executing VM operation: ICBufferFull
Event: 8.875 Executing VM operation: ICBufferFull done
Event: 8.890 Executing VM operation: G1CollectForAllocation
Event: 8.895 Executing VM operation: G1CollectForAllocation done
Event: 8.919 Executing VM operation: HandshakeAllThreads
Event: 8.919 Executing VM operation: HandshakeAllThreads done

Events (20 events):
Event: 8.749 Thread 0x000002442989ef70 flushing nmethod 0x0000024412d6a010
Event: 8.749 Thread 0x000002442989ef70 flushing nmethod 0x0000024412d6b090
Event: 8.787 loading class java/util/concurrent/ConcurrentSkipListMap$KeySet
Event: 8.788 loading class java/util/concurrent/ConcurrentSkipListMap$KeySet done
Event: 8.788 loading class java/util/concurrent/ConcurrentSkipListMap$KeyIterator
Event: 8.788 loading class java/util/concurrent/ConcurrentSkipListMap$KeyIterator done
Event: 8.788 loading class java/net/InetAddress$NameServiceAddresses
Event: 8.788 loading class java/net/InetAddress$Addresses
Event: 8.788 loading class java/net/InetAddress$Addresses done
Event: 8.788 loading class java/net/InetAddress$NameServiceAddresses done
Event: 8.790 loading class sun/net/InetAddressCachePolicy
Event: 8.790 loading class sun/net/InetAddressCachePolicy done
Event: 8.790 loading class sun/net/InetAddressCachePolicy$1
Event: 8.790 loading class sun/net/InetAddressCachePolicy$1 done
Event: 8.790 loading class sun/net/InetAddressCachePolicy$2
Event: 8.791 loading class sun/net/InetAddressCachePolicy$2 done
Event: 8.791 loading class java/net/InetAddress$CachedAddresses
Event: 8.791 loading class java/net/InetAddress$CachedAddresses done
Event: 8.791 loading class java/net/InetAddress$CachedLocalHost
Event: 8.791 loading class java/net/InetAddress$CachedLocalHost done


Dynamic libraries:
0x00007ff7d35a0000 - 0x00007ff7d35aa000 	D:\android\jbr\bin\java.exe
0x00007ff8a4670000 - 0x00007ff8a4868000 	C:\windows\SYSTEM32\ntdll.dll
0x00007ff8a3c00000 - 0x00007ff8a3cbd000 	C:\windows\System32\KERNEL32.DLL
0x00007ff8a2010000 - 0x00007ff8a2306000 	C:\windows\System32\KERNELBASE.dll
0x00007ff8a25c0000 - 0x00007ff8a26c0000 	C:\windows\System32\ucrtbase.dll
0x00007ff8780e0000 - 0x00007ff8780f7000 	D:\android\jbr\bin\jli.dll
0x00007ff870bb0000 - 0x00007ff870bcb000 	D:\android\jbr\bin\VCRUNTIME140.dll
0x00007ff8a31d0000 - 0x00007ff8a336e000 	C:\windows\System32\USER32.dll
0x00007ff88afa0000 - 0x00007ff88b23a000 	C:\windows\WinSxS\amd64_microsoft.windows.common-controls_6595b64144ccf1df_6.0.19041.3636_none_60b6a03d71f818d5\COMCTL32.dll
0x00007ff8a2590000 - 0x00007ff8a25b2000 	C:\windows\System32\win32u.dll
0x00007ff8a4300000 - 0x00007ff8a439e000 	C:\windows\System32\msvcrt.dll
0x00007ff8a3cc0000 - 0x00007ff8a3cec000 	C:\windows\System32\GDI32.dll
0x00007ff8a2470000 - 0x00007ff8a258a000 	C:\windows\System32\gdi32full.dll
0x00007ff8a2360000 - 0x00007ff8a23fd000 	C:\windows\System32\msvcp_win.dll
0x00007ff8a3130000 - 0x00007ff8a3160000 	C:\windows\System32\IMM32.DLL
0x00007ff870ba0000 - 0x00007ff870bac000 	D:\android\jbr\bin\vcruntime140_1.dll
0x00007ff870b10000 - 0x00007ff870b9d000 	D:\android\jbr\bin\msvcp140.dll
0x00007ff838be0000 - 0x00007ff83984e000 	D:\android\jbr\bin\server\jvm.dll
0x00007ff8a43a0000 - 0x00007ff8a4453000 	C:\windows\System32\ADVAPI32.dll
0x00007ff8a3cf0000 - 0x00007ff8a3d8f000 	C:\windows\System32\sechost.dll
0x00007ff8a26e0000 - 0x00007ff8a2806000 	C:\windows\System32\RPCRT4.dll
0x00007ff8a1d40000 - 0x00007ff8a1d67000 	C:\windows\System32\bcrypt.dll
0x00007ff891450000 - 0x00007ff891459000 	C:\windows\SYSTEM32\WSOCK32.dll
0x00007ff89cbe0000 - 0x00007ff89cbea000 	C:\windows\SYSTEM32\VERSION.dll
0x00007ff8986b0000 - 0x00007ff8986d7000 	C:\windows\SYSTEM32\WINMM.dll
0x00007ff8a4530000 - 0x00007ff8a459b000 	C:\windows\System32\WS2_32.dll
0x00007ff89fc10000 - 0x00007ff89fc22000 	C:\windows\SYSTEM32\kernel.appcore.dll
0x00007ff89bc80000 - 0x00007ff89bc8a000 	D:\android\jbr\bin\jimage.dll
0x00007ff89b860000 - 0x00007ff89ba44000 	C:\windows\SYSTEM32\DBGHELP.DLL
0x00007ff89bbc0000 - 0x00007ff89bbf4000 	C:\windows\SYSTEM32\dbgcore.DLL
0x00007ff8a1d70000 - 0x00007ff8a1df2000 	C:\windows\System32\bcryptPrimitives.dll
0x00007ff87b7d0000 - 0x00007ff87b7f5000 	D:\android\jbr\bin\java.dll
0x00007ff88b870000 - 0x00007ff88b888000 	D:\android\jbr\bin\zip.dll
0x00007ff8a2810000 - 0x00007ff8a2f55000 	C:\windows\System32\SHELL32.dll
0x00007ff89fe10000 - 0x00007ff8a05ab000 	C:\windows\SYSTEM32\windows.storage.dll
0x00007ff8a3fa0000 - 0x00007ff8a42f4000 	C:\windows\System32\combase.dll
0x00007ff8a1770000 - 0x00007ff8a179d000 	C:\windows\SYSTEM32\Wldp.dll
0x00007ff8a3550000 - 0x00007ff8a35fd000 	C:\windows\System32\SHCORE.dll
0x00007ff8a3170000 - 0x00007ff8a31c5000 	C:\windows\System32\shlwapi.dll
0x00007ff8a1c70000 - 0x00007ff8a1c95000 	C:\windows\SYSTEM32\profapi.dll
0x00007ff8819f0000 - 0x00007ff881a09000 	D:\android\jbr\bin\net.dll
0x00007ff89bef0000 - 0x00007ff89bffa000 	C:\windows\SYSTEM32\WINHTTP.dll
0x00007ff8a1460000 - 0x00007ff8a14ca000 	C:\windows\system32\mswsock.dll
0x00007ff87caa0000 - 0x00007ff87cab6000 	D:\android\jbr\bin\nio.dll
0x00007ff89a8d0000 - 0x00007ff89a8e0000 	D:\android\jbr\bin\verify.dll
0x00007fffabbc0000 - 0x00007fffabbe7000 	C:\Users\Alumno\.gradle\native\68d5fa5c4cc2d200863cafc0d521ce42e7d3e7ee720ec0a83991735586a16f82\windows-amd64\native-platform.dll
0x00007ff8709c0000 - 0x00007ff870b04000 	C:\Users\Alumno\.gradle\native\e376f236ea51e6404a007f0833ffe2c6e607c4080706a723a18a27aeea778392\windows-amd64\native-platform-file-events.dll
0x00007ff887530000 - 0x00007ff887539000 	D:\android\jbr\bin\management.dll
0x00007ff882100000 - 0x00007ff88210b000 	D:\android\jbr\bin\management_ext.dll
0x00007ff8a3120000 - 0x00007ff8a3128000 	C:\windows\System32\PSAPI.DLL
0x00007ff8a16d0000 - 0x00007ff8a16e8000 	C:\windows\SYSTEM32\CRYPTSP.dll
0x00007ff8a0d90000 - 0x00007ff8a0dc4000 	C:\windows\system32\rsaenh.dll
0x00007ff8a1c30000 - 0x00007ff8a1c5e000 	C:\windows\SYSTEM32\USERENV.dll
0x00007ff8a16c0000 - 0x00007ff8a16cc000 	C:\windows\SYSTEM32\CRYPTBASE.dll
0x00007ff8a1150000 - 0x00007ff8a118b000 	C:\windows\SYSTEM32\IPHLPAPI.DLL
0x00007ff8a3160000 - 0x00007ff8a3168000 	C:\windows\System32\NSI.dll
0x00007ff89cf80000 - 0x00007ff89cf97000 	C:\windows\SYSTEM32\dhcpcsvc6.DLL
0x00007ff89cf60000 - 0x00007ff89cf7d000 	C:\windows\SYSTEM32\dhcpcsvc.DLL
0x00007ff8a1190000 - 0x00007ff8a125a000 	C:\windows\SYSTEM32\DNSAPI.dll
0x00007ff89f4c0000 - 0x00007ff89f4c7000 	C:\windows\system32\wshunix.dll
0x00007ff8800a0000 - 0x00007ff8800b7000 	C:\windows\system32\napinsp.dll
0x00007ff880080000 - 0x00007ff88009b000 	C:\windows\system32\pnrpnsp.dll
0x00007ff891770000 - 0x00007ff891785000 	C:\windows\system32\wshbth.dll
0x00007ff89d210000 - 0x00007ff89d22d000 	C:\windows\system32\NLAapi.dll
0x00007ff880060000 - 0x00007ff880072000 	C:\windows\System32\winrnr.dll
0x00007ff89b480000 - 0x00007ff89b48a000 	C:\Windows\System32\rasadhlp.dll
0x00007ff89a080000 - 0x00007ff89a100000 	C:\windows\System32\fwpuclnt.dll

dbghelp: loaded successfully - version: 4.0.5 - missing functions: none
symbol engine: initialized successfully - sym options: 0x614 - pdb path: .;D:\android\jbr\bin;C:\windows\SYSTEM32;C:\windows\WinSxS\amd64_microsoft.windows.common-controls_6595b64144ccf1df_6.0.19041.3636_none_60b6a03d71f818d5;D:\android\jbr\bin\server;C:\Users\Alumno\.gradle\native\68d5fa5c4cc2d200863cafc0d521ce42e7d3e7ee720ec0a83991735586a16f82\windows-amd64;C:\Users\Alumno\.gradle\native\e376f236ea51e6404a007f0833ffe2c6e607c4080706a723a18a27aeea778392\windows-amd64

VM Arguments:
jvm_args: --add-opens=java.base/java.util=ALL-UNNAMED --add-opens=java.base/java.lang=ALL-UNNAMED --add-opens=java.base/java.lang.invoke=ALL-UNNAMED --add-opens=java.prefs/java.util.prefs=ALL-UNNAMED --add-opens=java.base/java.nio.charset=ALL-UNNAMED --add-opens=java.base/java.net=ALL-UNNAMED --add-opens=java.base/java.util.concurrent.atomic=ALL-UNNAMED -Xmx2048m -Dfile.encoding=UTF-8 -Duser.country=ES -Duser.language=es -Duser.variant 
java_command: org.gradle.launcher.daemon.bootstrap.GradleDaemon 8.0
java_class_path (initial): C:\Users\Alumno\.gradle\wrapper\dists\gradle-8.0-bin\ca5e32bp14vu59qr306oxotwh\gradle-8.0\lib\gradle-launcher-8.0.jar
Launcher Type: SUN_STANDARD

[Global flags]
     intx CICompilerCount                          = 12                                        {product} {ergonomic}
     uint ConcGCThreads                            = 3                                         {product} {ergonomic}
     uint G1ConcRefinementThreads                  = 13                                        {product} {ergonomic}
   size_t G1HeapRegionSize                         = 1048576                                   {product} {ergonomic}
    uintx GCDrainStackTargetSize                   = 64                                        {product} {ergonomic}
   size_t InitialHeapSize                          = 268435456                                 {product} {ergonomic}
   size_t MarkStackSize                            = 4194304                                   {product} {ergonomic}
   size_t MaxHeapSize                              = 2147483648                                {product} {command line}
   size_t MaxNewSize                               = 1287651328                                {product} {ergonomic}
   size_t MinHeapDeltaBytes                        = 1048576                                   {product} {ergonomic}
   size_t MinHeapSize                              = 8388608                                   {product} {ergonomic}
    uintx NonNMethodCodeHeapSize                   = 7602480                                {pd product} {ergonomic}
    uintx NonProfiledCodeHeapSize                  = 122027880                              {pd product} {ergonomic}
    uintx ProfiledCodeHeapSize                     = 122027880                              {pd product} {ergonomic}
    uintx ReservedCodeCacheSize                    = 251658240                              {pd product} {ergonomic}
     bool SegmentedCodeCache                       = true                                      {product} {ergonomic}
   size_t SoftMaxHeapSize                          = 2147483648                             {manageable} {ergonomic}
     bool UseCompressedClassPointers               = true                           {product lp64_product} {ergonomic}
     bool UseCompressedOops                        = true                           {product lp64_product} {ergonomic}
     bool UseG1GC                                  = true                                      {product} {ergonomic}
     bool UseLargePagesIndividualAllocation        = false                                  {pd product} {ergonomic}

Logging:
Log output configuration:
 #0: stdout all=warning uptime,level,tags
 #1: stderr all=off uptime,level,tags

Environment Variables:
PATH=C:\Program Files\Common Files\Oracle\Java\javapath;C:\windows\system32;C:\windows;C:\windows\System32\Wbem;C:\windows\System32\WindowsPowerShell\v1.0\;C:\windows\System32\OpenSSH\;C:\Program Files\dotnet\;D:\Git\cmd;C:\Program Files\Microsoft SQL Server\150\Tools\Binn\;C:\Program Files\Microsoft SQL Server\Client SDK\ODBC\170\Tools\Binn\;C:\Program Files (x86)\Microsoft SQL Server\160\Tools\Binn\;C:\Program Files\Microsoft SQL Server\160\Tools\Binn\;C:\Program Files\Microsoft SQL Server\160\DTS\Binn\;C:\Program Files (x86)\Microsoft SQL Server\160\DTS\Binn\;C:\Program Files\Azure Data Studio\bin;C:\Users\Alumno\.cargo\bin;C:\Users\Alumno\AppData\Local\Microsoft\WindowsApps;;C:\Users\Alumno\AppData\Local\Programs\Microsoft VS Code\bin;C:\Users\Alumno\.dotnet\tools;C:\Program Files\Azure Data Studio\bin
USERNAME=Alumno
OS=Windows_NT
PROCESSOR_IDENTIFIER=AMD64 Family 23 Model 1 Stepping 1, AuthenticAMD
TMP=C:\Users\Alumno\AppData\Local\Temp
TEMP=C:\Users\Alumno\AppData\Local\Temp


JNI global refs:
JNI global refs: 36, weak refs: 1

JNI global refs memory usage: 843, weak refs: 841


---------------  S Y S T E M  ---------------

OS:
 Windows 10 , 64 bit Build 19041 (10.0.19041.3636)
OS uptime: 0 days 1:07 hours

CPU: total 16 (initial active 16) (16 cores per cpu, 2 threads per core) family 23 model 1 stepping 1 microcode 0x0, cx8, cmov, fxsr, ht, mmx, 3dnowpref, sse, sse2, sse3, ssse3, sse4a, sse4.1, sse4.2, popcnt, lzcnt, tsc, tscinvbit, avx, avx2, aes, clmul, bmi1, bmi2, adx, sha, fma, vzeroupper, clflush, clflushopt

Memory: 4k page, system-wide physical 16320M (4304M free)
TotalPageFile size 16576M (AvailPageFile size 3M)
current process WorkingSet (physical memory assigned to process): 416M, peak: 416M
current process commit charge ("private bytes"): 463M, peak: 464M

vm_info: OpenJDK 64-Bit Server VM (17.0.6+0-b2043.56-10027231) for windows-amd64 JRE (17.0.6+0-b2043.56-10027231), built on Apr 28 2023 00:43:19 by "androidbuild" with MS VC++ 16.10 / 16.11 (VS2019)

END.
