#
# There is insufficient memory for the Java Runtime Environment to continue.
# Native memory allocation (malloc) failed to allocate 1617632 bytes for Chunk::new
# Possible reasons:
#   The system is out of physical RAM or swap space
#   The process is running with CompressedOops enabled, and the Java Heap may be blocking the growth of the native heap
# Possible solutions:
#   Reduce memory load on the system
#   Increase physical memory or swap space
#   Check if swap backing store is full
#   Decrease Java heap size (-Xmx/-Xms)
#   Decrease number of Java threads
#   Decrease Java thread stack sizes (-Xss)
#   Set larger code cache with -XX:ReservedCodeCacheSize=
#   JVM is running with Zero Based Compressed Oops mode in which the Java heap is
#     placed in the first 32GB address space. The Java Heap base address is the
#     maximum limit for the native heap growth. Please use -XX:HeapBaseMinAddress
#     to set the Java Heap base and to place the Java Heap above 32GB virtual address.
# This output file may be truncated or incomplete.
#
#  Out of Memory Error (arena.cpp:189), pid=1784, tid=12360
#
# JRE version: OpenJDK Runtime Environment (17.0.6) (build 17.0.6+0-b2043.56-10027231)
# Java VM: OpenJDK 64-Bit Server VM (17.0.6+0-b2043.56-10027231, mixed mode, tiered, compressed oops, compressed class ptrs, g1 gc, windows-amd64)
# No core dump will be written. Minidumps are not enabled by default on client versions of Windows
#

---------------  S U M M A R Y ------------

Command Line: org.jetbrains.kotlin.cli.jvm.K2JVMCompiler @D:\ProgramacionMultimedia\SuperHeroRoom\app\build\20240219_9924379941131649608.compiler.options

Host: AMD Ryzen 7 1800X Eight-Core Processor         , 16 cores, 15G,  Windows 10 , 64 bit Build 19041 (10.0.19041.3636)
Time: Mon Feb 19 16:26:48 2024 Hora estándar romance elapsed time: 4.686855 seconds (0d 0h 0m 4s)

---------------  T H R E A D  ---------------

Current thread (0x00000296db43ad80):  JavaThread "C2 CompilerThread2" daemon [_thread_in_native, id=12360, stack(0x0000009a68c00000,0x0000009a68d00000)]


Current CompileTask:
C2:   4686 7051       4       org.jetbrains.kotlin.types.TypeUtils::contains (301 bytes)

Stack: [0x0000009a68c00000,0x0000009a68d00000]
Native frames: (J=compiled Java code, j=interpreted, Vv=VM code, C=native code)
V  [jvm.dll+0x683c9a]
V  [jvm.dll+0x8427a4]
V  [jvm.dll+0x843f9e]
V  [jvm.dll+0x844603]
V  [jvm.dll+0x249b75]
V  [jvm.dll+0xabcac]
V  [jvm.dll+0xac27c]
V  [jvm.dll+0x368857]
V  [jvm.dll+0x332f31]
V  [jvm.dll+0x3323da]
V  [jvm.dll+0x21c201]
V  [jvm.dll+0x21b621]
V  [jvm.dll+0x1a4fdd]
V  [jvm.dll+0x22b098]
V  [jvm.dll+0x229159]
V  [jvm.dll+0x7f81ec]
V  [jvm.dll+0x7f274a]
V  [jvm.dll+0x682ad5]
C  [ucrtbase.dll+0x21bb2]
C  [KERNEL32.DLL+0x17344]
C  [ntdll.dll+0x526b1]


---------------  P R O C E S S  ---------------

Threads class SMR info:
_java_thread_list=0x00000296df7230c0, length=22, elements={
0x00000296b9e62ce0, 0x00000296da04dab0, 0x00000296da050580, 0x00000296da0a0cf0,
0x00000296da0a17b0, 0x00000296da0a4690, 0x00000296da0a5560, 0x00000296da0be7e0,
0x00000296da0c7100, 0x00000296da0cf600, 0x00000296da215d60, 0x00000296da231af0,
0x00000296da244010, 0x00000296da2a3770, 0x00000296da43c0e0, 0x00000296da653bf0,
0x00000296db43ad80, 0x00000296dccb2ec0, 0x00000296dccb5230, 0x00000296dccb4d20,
0x00000296dccb33d0, 0x00000296dccb4300
}

Java Threads: ( => current thread )
  0x00000296b9e62ce0 JavaThread "main" [_thread_in_Java, id=3428, stack(0x0000009a67000000,0x0000009a67100000)]
  0x00000296da04dab0 JavaThread "Reference Handler" daemon [_thread_blocked, id=7924, stack(0x0000009a67700000,0x0000009a67800000)]
  0x00000296da050580 JavaThread "Finalizer" daemon [_thread_blocked, id=13932, stack(0x0000009a67800000,0x0000009a67900000)]
  0x00000296da0a0cf0 JavaThread "Signal Dispatcher" daemon [_thread_blocked, id=7060, stack(0x0000009a67900000,0x0000009a67a00000)]
  0x00000296da0a17b0 JavaThread "Attach Listener" daemon [_thread_blocked, id=8560, stack(0x0000009a67a00000,0x0000009a67b00000)]
  0x00000296da0a4690 JavaThread "Service Thread" daemon [_thread_blocked, id=7868, stack(0x0000009a67b00000,0x0000009a67c00000)]
  0x00000296da0a5560 JavaThread "Monitor Deflation Thread" daemon [_thread_blocked, id=7576, stack(0x0000009a67c00000,0x0000009a67d00000)]
  0x00000296da0be7e0 JavaThread "C2 CompilerThread0" daemon [_thread_in_native, id=14788, stack(0x0000009a67d00000,0x0000009a67e00000)]
  0x00000296da0c7100 JavaThread "C1 CompilerThread0" daemon [_thread_blocked, id=15100, stack(0x0000009a67e00000,0x0000009a67f00000)]
  0x00000296da0cf600 JavaThread "Sweeper thread" daemon [_thread_blocked, id=16256, stack(0x0000009a67f00000,0x0000009a68000000)]
  0x00000296da215d60 JavaThread "C1 CompilerThread1" daemon [_thread_blocked, id=14464, stack(0x0000009a68000000,0x0000009a68100000)]
  0x00000296da231af0 JavaThread "Notification Thread" daemon [_thread_blocked, id=13508, stack(0x0000009a68100000,0x0000009a68200000)]
  0x00000296da244010 JavaThread "Common-Cleaner" daemon [_thread_blocked, id=304, stack(0x0000009a68300000,0x0000009a68400000)]
  0x00000296da2a3770 JavaThread "C2 CompilerThread1" daemon [_thread_in_native, id=15336, stack(0x0000009a68400000,0x0000009a68500000)]
  0x00000296da43c0e0 JavaThread "C1 CompilerThread2" daemon [_thread_blocked, id=8528, stack(0x0000009a68500000,0x0000009a68600000)]
  0x00000296da653bf0 JavaThread "C1 CompilerThread3" daemon [_thread_blocked, id=8452, stack(0x0000009a68600000,0x0000009a68700000)]
=>0x00000296db43ad80 JavaThread "C2 CompilerThread2" daemon [_thread_in_native, id=12360, stack(0x0000009a68c00000,0x0000009a68d00000)]
  0x00000296dccb2ec0 JavaThread "C2 CompilerThread3" daemon [_thread_in_native, id=3776, stack(0x0000009a69500000,0x0000009a69600000)]
  0x00000296dccb5230 JavaThread "C2 CompilerThread4" daemon [_thread_in_native, id=13416, stack(0x0000009a69600000,0x0000009a69700000)]
  0x00000296dccb4d20 JavaThread "C2 CompilerThread5" daemon [_thread_in_native, id=4588, stack(0x0000009a69700000,0x0000009a69800000)]
  0x00000296dccb33d0 JavaThread "C2 CompilerThread6" daemon [_thread_in_native, id=14076, stack(0x0000009a69800000,0x0000009a69900000)]
  0x00000296dccb4300 JavaThread "C2 CompilerThread7" daemon [_thread_in_native, id=8660, stack(0x0000009a69900000,0x0000009a69a00000)]

Other Threads:
  0x00000296da04c000 VMThread "VM Thread" [stack: 0x0000009a67600000,0x0000009a67700000] [id=14820]
  0x00000296d93ea160 WatcherThread [stack: 0x0000009a68200000,0x0000009a68300000] [id=4024]
  0x00000296b9ecfc20 GCTaskThread "GC Thread#0" [stack: 0x0000009a67100000,0x0000009a67200000] [id=9068]
  0x00000296da780430 GCTaskThread "GC Thread#1" [stack: 0x0000009a68700000,0x0000009a68800000] [id=13828]
  0x00000296da79f840 GCTaskThread "GC Thread#2" [stack: 0x0000009a68800000,0x0000009a68900000] [id=16060]
  0x00000296da781990 GCTaskThread "GC Thread#3" [stack: 0x0000009a68900000,0x0000009a68a00000] [id=5016]
  0x00000296da7ae810 GCTaskThread "GC Thread#4" [stack: 0x0000009a68a00000,0x0000009a68b00000] [id=9192]
  0x00000296da7ae000 GCTaskThread "GC Thread#5" [stack: 0x0000009a68b00000,0x0000009a68c00000] [id=14368]
  0x00000296da7ae2b0 GCTaskThread "GC Thread#6" [stack: 0x0000009a68d00000,0x0000009a68e00000] [id=1752]
  0x00000296da7ae560 GCTaskThread "GC Thread#7" [stack: 0x0000009a68e00000,0x0000009a68f00000] [id=14308]
  0x00000296da7ad7f0 GCTaskThread "GC Thread#8" [stack: 0x0000009a68f00000,0x0000009a69000000] [id=14472]
  0x00000296da7aeac0 GCTaskThread "GC Thread#9" [stack: 0x0000009a69000000,0x0000009a69100000] [id=15120]
  0x00000296dbc70300 GCTaskThread "GC Thread#10" [stack: 0x0000009a69300000,0x0000009a69400000] [id=15740]
  0x00000296dbc70dc0 GCTaskThread "GC Thread#11" [stack: 0x0000009a69400000,0x0000009a69500000] [id=15868]
  0x00000296dbc70860 GCTaskThread "GC Thread#12" [stack: 0x0000009a69a00000,0x0000009a69b00000] [id=13404]
  0x00000296b9ee0a80 ConcurrentGCThread "G1 Main Marker" [stack: 0x0000009a67200000,0x0000009a67300000] [id=14080]
  0x00000296b9ee1490 ConcurrentGCThread "G1 Conc#0" [stack: 0x0000009a67300000,0x0000009a67400000] [id=4172]
  0x00000296da7aed70 ConcurrentGCThread "G1 Conc#1" [stack: 0x0000009a69100000,0x0000009a69200000] [id=7864]
  0x00000296da7af020 ConcurrentGCThread "G1 Conc#2" [stack: 0x0000009a69200000,0x0000009a69300000] [id=2624]
  0x00000296b9f2e230 ConcurrentGCThread "G1 Refine#0" [stack: 0x0000009a67400000,0x0000009a67500000] [id=3984]
  0x00000296decda330 ConcurrentGCThread "G1 Refine#1" [stack: 0x0000009a69b00000,0x0000009a69c00000] [id=15032]
  0x00000296decda610 ConcurrentGCThread "G1 Refine#2" [stack: 0x0000009a69c00000,0x0000009a69d00000] [id=5984]
  0x00000296b9f2eb60 ConcurrentGCThread "G1 Service" [stack: 0x0000009a67500000,0x0000009a67600000] [id=15404]

Threads with active compile tasks:
C2 CompilerThread0     4705 7148       4       org.jetbrains.kotlin.resolve.lazy.ForceResolveUtil::forceResolveAllContents (46 bytes)
C1 CompilerThread0     4705 7281       3       org.jetbrains.kotlin.resolve.calls.tower.KotlinResolutionStatelessCallbacksImpl::getVariableCandidateIfInvoke (34 bytes)
C1 CompilerThread1     4705 7280       3       org.jetbrains.kotlin.resolve.calls.components.candidate.SimpleResolutionCandidate::getVariableCandidateIfInvoke (20 bytes)
C2 CompilerThread1     4706 7147       4       org.jetbrains.kotlin.resolve.lazy.ForceResolveUtil::doForceResolveAllContents (222 bytes)
C2 CompilerThread2     4706 7051       4       org.jetbrains.kotlin.types.TypeUtils::contains (301 bytes)
C2 CompilerThread3     4706 6962       4       org.jetbrains.kotlin.com.intellij.psi.stubs.MaterialStubList$1::visitStub (110 bytes)
C2 CompilerThread4     4706 7130       4       org.jetbrains.org.objectweb.asm.ClassReader::readElementValue (1237 bytes)
C2 CompilerThread5     4706 7146       4       org.jetbrains.kotlin.metadata.jvm.deserialization.JvmNameResolverBase::getString (450 bytes)
C2 CompilerThread6     4706 6942       4       org.jetbrains.kotlin.com.intellij.psi.stubs.StubBase::<init> (46 bytes)
C2 CompilerThread7     4706 7143       4       org.jetbrains.kotlin.com.intellij.openapi.application.ApplicationManager::getApplication (4 bytes)

VM state: not at safepoint (normal execution)

VM Mutex/Monitor currently owned by a thread:  ([mutex/lock_event])
[0x00000296b9e5ef60] MethodCompileQueue_lock - owner thread: 0x00000296dccb4300

Heap address: 0x0000000700e00000, size: 4082 MB, Compressed Oops mode: Zero based, Oop shift amount: 3

CDS archive(s) not mapped
Compressed class space mapped at: 0x0000000800000000-0x0000000840000000, reserved size: 1073741824
Narrow klass base: 0x0000000800000000, Narrow klass shift: 0, Narrow klass range: 0x40000000

GC Precious Log:
 CPUs: 16 total, 16 available
 Memory: 16320M
 Large Page Support: Disabled
 NUMA Support: Disabled
 Compressed Oops: Enabled (Zero based)
 Heap Region Size: 2M
 Heap Min Capacity: 8M
 Heap Initial Capacity: 256M
 Heap Max Capacity: 4082M
 Pre-touch: Disabled
 Parallel Workers: 13
 Concurrent Workers: 3
 Concurrent Refinement Workers: 13
 Periodic GC: Disabled

Heap:
 garbage-first heap   total 151552K, used 54437K [0x0000000700e00000, 0x0000000800000000)
  region size 2048K, 9 young (18432K), 2 survivors (4096K)
 Metaspace       used 61597K, committed 61888K, reserved 1105920K
  class space    used 7468K, committed 7616K, reserved 1048576K

Heap Regions: E=young(eden), S=young(survivor), O=old, HS=humongous(starts), HC=humongous(continues), CS=collection set, F=free, OA=open archive, CA=closed archive, TAMS=top-at-mark-start (previous, next)
|   0|0x0000000700e00000, 0x0000000701000000, 0x0000000701000000|100%|HS|  |TAMS 0x0000000701000000, 0x0000000700e00000| Complete 
|   1|0x0000000701000000, 0x0000000701200000, 0x0000000701200000|100%|HC|  |TAMS 0x0000000701200000, 0x0000000701000000| Complete 
|   2|0x0000000701200000, 0x0000000701400000, 0x0000000701400000|100%| O|  |TAMS 0x0000000701400000, 0x0000000701200000| Untracked 
|   3|0x0000000701400000, 0x0000000701600000, 0x0000000701600000|100%|HS|  |TAMS 0x0000000701600000, 0x0000000701400000| Complete 
|   4|0x0000000701600000, 0x0000000701800000, 0x0000000701800000|100%| O|  |TAMS 0x0000000701800000, 0x0000000701600000| Untracked 
|   5|0x0000000701800000, 0x0000000701a00000, 0x0000000701a00000|100%| O|  |TAMS 0x0000000701a00000, 0x0000000701800000| Untracked 
|   6|0x0000000701a00000, 0x0000000701c00000, 0x0000000701c00000|100%| O|  |TAMS 0x0000000701c00000, 0x0000000701a00000| Untracked 
|   7|0x0000000701c00000, 0x0000000701e00000, 0x0000000701e00000|100%| O|  |TAMS 0x0000000701e00000, 0x0000000701c00000| Untracked 
|   8|0x0000000701e00000, 0x0000000702000000, 0x0000000702000000|100%| O|  |TAMS 0x0000000702000000, 0x0000000701e00000| Untracked 
|   9|0x0000000702000000, 0x0000000702200000, 0x0000000702200000|100%| O|  |TAMS 0x0000000702200000, 0x0000000702000000| Untracked 
|  10|0x0000000702200000, 0x0000000702400000, 0x0000000702400000|100%| O|  |TAMS 0x0000000702400000, 0x0000000702200000| Untracked 
|  11|0x0000000702400000, 0x0000000702600000, 0x0000000702600000|100%| O|  |TAMS 0x0000000702600000, 0x0000000702400000| Untracked 
|  12|0x0000000702600000, 0x0000000702800000, 0x0000000702800000|100%| O|  |TAMS 0x0000000702800000, 0x0000000702600000| Untracked 
|  13|0x0000000702800000, 0x0000000702a00000, 0x0000000702a00000|100%| O|  |TAMS 0x0000000702997800, 0x0000000702800000| Untracked 
|  14|0x0000000702a00000, 0x0000000702c00000, 0x0000000702c00000|100%| O|  |TAMS 0x0000000702a00000, 0x0000000702a00000| Untracked 
|  15|0x0000000702c00000, 0x0000000702e00000, 0x0000000702e00000|100%| O|  |TAMS 0x0000000702c00000, 0x0000000702c00000| Untracked 
|  16|0x0000000702e00000, 0x0000000703000000, 0x0000000703000000|100%| O|  |TAMS 0x0000000702e00000, 0x0000000702e00000| Untracked 
|  17|0x0000000703000000, 0x0000000703200000, 0x0000000703200000|100%| O|  |TAMS 0x0000000703000000, 0x0000000703000000| Untracked 
|  18|0x0000000703200000, 0x0000000703400000, 0x0000000703400000|100%| O|  |TAMS 0x0000000703200000, 0x0000000703200000| Untracked 
|  19|0x0000000703400000, 0x0000000703400000, 0x0000000703600000|  0%| F|  |TAMS 0x0000000703400000, 0x0000000703400000| Untracked 
|  20|0x0000000703600000, 0x0000000703600000, 0x0000000703800000|  0%| F|  |TAMS 0x0000000703600000, 0x0000000703600000| Untracked 
|  21|0x0000000703800000, 0x0000000703800000, 0x0000000703a00000|  0%| F|  |TAMS 0x0000000703800000, 0x0000000703800000| Untracked 
|  22|0x0000000703a00000, 0x0000000703a00000, 0x0000000703c00000|  0%| F|  |TAMS 0x0000000703a00000, 0x0000000703a00000| Untracked 
|  23|0x0000000703c00000, 0x0000000703c00000, 0x0000000703e00000|  0%| F|  |TAMS 0x0000000703c00000, 0x0000000703c00000| Untracked 
|  24|0x0000000703e00000, 0x0000000703e00000, 0x0000000704000000|  0%| F|  |TAMS 0x0000000703e00000, 0x0000000703e00000| Untracked 
|  25|0x0000000704000000, 0x0000000704000000, 0x0000000704200000|  0%| F|  |TAMS 0x0000000704000000, 0x0000000704000000| Untracked 
|  26|0x0000000704200000, 0x0000000704200000, 0x0000000704400000|  0%| F|  |TAMS 0x0000000704200000, 0x0000000704200000| Untracked 
|  27|0x0000000704400000, 0x0000000704400000, 0x0000000704600000|  0%| F|  |TAMS 0x0000000704400000, 0x0000000704400000| Untracked 
|  28|0x0000000704600000, 0x0000000704600000, 0x0000000704800000|  0%| F|  |TAMS 0x0000000704600000, 0x0000000704600000| Untracked 
|  29|0x0000000704800000, 0x0000000704800000, 0x0000000704a00000|  0%| F|  |TAMS 0x0000000704800000, 0x0000000704800000| Untracked 
|  30|0x0000000704a00000, 0x0000000704a00000, 0x0000000704c00000|  0%| F|  |TAMS 0x0000000704a00000, 0x0000000704a00000| Untracked 
|  31|0x0000000704c00000, 0x0000000704c00000, 0x0000000704e00000|  0%| F|  |TAMS 0x0000000704c00000, 0x0000000704c00000| Untracked 
|  32|0x0000000704e00000, 0x0000000704e00000, 0x0000000705000000|  0%| F|  |TAMS 0x0000000704e00000, 0x0000000704e00000| Untracked 
|  33|0x0000000705000000, 0x0000000705000000, 0x0000000705200000|  0%| F|  |TAMS 0x0000000705000000, 0x0000000705000000| Untracked 
|  34|0x0000000705200000, 0x0000000705200000, 0x0000000705400000|  0%| F|  |TAMS 0x0000000705200000, 0x0000000705200000| Untracked 
|  35|0x0000000705400000, 0x0000000705400000, 0x0000000705600000|  0%| F|  |TAMS 0x0000000705400000, 0x0000000705400000| Untracked 
|  36|0x0000000705600000, 0x0000000705600000, 0x0000000705800000|  0%| F|  |TAMS 0x0000000705600000, 0x0000000705600000| Untracked 
|  37|0x0000000705800000, 0x0000000705800000, 0x0000000705a00000|  0%| F|  |TAMS 0x0000000705800000, 0x0000000705800000| Untracked 
|  38|0x0000000705a00000, 0x0000000705a00000, 0x0000000705c00000|  0%| F|  |TAMS 0x0000000705a00000, 0x0000000705a00000| Untracked 
|  39|0x0000000705c00000, 0x0000000705c00000, 0x0000000705e00000|  0%| F|  |TAMS 0x0000000705c00000, 0x0000000705c00000| Untracked 
|  40|0x0000000705e00000, 0x0000000705e00000, 0x0000000706000000|  0%| F|  |TAMS 0x0000000705e00000, 0x0000000705e00000| Untracked 
|  41|0x0000000706000000, 0x0000000706000000, 0x0000000706200000|  0%| F|  |TAMS 0x0000000706000000, 0x0000000706000000| Untracked 
|  42|0x0000000706200000, 0x0000000706200000, 0x0000000706400000|  0%| F|  |TAMS 0x0000000706200000, 0x0000000706200000| Untracked 
|  43|0x0000000706400000, 0x0000000706400000, 0x0000000706600000|  0%| F|  |TAMS 0x0000000706400000, 0x0000000706400000| Untracked 
|  44|0x0000000706600000, 0x0000000706600000, 0x0000000706800000|  0%| F|  |TAMS 0x0000000706600000, 0x0000000706600000| Untracked 
|  45|0x0000000706800000, 0x0000000706800000, 0x0000000706a00000|  0%| F|  |TAMS 0x0000000706800000, 0x0000000706800000| Untracked 
|  46|0x0000000706a00000, 0x0000000706a00000, 0x0000000706c00000|  0%| F|  |TAMS 0x0000000706a00000, 0x0000000706a00000| Untracked 
|  47|0x0000000706c00000, 0x0000000706c00000, 0x0000000706e00000|  0%| F|  |TAMS 0x0000000706c00000, 0x0000000706c00000| Untracked 
|  48|0x0000000706e00000, 0x0000000706e00000, 0x0000000707000000|  0%| F|  |TAMS 0x0000000706e00000, 0x0000000706e00000| Untracked 
|  49|0x0000000707000000, 0x0000000707000000, 0x0000000707200000|  0%| F|  |TAMS 0x0000000707000000, 0x0000000707000000| Untracked 
|  50|0x0000000707200000, 0x0000000707200000, 0x0000000707400000|  0%| F|  |TAMS 0x0000000707200000, 0x0000000707200000| Untracked 
|  51|0x0000000707400000, 0x0000000707400000, 0x0000000707600000|  0%| F|  |TAMS 0x0000000707400000, 0x0000000707400000| Untracked 
|  52|0x0000000707600000, 0x0000000707600000, 0x0000000707800000|  0%| F|  |TAMS 0x0000000707600000, 0x0000000707600000| Untracked 
|  53|0x0000000707800000, 0x0000000707800000, 0x0000000707a00000|  0%| F|  |TAMS 0x0000000707800000, 0x0000000707800000| Untracked 
|  54|0x0000000707a00000, 0x0000000707a00000, 0x0000000707c00000|  0%| F|  |TAMS 0x0000000707a00000, 0x0000000707a00000| Untracked 
|  55|0x0000000707c00000, 0x0000000707c00000, 0x0000000707e00000|  0%| F|  |TAMS 0x0000000707c00000, 0x0000000707c00000| Untracked 
|  56|0x0000000707e00000, 0x0000000707e00000, 0x0000000708000000|  0%| F|  |TAMS 0x0000000707e00000, 0x0000000707e00000| Untracked 
|  57|0x0000000708000000, 0x0000000708000000, 0x0000000708200000|  0%| F|  |TAMS 0x0000000708000000, 0x0000000708000000| Untracked 
|  58|0x0000000708200000, 0x0000000708200000, 0x0000000708400000|  0%| F|  |TAMS 0x0000000708200000, 0x0000000708200000| Untracked 
|  59|0x0000000708400000, 0x0000000708400000, 0x0000000708600000|  0%| F|  |TAMS 0x0000000708400000, 0x0000000708400000| Untracked 
|  60|0x0000000708600000, 0x0000000708600000, 0x0000000708800000|  0%| F|  |TAMS 0x0000000708600000, 0x0000000708600000| Untracked 
|  61|0x0000000708800000, 0x0000000708929630, 0x0000000708a00000| 58%| S|CS|TAMS 0x0000000708800000, 0x0000000708800000| Complete 
|  62|0x0000000708a00000, 0x0000000708c00000, 0x0000000708c00000|100%| S|CS|TAMS 0x0000000708a00000, 0x0000000708a00000| Complete 
|  63|0x0000000708c00000, 0x0000000708c00000, 0x0000000708e00000|  0%| F|  |TAMS 0x0000000708c00000, 0x0000000708c00000| Untracked 
|  64|0x0000000708e00000, 0x0000000708e00000, 0x0000000709000000|  0%| F|  |TAMS 0x0000000708e00000, 0x0000000708e00000| Untracked 
|  65|0x0000000709000000, 0x0000000709000000, 0x0000000709200000|  0%| F|  |TAMS 0x0000000709000000, 0x0000000709000000| Untracked 
|  66|0x0000000709200000, 0x0000000709200000, 0x0000000709400000|  0%| F|  |TAMS 0x0000000709200000, 0x0000000709200000| Untracked 
|  67|0x0000000709400000, 0x0000000709500800, 0x0000000709600000| 50%| E|  |TAMS 0x0000000709400000, 0x0000000709400000| Complete 
|  68|0x0000000709600000, 0x0000000709800000, 0x0000000709800000|100%| E|CS|TAMS 0x0000000709600000, 0x0000000709600000| Complete 
|  69|0x0000000709800000, 0x0000000709a00000, 0x0000000709a00000|100%| E|CS|TAMS 0x0000000709800000, 0x0000000709800000| Complete 
| 105|0x000000070e000000, 0x000000070e200000, 0x000000070e200000|100%| E|CS|TAMS 0x000000070e000000, 0x000000070e000000| Complete 
| 106|0x000000070e200000, 0x000000070e400000, 0x000000070e400000|100%| E|CS|TAMS 0x000000070e200000, 0x000000070e200000| Complete 
| 107|0x000000070e400000, 0x000000070e600000, 0x000000070e600000|100%| E|CS|TAMS 0x000000070e400000, 0x000000070e400000| Complete 
| 127|0x0000000710c00000, 0x0000000710e00000, 0x0000000710e00000|100%| E|CS|TAMS 0x0000000710c00000, 0x0000000710c00000| Complete 

Card table byte_map: [0x00000296cd3b0000,0x00000296cdbb0000] _byte_map_base: 0x00000296c9ba9000

Marking Bits (Prev, Next): (CMBitMap*) 0x00000296b9ed0280, (CMBitMap*) 0x00000296b9ed0240
 Prev Bits: [0x00000296d2380000, 0x00000296d6348000)
 Next Bits: [0x00000296ce3b0000, 0x00000296d2378000)

Polling page: 0x00000296b9630000

Metaspace:

Usage:
  Non-class:     52.86 MB used.
      Class:      7.29 MB used.
       Both:     60.16 MB used.

Virtual space:
  Non-class space:       56.00 MB reserved,      53.00 MB ( 95%) committed,  7 nodes.
      Class space:        1.00 GB reserved,       7.44 MB ( <1%) committed,  1 nodes.
             Both:        1.05 GB reserved,      60.44 MB (  6%) committed. 

Chunk freelists:
   Non-Class:  3.00 MB
       Class:  622.00 KB
        Both:  3.61 MB

MaxMetaspaceSize: unlimited
CompressedClassSpaceSize: 1.00 GB
Initial GC threshold: 21.00 MB
Current GC threshold: 98.38 MB
CDS: off
MetaspaceReclaimPolicy: balanced
 - commit_granule_bytes: 65536.
 - commit_granule_words: 8192.
 - virtual_space_node_default_size: 1048576.
 - enlarge_chunks_in_place: 1.
 - new_chunks_are_fully_committed: 0.
 - uncommit_free_chunks: 1.
 - use_allocation_guard: 0.
 - handle_deallocations: 1.


Internal statistics:

num_allocs_failed_limit: 9.
num_arena_births: 270.
num_arena_deaths: 0.
num_vsnodes_births: 8.
num_vsnodes_deaths: 0.
num_space_committed: 965.
num_space_uncommitted: 0.
num_chunks_returned_to_freelist: 9.
num_chunks_taken_from_freelist: 2154.
num_chunk_merges: 9.
num_chunk_splits: 1770.
num_chunks_enlarged: 1572.
num_purges: 0.
num_inconsistent_stats: 0.

CodeHeap 'non-profiled nmethods': size=119168Kb used=3830Kb max_used=3830Kb free=115337Kb
 bounds [0x00000296c4ed0000, 0x00000296c5290000, 0x00000296cc330000]
CodeHeap 'profiled nmethods': size=119104Kb used=15766Kb max_used=15766Kb free=103337Kb
 bounds [0x00000296bd330000, 0x00000296be2a0000, 0x00000296c4780000]
CodeHeap 'non-nmethods': size=7488Kb used=3009Kb max_used=3076Kb free=4478Kb
 bounds [0x00000296c4780000, 0x00000296c4a90000, 0x00000296c4ed0000]
 total_blobs=7093 nmethods=6482 adapters=516
 compilation: enabled
              stopped_count=0, restarted_count=0
 full_count=0

Compilation events (20 events):
Event: 4.678 Thread 0x00000296da653bf0 nmethod 7236 0x00000296c5277690 code [0x00000296c5277820, 0x00000296c52778f8]
Event: 4.679 Thread 0x00000296da653bf0 7237       1       org.jetbrains.kotlin.resolve.calls.model.MutableResolvedCallAtom::getExplicitReceiverKind (5 bytes)
Event: 4.679 Thread 0x00000296da653bf0 nmethod 7237 0x00000296c5277990 code [0x00000296c5277b20, 0x00000296c5277bf8]
Event: 4.679 Thread 0x00000296da653bf0 7238       3       org.jetbrains.kotlin.descriptors.annotations.AnnotationSplitter$LazySplitAnnotations::iterator (10 bytes)
Event: 4.680 Thread 0x00000296da215d60 7239       3       org.jetbrains.kotlin.resolve.DelegatingBindingTrace::get (29 bytes)
Event: 4.680 Thread 0x00000296da0c7100 7240       3       org.jetbrains.kotlin.resolve.DelegatingBindingTrace::selfGet (82 bytes)
Event: 4.680 Thread 0x00000296da653bf0 nmethod 7238 0x00000296be279110 code [0x00000296be2793e0, 0x00000296be27a1b8]
Event: 4.680 Thread 0x00000296da215d60 nmethod 7239 0x00000296be27a690 code [0x00000296be27a8c0, 0x00000296be27aff8]
Event: 4.681 Thread 0x00000296da0c7100 nmethod 7240 0x00000296be27b290 code [0x00000296be27b500, 0x00000296be27bf78]
Event: 4.681 Thread 0x00000296dccb4300 nmethod 7163 0x00000296c5277c90 code [0x00000296c5277f00, 0x00000296c52792f8]
Event: 4.681 Thread 0x00000296dccb4300 7232       4       org.jetbrains.kotlin.com.intellij.extapi.psi.StubBasedPsiElementBase::getStub (14 bytes)
Event: 4.681 Thread 0x00000296da215d60 7241       3       org.jetbrains.kotlin.resolve.calls.tower.PSIKotlinCallsKt::getPsiKotlinCall (72 bytes)
Event: 4.681 Thread 0x00000296da215d60 nmethod 7241 0x00000296be27c310 code [0x00000296be27c520, 0x00000296be27ccb8]
Event: 4.683 Thread 0x00000296da215d60 7242       3       org.jetbrains.kotlin.descriptors.impl.LazyClassReceiverParameterDescriptor::getValue (13 bytes)
Event: 4.684 Thread 0x00000296da215d60 nmethod 7242 0x00000296be27cf10 code [0x00000296be27d0c0, 0x00000296be27d248]
Event: 4.684 Thread 0x00000296da215d60 7243       3       java.lang.ref.ReferenceQueue::<init> (21 bytes)
Event: 4.684 Thread 0x00000296da0c7100 7244       3       java.lang.ref.ReferenceQueue$Lock::<init> (5 bytes)
Event: 4.684 Thread 0x00000296da0c7100 nmethod 7244 0x00000296be27d310 code [0x00000296be27d4a0, 0x00000296be27d5f8]
Event: 4.684 Thread 0x00000296da215d60 nmethod 7243 0x00000296be27d690 code [0x00000296be27d840, 0x00000296be27db38]
Event: 4.685 Thread 0x00000296da0c7100 7245       3       org.jetbrains.kotlin.resolve.DelegatingBindingTrace$MyBindingContext::get (16 bytes)

GC Heap History (20 events):
Event: 0.968 GC heap before
{Heap before GC invocations=1 (full 0):
 garbage-first heap   total 262144K, used 41445K [0x0000000700e00000, 0x0000000800000000)
  region size 2048K, 20 young (40960K), 2 survivors (4096K)
 Metaspace       used 21354K, committed 21504K, reserved 1073152K
  class space    used 2356K, committed 2432K, reserved 1048576K
}
Event: 0.972 GC heap after
{Heap after GC invocations=2 (full 0):
 garbage-first heap   total 262144K, used 8333K [0x0000000700e00000, 0x0000000800000000)
  region size 2048K, 3 young (6144K), 3 survivors (6144K)
 Metaspace       used 21354K, committed 21504K, reserved 1073152K
  class space    used 2356K, committed 2432K, reserved 1048576K
}
Event: 1.246 GC heap before
{Heap before GC invocations=3 (full 0):
 garbage-first heap   total 40960K, used 28813K [0x0000000700e00000, 0x0000000800000000)
  region size 2048K, 14 young (28672K), 3 survivors (6144K)
 Metaspace       used 27438K, committed 27712K, reserved 1081344K
  class space    used 3118K, committed 3264K, reserved 1048576K
}
Event: 1.251 GC heap after
{Heap after GC invocations=4 (full 0):
 garbage-first heap   total 40960K, used 9283K [0x0000000700e00000, 0x0000000800000000)
  region size 2048K, 3 young (6144K), 3 survivors (6144K)
 Metaspace       used 27438K, committed 27712K, reserved 1081344K
  class space    used 3118K, committed 3264K, reserved 1048576K
}
Event: 1.454 GC heap before
{Heap before GC invocations=4 (full 0):
 garbage-first heap   total 40960K, used 27715K [0x0000000700e00000, 0x0000000800000000)
  region size 2048K, 12 young (24576K), 3 survivors (6144K)
 Metaspace       used 30314K, committed 30528K, reserved 1081344K
  class space    used 3757K, committed 3840K, reserved 1048576K
}
Event: 1.461 GC heap after
{Heap after GC invocations=5 (full 0):
 garbage-first heap   total 40960K, used 15185K [0x0000000700e00000, 0x0000000800000000)
  region size 2048K, 2 young (4096K), 2 survivors (4096K)
 Metaspace       used 30314K, committed 30528K, reserved 1081344K
  class space    used 3757K, committed 3840K, reserved 1048576K
}
Event: 1.699 GC heap before
{Heap before GC invocations=5 (full 0):
 garbage-first heap   total 40960K, used 27473K [0x0000000700e00000, 0x0000000800000000)
  region size 2048K, 9 young (18432K), 2 survivors (4096K)
 Metaspace       used 34561K, committed 34752K, reserved 1081344K
  class space    used 4439K, committed 4544K, reserved 1048576K
}
Event: 1.705 GC heap after
{Heap after GC invocations=6 (full 0):
 garbage-first heap   total 40960K, used 16716K [0x0000000700e00000, 0x0000000800000000)
  region size 2048K, 1 young (2048K), 1 survivors (2048K)
 Metaspace       used 34561K, committed 34752K, reserved 1081344K
  class space    used 4439K, committed 4544K, reserved 1048576K
}
Event: 1.784 GC heap before
{Heap before GC invocations=6 (full 0):
 garbage-first heap   total 40960K, used 22860K [0x0000000700e00000, 0x0000000800000000)
  region size 2048K, 5 young (10240K), 1 survivors (2048K)
 Metaspace       used 35723K, committed 35968K, reserved 1081344K
  class space    used 4560K, committed 4672K, reserved 1048576K
}
Event: 1.788 GC heap after
{Heap after GC invocations=7 (full 0):
 garbage-first heap   total 40960K, used 16157K [0x0000000700e00000, 0x0000000800000000)
  region size 2048K, 1 young (2048K), 1 survivors (2048K)
 Metaspace       used 35723K, committed 35968K, reserved 1081344K
  class space    used 4560K, committed 4672K, reserved 1048576K
}
Event: 1.924 GC heap before
{Heap before GC invocations=8 (full 0):
 garbage-first heap   total 40960K, used 26397K [0x0000000700e00000, 0x0000000800000000)
  region size 2048K, 7 young (14336K), 1 survivors (2048K)
 Metaspace       used 38063K, committed 38272K, reserved 1089536K
  class space    used 4837K, committed 4928K, reserved 1048576K
}
Event: 1.928 GC heap after
{Heap after GC invocations=9 (full 0):
 garbage-first heap   total 40960K, used 17767K [0x0000000700e00000, 0x0000000800000000)
  region size 2048K, 1 young (2048K), 1 survivors (2048K)
 Metaspace       used 38063K, committed 38272K, reserved 1089536K
  class space    used 4837K, committed 4928K, reserved 1048576K
}
Event: 1.949 GC heap before
{Heap before GC invocations=9 (full 0):
 garbage-first heap   total 40960K, used 19815K [0x0000000700e00000, 0x0000000800000000)
  region size 2048K, 2 young (4096K), 1 survivors (2048K)
 Metaspace       used 38443K, committed 38656K, reserved 1089536K
  class space    used 4868K, committed 4928K, reserved 1048576K
}
Event: 1.955 GC heap after
{Heap after GC invocations=10 (full 0):
 garbage-first heap   total 151552K, used 18065K [0x0000000700e00000, 0x0000000800000000)
  region size 2048K, 1 young (2048K), 1 survivors (2048K)
 Metaspace       used 38443K, committed 38656K, reserved 1089536K
  class space    used 4868K, committed 4928K, reserved 1048576K
}
Event: 2.814 GC heap before
{Heap before GC invocations=10 (full 0):
 garbage-first heap   total 151552K, used 97937K [0x0000000700e00000, 0x0000000800000000)
  region size 2048K, 39 young (79872K), 1 survivors (2048K)
 Metaspace       used 48812K, committed 49088K, reserved 1097728K
  class space    used 5920K, committed 6080K, reserved 1048576K
}
Event: 2.824 GC heap after
{Heap after GC invocations=11 (full 0):
 garbage-first heap   total 151552K, used 27615K [0x0000000700e00000, 0x0000000800000000)
  region size 2048K, 4 young (8192K), 4 survivors (8192K)
 Metaspace       used 48812K, committed 49088K, reserved 1097728K
  class space    used 5920K, committed 6080K, reserved 1048576K
}
Event: 3.977 GC heap before
{Heap before GC invocations=11 (full 0):
 garbage-first heap   total 151552K, used 101343K [0x0000000700e00000, 0x0000000800000000)
  region size 2048K, 40 young (81920K), 4 survivors (8192K)
 Metaspace       used 57845K, committed 58112K, reserved 1105920K
  class space    used 6919K, committed 7040K, reserved 1048576K
}
Event: 3.995 GC heap after
{Heap after GC invocations=12 (full 0):
 garbage-first heap   total 151552K, used 38494K [0x0000000700e00000, 0x0000000800000000)
  region size 2048K, 5 young (10240K), 5 survivors (10240K)
 Metaspace       used 57845K, committed 58112K, reserved 1105920K
  class space    used 6919K, committed 7040K, reserved 1048576K
}
Event: 4.335 GC heap before
{Heap before GC invocations=12 (full 0):
 garbage-first heap   total 151552K, used 58974K [0x0000000700e00000, 0x0000000800000000)
  region size 2048K, 16 young (32768K), 5 survivors (10240K)
 Metaspace       used 59886K, committed 60160K, reserved 1105920K
  class space    used 7229K, committed 7360K, reserved 1048576K
}
Event: 4.350 GC heap after
{Heap after GC invocations=13 (full 0):
 garbage-first heap   total 151552K, used 42149K [0x0000000700e00000, 0x0000000800000000)
  region size 2048K, 2 young (4096K), 2 survivors (4096K)
 Metaspace       used 59886K, committed 60160K, reserved 1105920K
  class space    used 7229K, committed 7360K, reserved 1048576K
}

Dll operation events (2 events):
Event: 0.005 Loaded shared library D:\android\jbr\bin\java.dll
Event: 1.208 Loaded shared library D:\android\jbr\bin\verify.dll

Deoptimization events (20 events):
Event: 4.605 Thread 0x00000296b9e62ce0 Uncommon trap: trap_request=0xffffffc6 fr.pc=0x00000296c524a7c4 relative=0x00000000000042c4
Event: 4.605 Thread 0x00000296b9e62ce0 Uncommon trap: reason=bimorphic_or_optimized_type_check action=maybe_recompile pc=0x00000296c524a7c4 method=org.jetbrains.kotlin.resolve.lazy.ForceResolveUtil.doForceResolveAllContents(Ljava/lang/Object;)V @ 55 c2
Event: 4.605 Thread 0x00000296b9e62ce0 DEOPT PACKING pc=0x00000296c524a7c4 sp=0x0000009a670fdfd0
Event: 4.605 Thread 0x00000296b9e62ce0 DEOPT UNPACKING pc=0x00000296c47d69a3 sp=0x0000009a670fdfd8 mode 2
Event: 4.606 Thread 0x00000296b9e62ce0 Uncommon trap: trap_request=0xffffffc6 fr.pc=0x00000296c524a7c4 relative=0x00000000000042c4
Event: 4.606 Thread 0x00000296b9e62ce0 Uncommon trap: reason=bimorphic_or_optimized_type_check action=maybe_recompile pc=0x00000296c524a7c4 method=org.jetbrains.kotlin.resolve.lazy.ForceResolveUtil.doForceResolveAllContents(Ljava/lang/Object;)V @ 55 c2
Event: 4.606 Thread 0x00000296b9e62ce0 DEOPT PACKING pc=0x00000296c524a7c4 sp=0x0000009a670fdf70
Event: 4.606 Thread 0x00000296b9e62ce0 DEOPT UNPACKING pc=0x00000296c47d69a3 sp=0x0000009a670fdf78 mode 2
Event: 4.606 Thread 0x00000296b9e62ce0 Uncommon trap: trap_request=0xffffffc6 fr.pc=0x00000296c524a7c4 relative=0x00000000000042c4
Event: 4.606 Thread 0x00000296b9e62ce0 Uncommon trap: reason=bimorphic_or_optimized_type_check action=maybe_recompile pc=0x00000296c524a7c4 method=org.jetbrains.kotlin.resolve.lazy.ForceResolveUtil.doForceResolveAllContents(Ljava/lang/Object;)V @ 55 c2
Event: 4.606 Thread 0x00000296b9e62ce0 DEOPT PACKING pc=0x00000296c524a7c4 sp=0x0000009a670fdf70
Event: 4.606 Thread 0x00000296b9e62ce0 DEOPT UNPACKING pc=0x00000296c47d69a3 sp=0x0000009a670fdf78 mode 2
Event: 4.618 Thread 0x00000296b9e62ce0 Uncommon trap: trap_request=0xffffff76 fr.pc=0x00000296c522df2c relative=0x0000000000003acc
Event: 4.618 Thread 0x00000296b9e62ce0 Uncommon trap: reason=predicate action=maybe_recompile pc=0x00000296c522df2c method=org.jetbrains.kotlin.resolve.lazy.ForceResolveUtil.forceResolveAllContents(Lorg/jetbrains/kotlin/descriptors/annotations/Annotations;)V @ 25 c2
Event: 4.618 Thread 0x00000296b9e62ce0 DEOPT PACKING pc=0x00000296c522df2c sp=0x0000009a670fdec0
Event: 4.618 Thread 0x00000296b9e62ce0 DEOPT UNPACKING pc=0x00000296c47d69a3 sp=0x0000009a670fdf00 mode 2
Event: 4.677 Thread 0x00000296b9e62ce0 Uncommon trap: trap_request=0xffffffc6 fr.pc=0x00000296c51bdb0c relative=0x000000000000026c
Event: 4.677 Thread 0x00000296b9e62ce0 Uncommon trap: reason=bimorphic_or_optimized_type_check action=maybe_recompile pc=0x00000296c51bdb0c method=kotlin.sequences.FlatteningSequence$iterator$1.<init>(Lkotlin/sequences/FlatteningSequence;)V @ 14 c2
Event: 4.677 Thread 0x00000296b9e62ce0 DEOPT PACKING pc=0x00000296c51bdb0c sp=0x0000009a670fb760
Event: 4.677 Thread 0x00000296b9e62ce0 DEOPT UNPACKING pc=0x00000296c47d69a3 sp=0x0000009a670fb6a0 mode 2

Classes unloaded (0 events):
No events

Classes redefined (0 events):
No events

Internal exceptions (20 events):
Event: 2.845 Thread 0x00000296b9e62ce0 Exception <a 'java/lang/NoSuchMethodError'{0x0000000710c975f8}: 'java.lang.Object java.lang.invoke.DirectMethodHandle$Holder.newInvokeSpecial(java.lang.Object, java.lang.Object, java.lang.Object, java.lang.Object, java.lang.Object, java.lang.Object)'> (0x0000000710c975f8) 
thrown [s\src\hotspot\share\interpreter\linkResolver.cpp, line 771]
Event: 3.061 Thread 0x00000296b9e62ce0 Exception <a 'java/lang/NoSuchMethodError'{0x000000070949ad58}: 'java.lang.Object java.lang.invoke.DirectMethodHandle$Holder.newInvokeSpecial(java.lang.Object, java.lang.Object, java.lang.Object, java.lang.Object, java.lang.Object, java.lang.Object, java.lang.Object, java.lang.Object)'> (0x000000070949ad58) 
thrown [s\src\hotspot\share\interpreter\linkResolver.cpp, line 771]
Event: 3.062 Thread 0x00000296b9e62ce0 Exception <a 'java/lang/NoSuchMethodError'{0x00000007094a0370}: 'java.lang.Object java.lang.invoke.DirectMethodHandle$Holder.invokeSpecial(java.lang.Object, java.lang.Object, java.lang.Object, java.lang.Object, java.lang.Object, java.lang.Object, java.lang.Object, java.lang.Object, java.lang.Object)'> (0x00000007094a0370) 
thrown [s\src\hotspot\share\interpreter\linkResolver.cpp, line 771]
Event: 3.062 Thread 0x00000296b9e62ce0 Exception <a 'java/lang/NoSuchMethodError'{0x00000007094a52a0}: 'java.lang.Object java.lang.invoke.Invokers$Holder.linkToTargetMethod(java.lang.Object, java.lang.Object, java.lang.Object, java.lang.Object, java.lang.Object, java.lang.Object, java.lang.Object, java.lang.Object)'> (0x00000007094a52a0) 
thrown [s\src\hotspot\share\interpreter\linkResolver.cpp, line 771]
Event: 3.106 Thread 0x00000296b9e62ce0 Implicit null exception at 0x00000296c511e23d to 0x00000296c511e96c
Event: 3.106 Thread 0x00000296b9e62ce0 Implicit null exception at 0x00000296c511de8f to 0x00000296c511dec0
Event: 3.165 Thread 0x00000296b9e62ce0 Exception <a 'java/lang/NoSuchMethodError'{0x00000007091e78a0}: 'java.lang.Object java.lang.invoke.DirectMethodHandle$Holder.invokeStatic(java.lang.Object, java.lang.Object, java.lang.Object, java.lang.Object, int)'> (0x00000007091e78a0) 
thrown [s\src\hotspot\share\interpreter\linkResolver.cpp, line 771]
Event: 3.165 Thread 0x00000296b9e62ce0 Exception <a 'java/lang/NoSuchMethodError'{0x00000007091f11e8}: 'java.lang.Object java.lang.invoke.DirectMethodHandle$Holder.newInvokeSpecial(java.lang.Object, java.lang.Object, java.lang.Object, java.lang.Object, int)'> (0x00000007091f11e8) 
thrown [s\src\hotspot\share\interpreter\linkResolver.cpp, line 771]
Event: 3.166 Thread 0x00000296b9e62ce0 Exception <a 'java/lang/NoSuchMethodError'{0x00000007091f92b8}: 'java.lang.Object java.lang.invoke.Invokers$Holder.linkToTargetMethod(java.lang.Object, java.lang.Object, java.lang.Object, int, java.lang.Object)'> (0x00000007091f92b8) 
thrown [s\src\hotspot\share\interpreter\linkResolver.cpp, line 771]
Event: 3.422 Thread 0x00000296b9e62ce0 Exception <a 'java/lang/NoSuchMethodError'{0x00000007081536d8}: 'java.lang.Object java.lang.invoke.DirectMethodHandle$Holder.invokeStaticInit(java.lang.Object, java.lang.Object, java.lang.Object)'> (0x00000007081536d8) 
thrown [s\src\hotspot\share\interpreter\linkResolver.cpp, line 771]
Event: 3.757 Thread 0x00000296b9e62ce0 Implicit null exception at 0x00000296c4f1a694 to 0x00000296c4f1a8b4
Event: 3.757 Thread 0x00000296b9e62ce0 Implicit null exception at 0x00000296c4f25f8f to 0x00000296c4f26009
Event: 3.842 Thread 0x00000296b9e62ce0 Exception <a 'java/lang/NoSuchMethodError'{0x00000007062b34e0}: 'java.lang.Object java.lang.invoke.DirectMethodHandle$Holder.newInvokeSpecial(java.lang.Object, int, java.lang.Object)'> (0x00000007062b34e0) 
thrown [s\src\hotspot\share\interpreter\linkResolver.cpp, line 771]
Event: 3.843 Thread 0x00000296b9e62ce0 Exception <a 'java/lang/NoSuchMethodError'{0x00000007062b9ab0}: 'int java.lang.invoke.DirectMethodHandle$Holder.invokeInterface(java.lang.Object, java.lang.Object)'> (0x00000007062b9ab0) 
thrown [s\src\hotspot\share\interpreter\linkResolver.cpp, line 771]
Event: 4.110 Thread 0x00000296b9e62ce0 Implicit null exception at 0x00000296c50e9217 to 0x00000296c50e9767
Event: 4.297 Thread 0x00000296b9e62ce0 Exception <a 'java/lang/NoSuchMethodError'{0x0000000708cc2748}: 'void java.lang.invoke.DirectMethodHandle$Holder.invokeSpecial(java.lang.Object, java.lang.Object, int, java.lang.Object)'> (0x0000000708cc2748) 
thrown [s\src\hotspot\share\interpreter\linkResolver.cpp, line 771]
Event: 4.386 Thread 0x00000296b9e62ce0 Exception <a 'java/lang/NoSuchMethodError'{0x0000000710cff758}: 'void java.lang.invoke.DirectMethodHandle$Holder.invokeInterface(java.lang.Object, java.lang.Object)'> (0x0000000710cff758) 
thrown [s\src\hotspot\share\interpreter\linkResolver.cpp, line 771]
Event: 4.471 Thread 0x00000296b9e62ce0 Exception <a 'java/lang/IncompatibleClassChangeError'{0x000000070e5e86f8}: Found class java.lang.Object, but interface was expected> (0x000000070e5e86f8) 
thrown [s\src\hotspot\share\interpreter\linkResolver.cpp, line 838]
Event: 4.506 Thread 0x00000296b9e62ce0 Exception <a 'java/lang/NoSuchMethodError'{0x000000070e379f70}: 'int java.lang.invoke.DirectMethodHandle$Holder.invokeStaticInit(java.lang.Object, int)'> (0x000000070e379f70) 
thrown [s\src\hotspot\share\interpreter\linkResolver.cpp, line 771]
Event: 4.554 Thread 0x00000296b9e62ce0 Exception <a 'java/lang/NoSuchMethodError'{0x000000070e0d7100}: 'java.lang.Object java.lang.invoke.DirectMethodHandle$Holder.newInvokeSpecial(java.lang.Object, int, java.lang.Object, java.lang.Object)'> (0x000000070e0d7100) 
thrown [s\src\hotspot\share\interpreter\linkResolver.cpp, line 771]

VM Operations (20 events):
Event: 4.359 Executing VM operation: HandshakeAllThreads
Event: 4.360 Executing VM operation: HandshakeAllThreads done
Event: 4.373 Executing VM operation: G1Concurrent
Event: 4.378 Executing VM operation: G1Concurrent done
Event: 4.380 Executing VM operation: HandshakeAllThreads
Event: 4.380 Executing VM operation: HandshakeAllThreads done
Event: 4.389 Executing VM operation: G1Concurrent
Event: 4.390 Executing VM operation: G1Concurrent done
Event: 4.399 Executing VM operation: HandshakeAllThreads
Event: 4.399 Executing VM operation: HandshakeAllThreads done
Event: 4.445 Executing VM operation: HandshakeAllThreads
Event: 4.445 Executing VM operation: HandshakeAllThreads done
Event: 4.511 Executing VM operation: HandshakeAllThreads
Event: 4.511 Executing VM operation: HandshakeAllThreads done
Event: 4.560 Executing VM operation: HandshakeAllThreads
Event: 4.560 Executing VM operation: HandshakeAllThreads done
Event: 4.576 Executing VM operation: HandshakeAllThreads
Event: 4.576 Executing VM operation: HandshakeAllThreads done
Event: 4.578 Executing VM operation: ICBufferFull
Event: 4.578 Executing VM operation: ICBufferFull done

Events (20 events):
Event: 4.391 loading class java/util/stream/AbstractSpinedBuffer done
Event: 4.391 loading class java/util/stream/SpinedBuffer done
Event: 4.391 loading class java/util/stream/Nodes$SpinedNodeBuilder done
Event: 4.577 Thread 0x00000296da0cf600 flushing nmethod 0x00000296c5191990
Event: 4.579 Thread 0x00000296da0cf600 flushing nmethod 0x00000296bd5abc10
Event: 4.584 Thread 0x00000296da0cf600 flushing nmethod 0x00000296bdba7e90
Event: 4.586 Thread 0x00000296da0cf600 flushing nmethod 0x00000296bde17b10
Event: 4.586 Thread 0x00000296da0cf600 flushing nmethod 0x00000296bde3fb10
Event: 4.586 Thread 0x00000296da0cf600 flushing nmethod 0x00000296bde63a90
Event: 4.586 Thread 0x00000296da0cf600 flushing nmethod 0x00000296bde65c10
Event: 4.587 Thread 0x00000296da0cf600 flushing nmethod 0x00000296bdec1c10
Event: 4.588 Thread 0x00000296da0cf600 flushing nmethod 0x00000296bdf67590
Event: 4.588 Thread 0x00000296da0cf600 flushing nmethod 0x00000296bdf7b310
Event: 4.590 Thread 0x00000296da0cf600 flushing nmethod 0x00000296be104010
Event: 4.601 loading class java/util/regex/Pattern$Bound
Event: 4.601 loading class java/util/regex/Pattern$Bound done
Event: 4.601 loading class java/util/regex/Pattern$LookBehindEndNode
Event: 4.601 loading class java/util/regex/Pattern$LookBehindEndNode done
Event: 4.601 loading class java/util/regex/Pattern$NotBehind
Event: 4.602 loading class java/util/regex/Pattern$NotBehind done


Dynamic libraries:
0x00007ff7d35a0000 - 0x00007ff7d35aa000 	D:\android\jbr\bin\java.exe
0x00007ff8a4670000 - 0x00007ff8a4868000 	C:\windows\SYSTEM32\ntdll.dll
0x00007ff8a3c00000 - 0x00007ff8a3cbd000 	C:\windows\System32\KERNEL32.DLL
0x00007ff8a2010000 - 0x00007ff8a2306000 	C:\windows\System32\KERNELBASE.dll
0x00007ff8a25c0000 - 0x00007ff8a26c0000 	C:\windows\System32\ucrtbase.dll
0x00007ff887900000 - 0x00007ff88791b000 	D:\android\jbr\bin\VCRUNTIME140.dll
0x00007ff8780e0000 - 0x00007ff8780f7000 	D:\android\jbr\bin\jli.dll
0x00007ff8a31d0000 - 0x00007ff8a336e000 	C:\windows\System32\USER32.dll
0x00007ff88afa0000 - 0x00007ff88b23a000 	C:\windows\WinSxS\amd64_microsoft.windows.common-controls_6595b64144ccf1df_6.0.19041.3636_none_60b6a03d71f818d5\COMCTL32.dll
0x00007ff8a2590000 - 0x00007ff8a25b2000 	C:\windows\System32\win32u.dll
0x00007ff8a3cc0000 - 0x00007ff8a3cec000 	C:\windows\System32\GDI32.dll
0x00007ff8a4300000 - 0x00007ff8a439e000 	C:\windows\System32\msvcrt.dll
0x00007ff8a2470000 - 0x00007ff8a258a000 	C:\windows\System32\gdi32full.dll
0x00007ff8a2360000 - 0x00007ff8a23fd000 	C:\windows\System32\msvcp_win.dll
0x00007ff8a3130000 - 0x00007ff8a3160000 	C:\windows\System32\IMM32.DLL
0x00007ff88bd20000 - 0x00007ff88bd2c000 	D:\android\jbr\bin\vcruntime140_1.dll
0x00007ff881c40000 - 0x00007ff881ccd000 	D:\android\jbr\bin\msvcp140.dll
0x00007ff838be0000 - 0x00007ff83984e000 	D:\android\jbr\bin\server\jvm.dll
0x00007ff8a43a0000 - 0x00007ff8a4453000 	C:\windows\System32\ADVAPI32.dll
0x00007ff8a3cf0000 - 0x00007ff8a3d8f000 	C:\windows\System32\sechost.dll
0x00007ff8a26e0000 - 0x00007ff8a2806000 	C:\windows\System32\RPCRT4.dll
0x00007ff8a1d40000 - 0x00007ff8a1d67000 	C:\windows\System32\bcrypt.dll
0x00007ff8986b0000 - 0x00007ff8986d7000 	C:\windows\SYSTEM32\WINMM.dll
0x00007ff891450000 - 0x00007ff891459000 	C:\windows\SYSTEM32\WSOCK32.dll
0x00007ff89cbe0000 - 0x00007ff89cbea000 	C:\windows\SYSTEM32\VERSION.dll
0x00007ff8a4530000 - 0x00007ff8a459b000 	C:\windows\System32\WS2_32.dll
0x00007ff89fc10000 - 0x00007ff89fc22000 	C:\windows\SYSTEM32\kernel.appcore.dll
0x00007ff89bc80000 - 0x00007ff89bc8a000 	D:\android\jbr\bin\jimage.dll
0x00007ff89b860000 - 0x00007ff89ba44000 	C:\windows\SYSTEM32\DBGHELP.DLL
0x00007ff89bbc0000 - 0x00007ff89bbf4000 	C:\windows\SYSTEM32\dbgcore.DLL
0x00007ff8a1d70000 - 0x00007ff8a1df2000 	C:\windows\System32\bcryptPrimitives.dll
0x00007ff87b7d0000 - 0x00007ff87b7f5000 	D:\android\jbr\bin\java.dll
0x00007ff88b870000 - 0x00007ff88b888000 	D:\android\jbr\bin\zip.dll
0x00007ff8a2810000 - 0x00007ff8a2f55000 	C:\windows\System32\SHELL32.dll
0x00007ff89fe10000 - 0x00007ff8a05ab000 	C:\windows\SYSTEM32\windows.storage.dll
0x00007ff8a3fa0000 - 0x00007ff8a42f4000 	C:\windows\System32\combase.dll
0x00007ff8a1770000 - 0x00007ff8a179d000 	C:\windows\SYSTEM32\Wldp.dll
0x00007ff8a3550000 - 0x00007ff8a35fd000 	C:\windows\System32\SHCORE.dll
0x00007ff8a3170000 - 0x00007ff8a31c5000 	C:\windows\System32\shlwapi.dll
0x00007ff8a1c70000 - 0x00007ff8a1c95000 	C:\windows\SYSTEM32\profapi.dll
0x00007ff8819f0000 - 0x00007ff881a09000 	D:\android\jbr\bin\net.dll
0x00007ff89bef0000 - 0x00007ff89bffa000 	C:\windows\SYSTEM32\WINHTTP.dll
0x00007ff8a1460000 - 0x00007ff8a14ca000 	C:\windows\system32\mswsock.dll
0x00007ff87caa0000 - 0x00007ff87cab6000 	D:\android\jbr\bin\nio.dll
0x00007ff89a8d0000 - 0x00007ff89a8e0000 	D:\android\jbr\bin\verify.dll

dbghelp: loaded successfully - version: 4.0.5 - missing functions: none
symbol engine: initialized successfully - sym options: 0x614 - pdb path: .;D:\android\jbr\bin;C:\windows\SYSTEM32;C:\windows\WinSxS\amd64_microsoft.windows.common-controls_6595b64144ccf1df_6.0.19041.3636_none_60b6a03d71f818d5;D:\android\jbr\bin\server

VM Arguments:
java_command: org.jetbrains.kotlin.cli.jvm.K2JVMCompiler @D:\ProgramacionMultimedia\SuperHeroRoom\app\build\20240219_9924379941131649608.compiler.options
java_class_path (initial): C:\Users\Alumno\.gradle\caches\modules-2\files-2.1\org.jetbrains.kotlin\kotlin-compiler-embeddable\1.9.0\2c8c3a7402becca891f12739b3e9fd2dc2adbd7a\kotlin-compiler-embeddable-1.9.0.jar;C:\Users\Alumno\.gradle\caches\modules-2\files-2.1\org.jetbrains.kotlin\kotlin-stdlib\1.9.0\8ee15ef0c67dc83d874f412d84378d7f0eb50b63\kotlin-stdlib-1.9.0.jar;C:\Users\Alumno\.gradle\caches\modules-2\files-2.1\org.jetbrains.kotlin\kotlin-script-runtime\1.9.0\4b3102cbbb7e1b58d9d1adf89563f00069ffa7d1\kotlin-script-runtime-1.9.0.jar;C:\Users\Alumno\.gradle\caches\modules-2\files-2.1\org.jetbrains.kotlin\kotlin-reflect\1.6.10\1cbe9c92c12a94eea200d23c2bbaedaf3daf5132\kotlin-reflect-1.6.10.jar;C:\Users\Alumno\.gradle\caches\modules-2\files-2.1\org.jetbrains.kotlin\kotlin-daemon-embeddable\1.9.0\186543f5e28cf8d9a0290fecc2cf34301c40a65c\kotlin-daemon-embeddable-1.9.0.jar;C:\Users\Alumno\.gradle\caches\modules-2\files-2.1\org.jetbrains.intellij.deps\trove4j\1.0.20200330\3afb14d5f9ceb459d724e907a21145e8ff394f02\trove4j-1.0.20200330.jar;C:\Users\Alumno\.gradle\caches\modules-2\files-2.1\org.jetbrains.kotlin\kotlin-stdlib-common\1.9.0\cd65c21cfd1eec4d44ef09f9f52b6d9f8a720636\kotlin-stdlib-common-1.9.0.jar;C:\Users\Alumno\.gradle\caches\modules-2\files-2.1\org.jetbrains\annotations\13.0\919f0dfe192fb4e063e7dacadee7f8bb9a2672a9\annotations-13.0.jar
Launcher Type: SUN_STANDARD

[Global flags]
     intx CICompilerCount                          = 12                                        {product} {ergonomic}
     uint ConcGCThreads                            = 3                                         {product} {ergonomic}
     uint G1ConcRefinementThreads                  = 13                                        {product} {ergonomic}
   size_t G1HeapRegionSize                         = 2097152                                   {product} {ergonomic}
    uintx GCDrainStackTargetSize                   = 64                                        {product} {ergonomic}
   size_t InitialHeapSize                          = 268435456                                 {product} {ergonomic}
   size_t MarkStackSize                            = 4194304                                   {product} {ergonomic}
   size_t MaxHeapSize                              = 4280287232                                {product} {ergonomic}
   size_t MaxNewSize                               = 2566914048                                {product} {ergonomic}
   size_t MinHeapDeltaBytes                        = 2097152                                   {product} {ergonomic}
   size_t MinHeapSize                              = 8388608                                   {product} {ergonomic}
    uintx NonNMethodCodeHeapSize                   = 7602480                                {pd product} {ergonomic}
    uintx NonProfiledCodeHeapSize                  = 122027880                              {pd product} {ergonomic}
    uintx ProfiledCodeHeapSize                     = 122027880                              {pd product} {ergonomic}
    uintx ReservedCodeCacheSize                    = 251658240                              {pd product} {ergonomic}
     bool SegmentedCodeCache                       = true                                      {product} {ergonomic}
   size_t SoftMaxHeapSize                          = 4280287232                             {manageable} {ergonomic}
     bool UseCompressedClassPointers               = true                           {product lp64_product} {ergonomic}
     bool UseCompressedOops                        = true                           {product lp64_product} {ergonomic}
     bool UseG1GC                                  = true                                      {product} {ergonomic}
     bool UseLargePagesIndividualAllocation        = false                                  {pd product} {ergonomic}

Logging:
Log output configuration:
 #0: stdout all=warning uptime,level,tags
 #1: stderr all=off uptime,level,tags

Environment Variables:
PATH=C:\Program Files\Common Files\Oracle\Java\javapath;C:\windows\system32;C:\windows;C:\windows\System32\Wbem;C:\windows\System32\WindowsPowerShell\v1.0\;C:\windows\System32\OpenSSH\;C:\Program Files\dotnet\;D:\Git\cmd;C:\Program Files\Microsoft SQL Server\150\Tools\Binn\;C:\Program Files\Microsoft SQL Server\Client SDK\ODBC\170\Tools\Binn\;C:\Program Files (x86)\Microsoft SQL Server\160\Tools\Binn\;C:\Program Files\Microsoft SQL Server\160\Tools\Binn\;C:\Program Files\Microsoft SQL Server\160\DTS\Binn\;C:\Program Files (x86)\Microsoft SQL Server\160\DTS\Binn\;C:\Program Files\Azure Data Studio\bin;C:\Users\Alumno\.cargo\bin;C:\Users\Alumno\AppData\Local\Microsoft\WindowsApps;;C:\Users\Alumno\AppData\Local\Programs\Microsoft VS Code\bin;C:\Users\Alumno\.dotnet\tools;C:\Program Files\Azure Data Studio\bin
USERNAME=Alumno
OS=Windows_NT
PROCESSOR_IDENTIFIER=AMD64 Family 23 Model 1 Stepping 1, AuthenticAMD
TMP=C:\Users\Alumno\AppData\Local\Temp
TEMP=C:\Users\Alumno\AppData\Local\Temp


JNI global refs:
JNI global refs: 23, weak refs: 0

JNI global refs memory usage: 843, weak refs: 841


---------------  S Y S T E M  ---------------

OS:
 Windows 10 , 64 bit Build 19041 (10.0.19041.3636)
OS uptime: 0 days 0:55 hours

CPU: total 16 (initial active 16) (16 cores per cpu, 2 threads per core) family 23 model 1 stepping 1 microcode 0x0, cx8, cmov, fxsr, ht, mmx, 3dnowpref, sse, sse2, sse3, ssse3, sse4a, sse4.1, sse4.2, popcnt, lzcnt, tsc, tscinvbit, avx, avx2, aes, clmul, bmi1, bmi2, adx, sha, fma, vzeroupper, clflush, clflushopt

Memory: 4k page, system-wide physical 16320M (3159M free)
TotalPageFile size 16576M (AvailPageFile size 12M)
current process WorkingSet (physical memory assigned to process): 337M, peak: 343M
current process commit charge ("private bytes"): 408M, peak: 414M

vm_info: OpenJDK 64-Bit Server VM (17.0.6+0-b2043.56-10027231) for windows-amd64 JRE (17.0.6+0-b2043.56-10027231), built on Apr 28 2023 00:43:19 by "androidbuild" with MS VC++ 16.10 / 16.11 (VS2019)

END.
